[09:35:31] [INIT] KubeJS 2001.6.5-build.16; MC 2001 forge
[09:35:31] [INIT] Loaded plugins:
[09:35:31] [INIT] - dev.latvian.mods.kubejs.forge.BuiltinKubeJSForgePlugin
[09:35:31] [INIT] - dev.latvian.mods.kubejs.forge.BuiltinKubeJSForgeClientPlugin
[09:35:31] [INIT] - dev.ftb.mods.ftbxmodcompat.ftbquests.kubejs.KubeJSIntegration
[09:35:31] [INIT] - dev.ftb.mods.ftbxmodcompat.ftbteams.kubejs.FTBTeamsKubeJSPlugin
[09:35:31] [INIT] - dev.latvian.mods.kubejs.create.KubeJSCreatePlugin
[09:35:31] [INIT] - net.prizowo.filejs.FilesJSPlugin
[09:35:31] [INIT] - com.almostreliable.lootjs.kube.LootJSPlugin
[09:35:32] [INFO] Loaded script server_scripts:armor.js in 0.002 s
[09:35:32] [INFO] Loaded script server_scripts:bow recipes.js in 0.0 s
[09:35:32] [INFO] Loaded script server_scripts:compass.js in 0.0 s
[09:35:32] [INFO] Loaded script server_scripts:conflicts fix.1.js in 0.001 s
[09:35:32] [INFO] Loaded script server_scripts:conflicts fix.10.js in 0.001 s
[09:35:32] [INFO] Loaded script server_scripts:conflicts fix.2.js in 0.0 s
[09:35:32] [INFO] Loaded script server_scripts:conflicts fix.3.js in 0.0 s
[09:35:32] [INFO] Loaded script server_scripts:conflicts fix.4.js in 0.0 s
[09:35:32] [INFO] Loaded script server_scripts:conflicts fix.5.js in 0.0 s
[09:35:32] [INFO] Loaded script server_scripts:conflicts fix.6.js in 0.0 s
[09:35:32] [INFO] Loaded script server_scripts:conflicts fix.7.js in 0.001 s
[09:35:32] [INFO] Loaded script server_scripts:conflicts fix.8.js in 0.0 s
[09:35:32] [INFO] Loaded script server_scripts:conflicts fix.9.js in 0.0 s
[09:35:32] [INFO] Loaded script server_scripts:copper.js in 0.001 s
[09:35:32] [INFO] Loaded script server_scripts:diamond.js in 0.0 s
[09:35:32] [INFO] Loaded script server_scripts:eeeabmobs.js in 0.0 s
[09:35:32] [INFO] Loaded script server_scripts:furnace.js in 0.0 s
[09:35:32] [INFO] Loaded script server_scripts:loot/nether_structures.js in 0.001 s
[09:35:32] [INFO] Loaded script server_scripts:Realrpg quests fix.js in 0.01 s
[09:35:32] [INFO] Loaded script server_scripts:removed.js in 0.001 s
[09:35:32] [INFO] Loaded script server_scripts:rose gold.js in 0.0 s
[09:35:32] [INFO] Loaded script server_scripts:ruby chandelier.js in 0.0 s
[09:35:32] [INFO] Loaded script server_scripts:smithing templates 2.js in 0.001 s
[09:35:32] [INFO] Loaded script server_scripts:smithing templates.js in 0.0 s
[09:35:32] [INFO] Loaded script server_scripts:starlit fix.js in 0.0 s
[09:35:32] [INFO] Loaded script server_scripts:trim fix.js in 0.0 s
[09:35:32] [INFO] Loaded script server_scripts:waystone fix.js in 0.001 s
[09:35:32] [INFO] Loaded script server_scripts:weapon fix.js in 0.0 s
[09:35:32] [INFO] Loaded 28/28 KubeJS server scripts in 0.027 s with 0 errors and 0 warnings
[09:35:32] [INFO] Scripts loaded
[09:35:32] [INFO] Initializing recipe event...
[09:35:33] [INFO] [minecraft:item] Found 1787 tags, added 0 objects, removed 16 objects
[09:35:33] [INFO] [minecraft:block] Found 1247 tags, added 3 objects, removed 2 objects
[09:35:43] [INFO] Processing recipes...
[09:35:43] [WARN] Failed to parse recipe 'legendary_monsters:ender_hammer[minecraft:crafting_shaped]'! Falling back to vanilla: ItemStack 'result' can't be empty!
[09:35:43] [WARN] Failed to parse recipe 'deeperdarker:resonarium_hoe_smithing[minecraft:smithing_transform]'! Falling back to vanilla: Ingredient 'template' can't be empty!
[09:35:43] [WARN] Failed to parse recipe 'stalwart_dungeons:netherite_hammer_recipe[minecraft:smithing_transform]'! Falling back to vanilla: Ingredient 'template' can't be empty!
[09:35:43] [WARN] Failed to parse recipe 'rainbowreef:milk_bottle_clownfish_cupcake[minecraft:crafting_shapeless]'! Falling back to vanilla: ItemStack 'result' can't be empty!
[09:35:43] [WARN] Failed to parse recipe 'extra_compat:cloggrum_great_axe[minecraft:crafting_shaped]'! Falling back to vanilla: ItemStack 'result' can't be empty!
[09:35:43] [WARN] Failed to parse recipe 'extra_compat:froststeel_hammer[minecraft:crafting_shaped]'! Falling back to vanilla: ItemStack 'result' can't be empty!
[09:35:43] [WARN] Failed to parse recipe 'autumnity:wallpapers/lime_wallpaper_roll[minecraft:crafting_shapeless]'! Falling back to vanilla: ItemStack 'result' can't be empty!
[09:35:43] [WARN] Failed to parse recipe 'cataclysm:stonecutting/azure_seastone_brick_stair_from_stonecutting[minecraft:stonecutting]'! Falling back to vanilla: ItemStack 'result' can't be empty!
[09:35:43] [WARN] Failed to parse recipe 'extra_compat:cloggrum_club[minecraft:crafting_shaped]'! Falling back to vanilla: ItemStack 'result' can't be empty!
[09:35:43] [WARN] Failed to parse recipe 'deeperdarker:resonarium_sword_smithing[minecraft:smithing_transform]'! Falling back to vanilla: Ingredient 'template' can't be empty!
[09:35:43] [WARN] Failed to parse recipe 'autumnity:wallpapers/light_gray_wallpaper_roll[minecraft:crafting_shapeless]'! Falling back to vanilla: ItemStack 'result' can't be empty!
[09:35:43] [WARN] Failed to parse recipe 'deeperdarker:resonarium_helmet_smithing[minecraft:smithing_transform]'! Falling back to vanilla: Ingredient 'template' can't be empty!
[09:35:43] [WARN] Failed to parse recipe 'extra_compat:cooked_chevon_chop[minecraft:smelting]'! Falling back to vanilla: ItemStack 'result' can't be empty!
[09:35:43] [WARN] Failed to parse recipe 'extra_compat:cloggrum_dagger[minecraft:crafting_shaped]'! Falling back to vanilla: ItemStack 'result' can't be empty!
[09:35:43] [WARN] Failed to parse recipe 'extra_compat:tortoise_egg_crate[minecraft:crafting_shaped]'! Falling back to vanilla: ItemStack 'result' can't be empty!
[09:35:43] [WARN] Failed to parse recipe 'stalwart_dungeons:wartedtungstenhelmetrecipe[minecraft:smithing_transform]'! Falling back to vanilla: Ingredient 'template' can't be empty!
[09:35:43] [WARN] Failed to parse recipe 'dungeons_and_combat:light_upgrade_molten_bone_greatsword[minecraft:smithing_transform]'! Falling back to vanilla: ItemStack 'result' can't be empty!
[09:35:43] [WARN] Failed to parse recipe 'autumnity:wallpapers/cyan_wallpaper_roll[minecraft:crafting_shapeless]'! Falling back to vanilla: ItemStack 'result' can't be empty!
[09:35:43] [WARN] Failed to parse recipe 'autumnity:wallpapers/purple_wallpaper_roll[minecraft:crafting_shapeless]'! Falling back to vanilla: ItemStack 'result' can't be empty!
[09:35:43] [WARN] Failed to parse recipe 'extra_compat:forgotten_dagger_smithing[minecraft:smithing_transform]'! Falling back to vanilla: ItemStack 'result' can't be empty!
[09:35:43] [WARN] Failed to parse recipe 'rainbowreef:milk_bottle_goby_gummy[minecraft:crafting_shapeless]'! Falling back to vanilla: ItemStack 'result' can't be empty!
[09:35:43] [WARN] Failed to parse recipe 'extra_compat:cloggrum_gloves[minecraft:crafting_shaped]'! Falling back to vanilla: ItemStack 'result' can't be empty!
[09:35:43] [WARN] Failed to parse recipe 'extra_compat:forgotten_hammer_smithing[minecraft:smithing_transform]'! Falling back to vanilla: ItemStack 'result' can't be empty!
[09:35:43] [WARN] Failed to parse recipe 'supplementaries:twigs/clean_flowered_paper_lanterns[minecraft:crafting_shapeless]'! Falling back to vanilla: ItemStack 'result' can't be empty!
[09:35:43] [WARN] Failed to parse recipe 'autumnity:wallpapers/orange_wallpaper_roll[minecraft:crafting_shapeless]'! Falling back to vanilla: ItemStack 'result' can't be empty!
[09:35:43] [WARN] Failed to parse recipe 'extra_compat:cloggrum_quarterstaff[minecraft:crafting_shaped]'! Falling back to vanilla: ItemStack 'result' can't be empty!
[09:35:43] [WARN] Failed to parse recipe 'exlinecopperequipment:copper_hammer_recipe[minecraft:crafting_shaped]'! Falling back to vanilla: ItemStack 'result' can't be empty!
[09:35:43] [WARN] Failed to parse recipe 'extra_compat:forgotten_quarterstaff_smithing[minecraft:smithing_transform]'! Falling back to vanilla: ItemStack 'result' can't be empty!
[09:35:43] [WARN] Failed to parse recipe 'autumnity:wallpapers/white_wallpaper_roll[minecraft:crafting_shapeless]'! Falling back to vanilla: ItemStack 'result' can't be empty!
[09:35:43] [WARN] Failed to parse recipe 'celestisynth:celestial_spellbook[minecraft:crafting_shaped]'! Falling back to vanilla: ItemStack 'result' can't be empty!
[09:35:43] [WARN] Failed to parse recipe 'extra_compat:utherium_hammer[minecraft:crafting_shaped]'! Falling back to vanilla: ItemStack 'result' can't be empty!
[09:35:43] [WARN] Failed to parse recipe 'stalwart_dungeons:wartedtungstenchestplaterecipe[minecraft:smithing_transform]'! Falling back to vanilla: Ingredient 'template' can't be empty!
[09:35:43] [WARN] Failed to parse recipe 'extra_compat:froststeel_spear[minecraft:crafting_shaped]'! Falling back to vanilla: ItemStack 'result' can't be empty!
[09:35:43] [WARN] Failed to parse recipe 'stalwart_dungeons:wartedtungstenleggingsrecipe[minecraft:smithing_transform]'! Falling back to vanilla: Ingredient 'template' can't be empty!
[09:35:43] [WARN] Failed to parse recipe 'extra_compat:cooked_chevon_chop_from_smoking[minecraft:smoking]'! Falling back to vanilla: ItemStack 'result' can't be empty!
[09:35:43] [WARN] Failed to parse recipe 'extra_compat:froststeel_club[minecraft:crafting_shaped]'! Falling back to vanilla: ItemStack 'result' can't be empty!
[09:35:43] [WARN] Failed to parse recipe 'extra_compat:utherium_great_sword[minecraft:crafting_shaped]'! Falling back to vanilla: ItemStack 'result' can't be empty!
[09:35:43] [WARN] Failed to parse recipe 'extra_compat:froststeel_dagger[minecraft:crafting_shaped]'! Falling back to vanilla: ItemStack 'result' can't be empty!
[09:35:43] [WARN] Failed to parse recipe 'autumnity:wallpapers/yellow_wallpaper_roll[minecraft:crafting_shapeless]'! Falling back to vanilla: ItemStack 'result' can't be empty!
[09:35:43] [WARN] Failed to parse recipe 'incendium:upgrade_elytra[minecraft:smithing_transform]'! Falling back to vanilla: Ingredient 'template' can't be empty!
[09:35:43] [WARN] Failed to parse recipe 'extra_compat:forgotten_great_sword_smithing[minecraft:smithing_transform]'! Falling back to vanilla: ItemStack 'result' can't be empty!
[09:35:43] [WARN] Failed to parse recipe 'extra_compat:utherium_great_axe[minecraft:crafting_shaped]'! Falling back to vanilla: ItemStack 'result' can't be empty!
[09:35:43] [WARN] Failed to parse recipe 'extra_compat:utherium_club[minecraft:crafting_shaped]'! Falling back to vanilla: ItemStack 'result' can't be empty!
[09:35:43] [WARN] Failed to parse recipe 'stalwart_dungeons:wartedtungstenbootsrecipe[minecraft:smithing_transform]'! Falling back to vanilla: Ingredient 'template' can't be empty!
[09:35:43] [WARN] Failed to parse recipe 'meadow:limestone_bricks_stairs[minecraft:stonecutting]'! Falling back to vanilla: ItemStack 'result' can't be empty!
[09:35:43] [WARN] Failed to parse recipe 'deeperdarker:resonarium_pickaxe_smithing[minecraft:smithing_transform]'! Falling back to vanilla: Ingredient 'template' can't be empty!
[09:35:43] [WARN] Failed to parse recipe 'autumnity:wallpapers/pink_wallpaper_roll[minecraft:crafting_shapeless]'! Falling back to vanilla: ItemStack 'result' can't be empty!
[09:35:43] [WARN] Failed to parse recipe 'extra_compat:froststeel_gloves[minecraft:crafting_shaped]'! Falling back to vanilla: ItemStack 'result' can't be empty!
[09:35:43] [WARN] Failed to parse recipe 'extra_compat:froststeel_great_sword[minecraft:crafting_shaped]'! Falling back to vanilla: ItemStack 'result' can't be empty!
[09:35:43] [WARN] Failed to parse recipe 'deeperdarker:resonarium_leggings_smithing[minecraft:smithing_transform]'! Falling back to vanilla: Ingredient 'template' can't be empty!
[09:35:43] [WARN] Failed to parse recipe 'autumnity:wallpapers/light_blue_wallpaper_roll[minecraft:crafting_shapeless]'! Falling back to vanilla: ItemStack 'result' can't be empty!
[09:35:43] [WARN] Failed to parse recipe 'worldofwonder:stem_boat_recipe[minecraft:crafting_shaped]'! Falling back to vanilla: ItemStack 'result' can't be empty!
[09:35:43] [WARN] Failed to parse recipe 'autumnity:wallpapers/brown_wallpaper_roll[minecraft:crafting_shapeless]'! Falling back to vanilla: ItemStack 'result' can't be empty!
[09:35:43] [WARN] Failed to parse recipe 'extra_compat:froststeel_quarterstaff[minecraft:crafting_shaped]'! Falling back to vanilla: ItemStack 'result' can't be empty!
[09:35:43] [WARN] Failed to parse recipe 'extra_compat:utherium_gloves[minecraft:crafting_shaped]'! Falling back to vanilla: ItemStack 'result' can't be empty!
[09:35:43] [WARN] Failed to parse recipe 'rainbowreef:milk_bottle_buttered_butterflyfish[minecraft:crafting_shaped]'! Falling back to vanilla: ItemStack 'result' can't be empty!
[09:35:43] [WARN] Failed to parse recipe 'extra_compat:forgotten_spear_smithing[minecraft:smithing_transform]'! Falling back to vanilla: ItemStack 'result' can't be empty!
[09:35:43] [WARN] Failed to parse recipe 'autumnity:wallpapers/green_wallpaper_roll[minecraft:crafting_shapeless]'! Falling back to vanilla: ItemStack 'result' can't be empty!
[09:35:43] [WARN] Failed to parse recipe 'extra_compat:cloggrum_spear[minecraft:crafting_shaped]'! Falling back to vanilla: ItemStack 'result' can't be empty!
[09:35:43] [WARN] Failed to parse recipe 'extra_compat:cooked_chevon_chop_from_campfire_cooking[minecraft:campfire_cooking]'! Falling back to vanilla: ItemStack 'result' can't be empty!
[09:35:43] [WARN] Failed to parse recipe 'autumnity:wallpapers/gray_wallpaper_roll[minecraft:crafting_shapeless]'! Falling back to vanilla: ItemStack 'result' can't be empty!
[09:35:43] [WARN] Failed to parse recipe 'dungeons_and_combat:light_upgrade_blazing_halberd[minecraft:smithing_transform]'! Falling back to vanilla: ItemStack 'result' can't be empty!
[09:35:43] [WARN] Failed to parse recipe 'autumnity:wallpapers/magenta_wallpaper_roll[minecraft:crafting_shapeless]'! Falling back to vanilla: ItemStack 'result' can't be empty!
[09:35:43] [WARN] Failed to parse recipe 'deeperdarker:resonarium_chestplate_smithing[minecraft:smithing_transform]'! Falling back to vanilla: Ingredient 'template' can't be empty!
[09:35:43] [WARN] Failed to parse recipe 'extra_compat:cloggrum_hammer[minecraft:crafting_shaped]'! Falling back to vanilla: ItemStack 'result' can't be empty!
[09:35:43] [WARN] Failed to parse recipe 'deeperdarker:resonarium_shovel_smithing[minecraft:smithing_transform]'! Falling back to vanilla: Ingredient 'template' can't be empty!
[09:35:43] [WARN] Failed to parse recipe 'deeperdarker:resonarium_axe_smithing[minecraft:smithing_transform]'! Falling back to vanilla: Ingredient 'template' can't be empty!
[09:35:43] [WARN] Failed to parse recipe 'extra_compat:utherium_dagger[minecraft:crafting_shaped]'! Falling back to vanilla: ItemStack 'result' can't be empty!
[09:35:43] [WARN] Failed to parse recipe 'autumnity:wallpapers/red_wallpaper_roll[minecraft:crafting_shapeless]'! Falling back to vanilla: ItemStack 'result' can't be empty!
[09:35:43] [WARN] Failed to parse recipe 'stalwart_dungeons:warted_tungsten_shield_recipe[minecraft:smithing_transform]'! Falling back to vanilla: Ingredient 'template' can't be empty!
[09:35:43] [WARN] Failed to parse recipe 'extra_compat:froststeel_great_axe[minecraft:crafting_shaped]'! Falling back to vanilla: ItemStack 'result' can't be empty!
[09:35:43] [WARN] Failed to parse recipe 'extra_compat:utherium_quarterstaff[minecraft:crafting_shaped]'! Falling back to vanilla: ItemStack 'result' can't be empty!
[09:35:43] [WARN] Failed to parse recipe 'extra_compat:forgotten_club_smithing[minecraft:smithing_transform]'! Falling back to vanilla: ItemStack 'result' can't be empty!
[09:35:43] [WARN] Failed to parse recipe 'autumnity:wallpapers/black_wallpaper_roll[minecraft:crafting_shapeless]'! Falling back to vanilla: ItemStack 'result' can't be empty!
[09:35:43] [WARN] Failed to parse recipe 'extra_compat:utherium_spear[minecraft:crafting_shaped]'! Falling back to vanilla: ItemStack 'result' can't be empty!
[09:35:43] [WARN] Failed to parse recipe 'deeperdarker:resonarium_boots_smithing[minecraft:smithing_transform]'! Falling back to vanilla: Ingredient 'template' can't be empty!
[09:35:43] [WARN] Failed to parse recipe 'extra_compat:forgotten_great_axe_smithing[minecraft:smithing_transform]'! Falling back to vanilla: ItemStack 'result' can't be empty!
[09:35:43] [WARN] Failed to parse recipe 'netherexp:stonecutting/from_pale_soul_slate/indented[minecraft:stonecutting]'! Falling back to vanilla: ItemStack 'result' can't be empty!
[09:35:43] [WARN] Failed to parse recipe 'extra_compat:cloggrum_great_sword[minecraft:crafting_shaped]'! Falling back to vanilla: ItemStack 'result' can't be empty!
[09:35:43] [WARN] Failed to parse recipe 'shieldexp:griefer_shield[minecraft:crafting_shaped]'! Falling back to vanilla: ItemStack 'result' can't be empty!
[09:35:43] [WARN] Failed to parse recipe 'autumnity:wallpapers/blue_wallpaper_roll[minecraft:crafting_shapeless]'! Falling back to vanilla: ItemStack 'result' can't be empty!
[09:35:43] [INFO] Found 17610 recipes in 122.0 ms
[09:35:43] [ERROR] ! conflicts fix.10.js#38: Failed to create recipe for type 'kubejs:shaped': ItemStack 'result' can't be empty!
[09:35:43] [ERROR] ! conflicts fix.10.js#93: Failed to create recipe for type 'kubejs:shaped': ItemStack 'result' can't be empty!
[09:35:43] [ERROR] ! conflicts fix.10.js#279: Failed to create recipe for type 'kubejs:shaped': ItemStack 'result' can't be empty!
[09:35:43] [ERROR] ! conflicts fix.10.js#290: Failed to create recipe for type 'kubejs:shaped': ItemStack 'result' can't be empty!
[09:35:43] [ERROR] ! conflicts fix.10.js#301: Failed to create recipe for type 'kubejs:shaped': ItemStack 'result' can't be empty!
[09:35:43] [ERROR] ! conflicts fix.10.js#312: Failed to create recipe for type 'kubejs:shaped': ItemStack 'result' can't be empty!
[09:35:43] [ERROR] ! conflicts fix.3.js#29: Failed to create recipe for type 'kubejs:shaped': ItemStack 'result' can't be empty!
[09:35:43] [WARN] conflicts fix.3.js#29: Tried to call a function on an errored recipe! (Failed to create recipe for type 'kubejs:shaped')
[09:35:43] [ERROR] ! conflicts fix.3.js#39: Failed to create recipe for type 'kubejs:shaped': ItemStack 'result' can't be empty!
[09:35:43] [WARN] conflicts fix.3.js#39: Tried to call a function on an errored recipe! (Failed to create recipe for type 'kubejs:shaped')
[09:35:43] [ERROR] ! conflicts fix.3.js#49: Failed to create recipe for type 'kubejs:shaped': ItemStack 'result' can't be empty!
[09:35:43] [WARN] conflicts fix.3.js#49: Tried to call a function on an errored recipe! (Failed to create recipe for type 'kubejs:shaped')
[09:35:43] [ERROR] ! conflicts fix.3.js#59: Failed to create recipe for type 'kubejs:shaped': ItemStack 'result' can't be empty!
[09:35:43] [WARN] conflicts fix.3.js#59: Tried to call a function on an errored recipe! (Failed to create recipe for type 'kubejs:shaped')
[09:35:43] [ERROR] ! conflicts fix.3.js#69: Failed to create recipe for type 'kubejs:shaped': ItemStack 'result' can't be empty!
[09:35:43] [WARN] conflicts fix.3.js#69: Tried to call a function on an errored recipe! (Failed to create recipe for type 'kubejs:shaped')
[09:35:43] [ERROR] ! conflicts fix.3.js#79: Failed to create recipe for type 'kubejs:shaped': ItemStack 'result' can't be empty!
[09:35:43] [WARN] conflicts fix.3.js#79: Tried to call a function on an errored recipe! (Failed to create recipe for type 'kubejs:shaped')
[09:35:43] [ERROR] ! conflicts fix.3.js#89: Failed to create recipe for type 'kubejs:shaped': ItemStack 'result' can't be empty!
[09:35:43] [WARN] conflicts fix.3.js#89: Tried to call a function on an errored recipe! (Failed to create recipe for type 'kubejs:shaped')
[09:35:43] [ERROR] ! conflicts fix.3.js#99: Failed to create recipe for type 'kubejs:shaped': ItemStack 'result' can't be empty!
[09:35:43] [WARN] conflicts fix.3.js#99: Tried to call a function on an errored recipe! (Failed to create recipe for type 'kubejs:shaped')
[09:35:43] [ERROR] ! conflicts fix.3.js#109: Failed to create recipe for type 'kubejs:shaped': ItemStack 'result' can't be empty!
[09:35:43] [WARN] conflicts fix.3.js#109: Tried to call a function on an errored recipe! (Failed to create recipe for type 'kubejs:shaped')
[09:35:43] [ERROR] ! conflicts fix.3.js#119: Failed to create recipe for type 'kubejs:shaped': ItemStack 'result' can't be empty!
[09:35:43] [WARN] conflicts fix.3.js#119: Tried to call a function on an errored recipe! (Failed to create recipe for type 'kubejs:shaped')
[09:35:43] [ERROR] ! conflicts fix.3.js#129: Failed to create recipe for type 'kubejs:shaped': ItemStack 'result' can't be empty!
[09:35:43] [WARN] conflicts fix.3.js#129: Tried to call a function on an errored recipe! (Failed to create recipe for type 'kubejs:shaped')
[09:35:43] [ERROR] ! conflicts fix.3.js#139: Failed to create recipe for type 'kubejs:shaped': ItemStack 'result' can't be empty!
[09:35:43] [WARN] conflicts fix.3.js#139: Tried to call a function on an errored recipe! (Failed to create recipe for type 'kubejs:shaped')
[09:35:43] [ERROR] ! conflicts fix.3.js#149: Failed to create recipe for type 'kubejs:shaped': ItemStack 'result' can't be empty!
[09:35:43] [WARN] conflicts fix.3.js#149: Tried to call a function on an errored recipe! (Failed to create recipe for type 'kubejs:shaped')
[09:35:43] [ERROR] ! conflicts fix.3.js#159: Failed to create recipe for type 'kubejs:shaped': ItemStack 'result' can't be empty!
[09:35:43] [WARN] conflicts fix.3.js#159: Tried to call a function on an errored recipe! (Failed to create recipe for type 'kubejs:shaped')
[09:35:43] [ERROR] ! conflicts fix.3.js#168: Failed to create recipe for type 'kubejs:shaped': ItemStack 'result' can't be empty!
[09:35:43] [WARN] conflicts fix.3.js#168: Tried to call a function on an errored recipe! (Failed to create recipe for type 'kubejs:shaped')
[09:35:43] [ERROR] ! conflicts fix.3.js#178: Failed to create recipe for type 'kubejs:shaped': ItemStack 'result' can't be empty!
[09:35:43] [WARN] conflicts fix.3.js#178: Tried to call a function on an errored recipe! (Failed to create recipe for type 'kubejs:shaped')
[09:35:43] [ERROR] ! conflicts fix.4.js#29: Failed to create recipe for type 'kubejs:shaped': ItemStack 'result' can't be empty!
[09:35:43] [WARN] conflicts fix.4.js#29: Tried to call a function on an errored recipe! (Failed to create recipe for type 'kubejs:shaped')
[09:35:43] [ERROR] ! conflicts fix.4.js#39: Failed to create recipe for type 'kubejs:shaped': ItemStack 'result' can't be empty!
[09:35:43] [WARN] conflicts fix.4.js#39: Tried to call a function on an errored recipe! (Failed to create recipe for type 'kubejs:shaped')
[09:35:43] [ERROR] ! conflicts fix.4.js#49: Failed to create recipe for type 'kubejs:shaped': ItemStack 'result' can't be empty!
[09:35:43] [WARN] conflicts fix.4.js#49: Tried to call a function on an errored recipe! (Failed to create recipe for type 'kubejs:shaped')
[09:35:43] [ERROR] ! conflicts fix.4.js#59: Failed to create recipe for type 'kubejs:shaped': ItemStack 'result' can't be empty!
[09:35:43] [WARN] conflicts fix.4.js#59: Tried to call a function on an errored recipe! (Failed to create recipe for type 'kubejs:shaped')
[09:35:43] [ERROR] ! conflicts fix.4.js#69: Failed to create recipe for type 'kubejs:shaped': ItemStack 'result' can't be empty!
[09:35:43] [WARN] conflicts fix.4.js#69: Tried to call a function on an errored recipe! (Failed to create recipe for type 'kubejs:shaped')
[09:35:43] [ERROR] ! conflicts fix.4.js#79: Failed to create recipe for type 'kubejs:shaped': ItemStack 'result' can't be empty!
[09:35:43] [WARN] conflicts fix.4.js#79: Tried to call a function on an errored recipe! (Failed to create recipe for type 'kubejs:shaped')
[09:35:43] [ERROR] ! conflicts fix.4.js#89: Failed to create recipe for type 'kubejs:shaped': ItemStack 'result' can't be empty!
[09:35:43] [WARN] conflicts fix.4.js#89: Tried to call a function on an errored recipe! (Failed to create recipe for type 'kubejs:shaped')
[09:35:43] [ERROR] ! conflicts fix.4.js#99: Failed to create recipe for type 'kubejs:shaped': ItemStack 'result' can't be empty!
[09:35:43] [WARN] conflicts fix.4.js#99: Tried to call a function on an errored recipe! (Failed to create recipe for type 'kubejs:shaped')
[09:35:43] [ERROR] ! conflicts fix.4.js#109: Failed to create recipe for type 'kubejs:shaped': ItemStack 'result' can't be empty!
[09:35:43] [WARN] conflicts fix.4.js#109: Tried to call a function on an errored recipe! (Failed to create recipe for type 'kubejs:shaped')
[09:35:43] [ERROR] ! conflicts fix.4.js#119: Failed to create recipe for type 'kubejs:shaped': ItemStack 'result' can't be empty!
[09:35:43] [WARN] conflicts fix.4.js#119: Tried to call a function on an errored recipe! (Failed to create recipe for type 'kubejs:shaped')
[09:35:43] [ERROR] ! conflicts fix.4.js#129: Failed to create recipe for type 'kubejs:shaped': ItemStack 'result' can't be empty!
[09:35:43] [WARN] conflicts fix.4.js#129: Tried to call a function on an errored recipe! (Failed to create recipe for type 'kubejs:shaped')
[09:35:43] [ERROR] ! conflicts fix.4.js#139: Failed to create recipe for type 'kubejs:shaped': ItemStack 'result' can't be empty!
[09:35:43] [WARN] conflicts fix.4.js#139: Tried to call a function on an errored recipe! (Failed to create recipe for type 'kubejs:shaped')
[09:35:43] [ERROR] ! conflicts fix.4.js#149: Failed to create recipe for type 'kubejs:shaped': ItemStack 'result' can't be empty!
[09:35:43] [WARN] conflicts fix.4.js#149: Tried to call a function on an errored recipe! (Failed to create recipe for type 'kubejs:shaped')
[09:35:43] [ERROR] ! conflicts fix.4.js#159: Failed to create recipe for type 'kubejs:shaped': ItemStack 'result' can't be empty!
[09:35:43] [WARN] conflicts fix.4.js#159: Tried to call a function on an errored recipe! (Failed to create recipe for type 'kubejs:shaped')
[09:35:43] [ERROR] ! conflicts fix.4.js#169: Failed to create recipe for type 'kubejs:shaped': ItemStack 'result' can't be empty!
[09:35:43] [WARN] conflicts fix.4.js#169: Tried to call a function on an errored recipe! (Failed to create recipe for type 'kubejs:shaped')
[09:35:43] [ERROR] ! conflicts fix.4.js#179: Failed to create recipe for type 'kubejs:shaped': ItemStack 'result' can't be empty!
[09:35:43] [WARN] conflicts fix.4.js#179: Tried to call a function on an errored recipe! (Failed to create recipe for type 'kubejs:shaped')
[09:35:43] [ERROR] ! conflicts fix.5.js#28: Failed to create recipe for type 'kubejs:shaped': ItemStack 'result' can't be empty!
[09:35:43] [WARN] conflicts fix.5.js#28: Tried to call a function on an errored recipe! (Failed to create recipe for type 'kubejs:shaped')
[09:35:43] [ERROR] ! conflicts fix.5.js#37: Failed to create recipe for type 'kubejs:shaped': ItemStack 'result' can't be empty!
[09:35:43] [WARN] conflicts fix.5.js#37: Tried to call a function on an errored recipe! (Failed to create recipe for type 'kubejs:shaped')
[09:35:43] [ERROR] ! conflicts fix.5.js#46: Failed to create recipe for type 'kubejs:shaped': ItemStack 'result' can't be empty!
[09:35:43] [WARN] conflicts fix.5.js#46: Tried to call a function on an errored recipe! (Failed to create recipe for type 'kubejs:shaped')
[09:35:43] [ERROR] ! conflicts fix.5.js#55: Failed to create recipe for type 'kubejs:shaped': ItemStack 'result' can't be empty!
[09:35:43] [WARN] conflicts fix.5.js#55: Tried to call a function on an errored recipe! (Failed to create recipe for type 'kubejs:shaped')
[09:35:43] [ERROR] ! conflicts fix.5.js#64: Failed to create recipe for type 'kubejs:shaped': ItemStack 'result' can't be empty!
[09:35:43] [WARN] conflicts fix.5.js#64: Tried to call a function on an errored recipe! (Failed to create recipe for type 'kubejs:shaped')
[09:35:43] [ERROR] ! conflicts fix.5.js#73: Failed to create recipe for type 'kubejs:shaped': ItemStack 'result' can't be empty!
[09:35:43] [WARN] conflicts fix.5.js#73: Tried to call a function on an errored recipe! (Failed to create recipe for type 'kubejs:shaped')
[09:35:43] [ERROR] ! conflicts fix.5.js#82: Failed to create recipe for type 'kubejs:shaped': ItemStack 'result' can't be empty!
[09:35:43] [WARN] conflicts fix.5.js#82: Tried to call a function on an errored recipe! (Failed to create recipe for type 'kubejs:shaped')
[09:35:43] [ERROR] ! conflicts fix.5.js#91: Failed to create recipe for type 'kubejs:shaped': ItemStack 'result' can't be empty!
[09:35:43] [WARN] conflicts fix.5.js#91: Tried to call a function on an errored recipe! (Failed to create recipe for type 'kubejs:shaped')
[09:35:43] [ERROR] ! conflicts fix.5.js#100: Failed to create recipe for type 'kubejs:shaped': ItemStack 'result' can't be empty!
[09:35:43] [WARN] conflicts fix.5.js#100: Tried to call a function on an errored recipe! (Failed to create recipe for type 'kubejs:shaped')
[09:35:43] [ERROR] ! conflicts fix.5.js#109: Failed to create recipe for type 'kubejs:shaped': ItemStack 'result' can't be empty!
[09:35:43] [WARN] conflicts fix.5.js#109: Tried to call a function on an errored recipe! (Failed to create recipe for type 'kubejs:shaped')
[09:35:43] [ERROR] ! conflicts fix.5.js#118: Failed to create recipe for type 'kubejs:shaped': ItemStack 'result' can't be empty!
[09:35:43] [WARN] conflicts fix.5.js#118: Tried to call a function on an errored recipe! (Failed to create recipe for type 'kubejs:shaped')
[09:35:43] [ERROR] ! conflicts fix.5.js#127: Failed to create recipe for type 'kubejs:shaped': ItemStack 'result' can't be empty!
[09:35:43] [WARN] conflicts fix.5.js#127: Tried to call a function on an errored recipe! (Failed to create recipe for type 'kubejs:shaped')
[09:35:43] [ERROR] ! conflicts fix.5.js#136: Failed to create recipe for type 'kubejs:shaped': ItemStack 'result' can't be empty!
[09:35:43] [WARN] conflicts fix.5.js#136: Tried to call a function on an errored recipe! (Failed to create recipe for type 'kubejs:shaped')
[09:35:43] [ERROR] ! conflicts fix.5.js#145: Failed to create recipe for type 'kubejs:shaped': ItemStack 'result' can't be empty!
[09:35:43] [WARN] conflicts fix.5.js#145: Tried to call a function on an errored recipe! (Failed to create recipe for type 'kubejs:shaped')
[09:35:43] [ERROR] ! conflicts fix.5.js#154: Failed to create recipe for type 'kubejs:shaped': ItemStack 'result' can't be empty!
[09:35:43] [WARN] conflicts fix.5.js#154: Tried to call a function on an errored recipe! (Failed to create recipe for type 'kubejs:shaped')
[09:35:43] [ERROR] ! conflicts fix.5.js#163: Failed to create recipe for type 'kubejs:shaped': ItemStack 'result' can't be empty!
[09:35:43] [WARN] conflicts fix.5.js#163: Tried to call a function on an errored recipe! (Failed to create recipe for type 'kubejs:shaped')
[09:35:43] [ERROR] ! conflicts fix.6.js#31: Failed to create recipe for type 'kubejs:shaped': ItemStack 'result' can't be empty!
[09:35:43] [WARN] conflicts fix.6.js#31: Tried to call a function on an errored recipe! (Failed to create recipe for type 'kubejs:shaped')
[09:35:43] [ERROR] ! conflicts fix.6.js#41: Failed to create recipe for type 'kubejs:shaped': ItemStack 'result' can't be empty!
[09:35:43] [WARN] conflicts fix.6.js#41: Tried to call a function on an errored recipe! (Failed to create recipe for type 'kubejs:shaped')
[09:35:43] [ERROR] ! conflicts fix.6.js#51: Failed to create recipe for type 'kubejs:shaped': ItemStack 'result' can't be empty!
[09:35:43] [WARN] conflicts fix.6.js#51: Tried to call a function on an errored recipe! (Failed to create recipe for type 'kubejs:shaped')
[09:35:43] [ERROR] ! conflicts fix.6.js#61: Failed to create recipe for type 'kubejs:shaped': ItemStack 'result' can't be empty!
[09:35:43] [WARN] conflicts fix.6.js#61: Tried to call a function on an errored recipe! (Failed to create recipe for type 'kubejs:shaped')
[09:35:43] [ERROR] ! conflicts fix.6.js#71: Failed to create recipe for type 'kubejs:shaped': ItemStack 'result' can't be empty!
[09:35:43] [WARN] conflicts fix.6.js#71: Tried to call a function on an errored recipe! (Failed to create recipe for type 'kubejs:shaped')
[09:35:43] [ERROR] ! conflicts fix.6.js#80: Failed to create recipe for type 'kubejs:shaped': ItemStack 'result' can't be empty!
[09:35:43] [WARN] conflicts fix.6.js#80: Tried to call a function on an errored recipe! (Failed to create recipe for type 'kubejs:shaped')
[09:35:43] [ERROR] ! conflicts fix.6.js#89: Failed to create recipe for type 'kubejs:shaped': ItemStack 'result' can't be empty!
[09:35:43] [WARN] conflicts fix.6.js#89: Tried to call a function on an errored recipe! (Failed to create recipe for type 'kubejs:shaped')
[09:35:43] [ERROR] ! conflicts fix.6.js#98: Failed to create recipe for type 'kubejs:shaped': ItemStack 'result' can't be empty!
[09:35:43] [WARN] conflicts fix.6.js#98: Tried to call a function on an errored recipe! (Failed to create recipe for type 'kubejs:shaped')
[09:35:43] [ERROR] ! conflicts fix.6.js#108: Failed to create recipe for type 'kubejs:shaped': ItemStack 'result' can't be empty!
[09:35:43] [WARN] conflicts fix.6.js#108: Tried to call a function on an errored recipe! (Failed to create recipe for type 'kubejs:shaped')
[09:35:43] [ERROR] ! conflicts fix.6.js#118: Failed to create recipe for type 'kubejs:shaped': ItemStack 'result' can't be empty!
[09:35:43] [WARN] conflicts fix.6.js#118: Tried to call a function on an errored recipe! (Failed to create recipe for type 'kubejs:shaped')
[09:35:43] [ERROR] ! conflicts fix.6.js#128: Failed to create recipe for type 'kubejs:shaped': ItemStack 'result' can't be empty!
[09:35:43] [WARN] conflicts fix.6.js#128: Tried to call a function on an errored recipe! (Failed to create recipe for type 'kubejs:shaped')
[09:35:43] [ERROR] ! conflicts fix.6.js#138: Failed to create recipe for type 'kubejs:shaped': ItemStack 'result' can't be empty!
[09:35:43] [WARN] conflicts fix.6.js#138: Tried to call a function on an errored recipe! (Failed to create recipe for type 'kubejs:shaped')
[09:35:43] [ERROR] ! conflicts fix.6.js#148: Failed to create recipe for type 'kubejs:shaped': ItemStack 'result' can't be empty!
[09:35:43] [WARN] conflicts fix.6.js#148: Tried to call a function on an errored recipe! (Failed to create recipe for type 'kubejs:shaped')
[09:35:43] [ERROR] ! conflicts fix.6.js#157: Failed to create recipe for type 'kubejs:shaped': ItemStack 'result' can't be empty!
[09:35:43] [WARN] conflicts fix.6.js#157: Tried to call a function on an errored recipe! (Failed to create recipe for type 'kubejs:shaped')
[09:35:43] [ERROR] ! conflicts fix.6.js#167: Failed to create recipe for type 'kubejs:shaped': ItemStack 'result' can't be empty!
[09:35:43] [WARN] conflicts fix.6.js#167: Tried to call a function on an errored recipe! (Failed to create recipe for type 'kubejs:shaped')
[09:35:43] [ERROR] ! conflicts fix.6.js#176: Failed to create recipe for type 'kubejs:shaped': ItemStack 'result' can't be empty!
[09:35:43] [WARN] conflicts fix.6.js#176: Tried to call a function on an errored recipe! (Failed to create recipe for type 'kubejs:shaped')
[09:35:43] [ERROR] ! conflicts fix.6.js#184: Failed to create recipe for type 'kubejs:shaped': ItemStack 'result' can't be empty!
[09:35:43] [WARN] conflicts fix.6.js#184: Tried to call a function on an errored recipe! (Failed to create recipe for type 'kubejs:shaped')
[09:35:43] [ERROR] ! conflicts fix.6.js#193: Failed to create recipe for type 'kubejs:shaped': ItemStack 'result' can't be empty!
[09:35:43] [WARN] conflicts fix.6.js#193: Tried to call a function on an errored recipe! (Failed to create recipe for type 'kubejs:shaped')
[09:35:43] [ERROR] ! conflicts fix.7.js#20: Failed to create recipe for type 'kubejs:shaped': ItemStack 'result' can't be empty!
[09:35:43] [WARN] conflicts fix.7.js#20: Tried to call a function on an errored recipe! (Failed to create recipe for type 'kubejs:shaped')
[09:35:43] [ERROR] ! conflicts fix.7.js#28: Failed to create recipe for type 'kubejs:shaped': ItemStack 'result' can't be empty!
[09:35:43] [WARN] conflicts fix.7.js#28: Tried to call a function on an errored recipe! (Failed to create recipe for type 'kubejs:shaped')
[09:35:43] [ERROR] ! conflicts fix.7.js#37: Failed to create recipe for type 'kubejs:shaped': ItemStack 'result' can't be empty!
[09:35:43] [WARN] conflicts fix.7.js#37: Tried to call a function on an errored recipe! (Failed to create recipe for type 'kubejs:shaped')
[09:35:43] [ERROR] ! conflicts fix.7.js#46: Failed to create recipe for type 'kubejs:shaped': ItemStack 'result' can't be empty!
[09:35:43] [WARN] conflicts fix.7.js#46: Tried to call a function on an errored recipe! (Failed to create recipe for type 'kubejs:shaped')
[09:35:43] [ERROR] ! conflicts fix.7.js#54: Failed to create recipe for type 'kubejs:shaped': ItemStack 'result' can't be empty!
[09:35:43] [WARN] conflicts fix.7.js#54: Tried to call a function on an errored recipe! (Failed to create recipe for type 'kubejs:shaped')
[09:35:43] [ERROR] ! conflicts fix.7.js#63: Failed to create recipe for type 'kubejs:shaped': ItemStack 'result' can't be empty!
[09:35:43] [WARN] conflicts fix.7.js#63: Tried to call a function on an errored recipe! (Failed to create recipe for type 'kubejs:shaped')
[09:35:43] [ERROR] ! conflicts fix.7.js#72: Failed to create recipe for type 'kubejs:shaped': ItemStack 'result' can't be empty!
[09:35:43] [WARN] conflicts fix.7.js#72: Tried to call a function on an errored recipe! (Failed to create recipe for type 'kubejs:shaped')
[09:35:43] [ERROR] ! conflicts fix.7.js#80: Failed to create recipe for type 'kubejs:shaped': ItemStack 'result' can't be empty!
[09:35:43] [WARN] conflicts fix.7.js#80: Tried to call a function on an errored recipe! (Failed to create recipe for type 'kubejs:shaped')
[09:35:43] [ERROR] ! conflicts fix.7.js#89: Failed to create recipe for type 'kubejs:shaped': ItemStack 'result' can't be empty!
[09:35:43] [WARN] conflicts fix.7.js#89: Tried to call a function on an errored recipe! (Failed to create recipe for type 'kubejs:shaped')
[09:35:43] [INFO] Posted recipe events in 40.60 ms
[09:35:43] [WARN] Error parsing recipe extra_compat:cloggrum_club[minecraft:crafting_shaped]: {"type":"minecraft:crafting_shaped","pattern":[" #","# ","/ "],"key":{"#":{"item":"undergarden:cloggrum_ingot"},"/":{"item":"minecraft:stick"}},"result":{"item":"extra_compat:cloggrum_club","count":1}}: Unknown item 'extra_compat:cloggrum_club'
[09:35:43] [WARN] Error parsing recipe farmersdelight:cutting/habitat/red_anthurium[farmersdelight:cutting]: {"type":"farmersdelight:cutting","ingredients":[{"item":"habitat:red_anthurium"}],"result":[{"count":2,"item":"minecraft:red_dye"}],"tool":{"tag":"forge:tools/knives"}}: Unknown item 'habitat:red_anthurium'
[09:35:43] [WARN] Error parsing recipe extra_compat:utherium_quarterstaff[minecraft:crafting_shaped]: {"type":"minecraft:crafting_shaped","pattern":["  /"," O ","/  "],"key":{"/":{"item":"minecraft:stick"},"O":{"item":"undergarden:utherium_crystal"}},"result":{"item":"extra_compat:utherium_quarterstaff","count":1}}: Unknown item 'extra_compat:utherium_quarterstaff'
[09:35:43] [WARN] Error parsing recipe extra_compat:forgotten_club_smithing[minecraft:smithing_transform]: {"type":"minecraft:smithing_transform","addition":{"item":"undergarden:forgotten_ingot"},"base":{"item":"extra_compat:cloggrum_club"},"result":{"item":"extra_compat:forgotten_club"},"template":{"item":"undergarden:forgotten_upgrade_smithing_template"}}: Unknown item 'extra_compat:cloggrum_club'
[09:35:43] [WARN] Error parsing recipe farmersdelight:cutting/buzzier_bees/pink_clover[farmersdelight:cutting]: {"type":"farmersdelight:cutting","ingredients":[{"item":"buzzier_bees:pink_clover"}],"result":[{"count":2,"item":"minecraft:pink_dye"}],"tool":{"tag":"forge:tools/knives"}}: Unknown item 'buzzier_bees:pink_clover'
[09:35:43] [WARN] Error parsing recipe extra_compat:forgotten_dagger_smithing[minecraft:smithing_transform]: {"type":"minecraft:smithing_transform","addition":{"item":"undergarden:forgotten_ingot"},"base":{"item":"extra_compat:cloggrum_dagger"},"result":{"item":"extra_compat:forgotten_dagger"},"template":{"item":"undergarden:forgotten_upgrade_smithing_template"}}: Unknown item 'extra_compat:cloggrum_dagger'
[09:35:43] [WARN] Error parsing recipe farmersdelight:cutting/wilderness/overgrown_spruce_log[farmersdelight:cutting]: {"type":"farmersdelight:cutting","ingredients":[{"item":"wilderness:overgrown_spruce_log"}],"result":[{"item":"minecraft:moss_block"},{"item":"minecraft:spruce_log"}],"sound":"minecraft:item.axe.strip","tool":{"type":"farmersdelight:tool_action","action":"axe_strip"}}: Unknown item 'wilderness:overgrown_spruce_log'
[09:35:43] [WARN] Error parsing recipe shutter:wisteria_shutter[minecraft:crafting_shaped]: {"type":"minecraft:crafting_shaped","category":"misc","key":{},"pattern":["   ","   "],"result":{"count":2,"item":"shutter:wisteria_shutter"},"show_notification":true}: Index 0 out of bounds for length 0
[09:35:43] [WARN] Error parsing recipe extra_compat:cloggrum_great_sword[minecraft:crafting_shaped]: {"type":"minecraft:crafting_shaped","key":{"#":{"item":"undergarden:cloggrum_sword"},"X":{"item":"undergarden:cloggrum_ingot"},"W":{"item":"sniffsweapons:binding_string"}},"pattern":[" XX","XWX","#X "],"result":{"item":"extra_compat:cloggrum_great_sword"}}: Unknown item 'sniffsweapons:binding_string'
[09:35:43] [WARN] Error parsing recipe autumnity:wallpapers/light_blue_wallpaper_roll[minecraft:crafting_shapeless]: {"type":"minecraft:crafting_shapeless","group":"wallpaper_rolls","ingredients":[{"item":"minecraft:paper"},{"tag":"extra_compat:wallpaper_adhesives"},{"item":"minecraft:paper"},{"item":"minecraft:paper"},{"item":"minecraft:light_blue_dye"},{"item":"minecraft:paper"},{"item":"minecraft:paper"},{"item":"minecraft:paper"},{"item":"minecraft:paper"}],"result":{"item":"wallpapers:light_blue_wallpaper_roll","count":14}}: Unknown item 'wallpapers:light_blue_wallpaper_roll'
[09:35:43] [WARN] Error parsing recipe farmersdelight:cutting/autumnity/autumn_crocus[farmersdelight:cutting]: {"type":"farmersdelight:cutting","ingredients":[{"item":"autumnity:autumn_crocus"}],"result":[{"count":2,"item":"minecraft:magenta_dye"}],"tool":{"tag":"forge:tools/knives"}}: Unknown item 'autumnity:autumn_crocus'
[09:35:43] [WARN] Error parsing recipe extra_compat:forgotten_spear_smithing[minecraft:smithing_transform]: {"type":"minecraft:smithing_transform","addition":{"item":"undergarden:forgotten_ingot"},"base":{"item":"extra_compat:cloggrum_spear"},"result":{"item":"extra_compat:forgotten_spear"},"template":{"item":"undergarden:forgotten_upgrade_smithing_template"}}: Unknown item 'extra_compat:cloggrum_spear'
[09:35:43] [WARN] Error parsing recipe extra_compat:froststeel_hammer[minecraft:crafting_shaped]: {"type":"minecraft:crafting_shaped","pattern":["###","#/#"," / "],"key":{"#":{"item":"undergarden:froststeel_ingot"},"/":{"item":"minecraft:stick"}},"result":{"item":"extra_compat:froststeel_hammer","count":1}}: Unknown item 'extra_compat:froststeel_hammer'
[09:35:43] [WARN] Error parsing recipe shutter:cypress_shutter[minecraft:crafting_shaped]: {"type":"minecraft:crafting_shaped","category":"misc","key":{},"pattern":["   ","   "],"result":{"count":2,"item":"shutter:cypress_shutter"},"show_notification":true}: Index 0 out of bounds for length 0
[09:35:43] [WARN] Error parsing recipe autumnity:wallpapers/gray_wallpaper_roll[minecraft:crafting_shapeless]: {"type":"minecraft:crafting_shapeless","group":"wallpaper_rolls","ingredients":[{"item":"minecraft:paper"},{"tag":"extra_compat:wallpaper_adhesives"},{"item":"minecraft:paper"},{"item":"minecraft:paper"},{"item":"minecraft:gray_dye"},{"item":"minecraft:paper"},{"item":"minecraft:paper"},{"item":"minecraft:paper"},{"item":"minecraft:paper"}],"result":{"item":"wallpapers:gray_wallpaper_roll","count":14}}: Unknown item 'wallpapers:gray_wallpaper_roll'
[09:35:43] [WARN] Error parsing recipe dungeons_and_combat:light_upgrade_blazing_halberd[minecraft:smithing_transform]: {"type":"minecraft:smithing_transform","template":{"item":"dungeons_and_combat:light_smithing_template"},"base":{"item":"dungeons_and_combat:deleted_mod_element"},"addition":{"item":"dungeons_and_combat:blazing_ingot"},"result":{"item":"dungeons_and_combat:deleted_mod_element"}}: Unknown item 'dungeons_and_combat:deleted_mod_element'
[09:35:43] [WARN] Error parsing recipe extra_compat:utherium_spear[minecraft:crafting_shaped]: {"type":"minecraft:crafting_shaped","pattern":["  ^"," / ","/  "],"key":{"^":{"item":"undergarden:utherium_crystal"},"/":{"item":"minecraft:stick"}},"result":{"item":"extra_compat:utherium_spear","count":1}}: Unknown item 'extra_compat:utherium_spear'
[09:35:43] [WARN] Error parsing recipe shutter:poise_shutter[minecraft:crafting_shaped]: {"type":"minecraft:crafting_shaped","category":"misc","key":{},"pattern":["   ","   "],"result":{"count":2,"item":"shutter:poise_shutter"},"show_notification":true}: Index 0 out of bounds for length 0
[09:35:43] [WARN] Error parsing recipe extra_compat:cloggrum_spear[minecraft:crafting_shaped]: {"type":"minecraft:crafting_shaped","pattern":["  ^"," / ","/  "],"key":{"^":{"item":"undergarden:cloggrum_ingot"},"/":{"item":"minecraft:stick"}},"result":{"item":"extra_compat:cloggrum_spear","count":1}}: Unknown item 'extra_compat:cloggrum_spear'
[09:35:43] [WARN] Error parsing recipe worldofwonder:stem_boat_recipe[minecraft:crafting_shaped]: {"type":"minecraft:crafting_shaped","pattern":["# #","###"],"key":{"#":{"item":"worldofwonder:stem_planks"}},"result":{"item":"worldofwonder:stem_boat","count":1}}: Unknown item 'worldofwonder:stem_planks'
[09:35:43] [WARN] Error parsing recipe extra_compat:cooked_chevon_chop_from_campfire_cooking[minecraft:campfire_cooking]: {"type":"minecraft:campfire_cooking","cookingtime":600,"experience":0.35,"ingredient":{"item":"extra_compat:chevon_chop"},"result":"extra_compat:cooked_chevon_chop"}: Unknown item 'extra_compat:chevon_chop'
[09:35:43] [WARN] Error parsing recipe autumnity:wallpapers/brown_wallpaper_roll[minecraft:crafting_shapeless]: {"type":"minecraft:crafting_shapeless","group":"wallpaper_rolls","ingredients":[{"item":"minecraft:paper"},{"tag":"extra_compat:wallpaper_adhesives"},{"item":"minecraft:paper"},{"item":"minecraft:paper"},{"item":"minecraft:brown_dye"},{"item":"minecraft:paper"},{"item":"minecraft:paper"},{"item":"minecraft:paper"},{"item":"minecraft:paper"}],"result":{"item":"wallpapers:brown_wallpaper_roll","count":14}}: Unknown item 'wallpapers:brown_wallpaper_roll'
[09:35:43] [WARN] Error parsing recipe farmersdelight:cutting/wilderness/overgrown_oak_wood[farmersdelight:cutting]: {"type":"farmersdelight:cutting","ingredients":[{"item":"wilderness:overgrown_oak_wood"}],"result":[{"item":"minecraft:moss_block"},{"item":"minecraft:oak_wood"}],"sound":"minecraft:item.axe.strip","tool":{"type":"farmersdelight:tool_action","action":"axe_strip"}}: Unknown item 'wilderness:overgrown_oak_wood'
[09:35:43] [WARN] Error parsing recipe autumnity:wallpapers/magenta_wallpaper_roll[minecraft:crafting_shapeless]: {"type":"minecraft:crafting_shapeless","group":"wallpaper_rolls","ingredients":[{"item":"minecraft:paper"},{"tag":"extra_compat:wallpaper_adhesives"},{"item":"minecraft:paper"},{"item":"minecraft:paper"},{"item":"minecraft:magenta_dye"},{"item":"minecraft:paper"},{"item":"minecraft:paper"},{"item":"minecraft:paper"},{"item":"minecraft:paper"}],"result":{"item":"wallpapers:magenta_wallpaper_roll","count":14}}: Unknown item 'wallpapers:magenta_wallpaper_roll'
[09:35:43] [WARN] Error parsing recipe farmersdelight:cutting/habitat/edelweiss[farmersdelight:cutting]: {"type":"farmersdelight:cutting","ingredients":[{"item":"habitat:edelweiss"}],"result":[{"count":2,"item":"minecraft:light_gray_dye"}],"tool":{"tag":"forge:tools/knives"}}: Unknown item 'habitat:edelweiss'
[09:35:43] [WARN] Error parsing recipe farmersdelight:cutting/toughasnails/empty_canteen[farmersdelight:cutting]: {"type":"farmersdelight:cutting","ingredients":[{"item":"toughasnails:empty_canteen"}],"result":[{"count":1,"item":"minecraft:leather"}],"tool":{"tag":"forge:shears"}}: Unknown item 'toughasnails:empty_canteen'
[09:35:43] [WARN] Error parsing recipe autumnity:wallpapers/green_wallpaper_roll[minecraft:crafting_shapeless]: {"type":"minecraft:crafting_shapeless","group":"wallpaper_rolls","ingredients":[{"item":"minecraft:paper"},{"tag":"extra_compat:wallpaper_adhesives"},{"item":"minecraft:paper"},{"item":"minecraft:paper"},{"item":"minecraft:green_dye"},{"item":"minecraft:paper"},{"item":"minecraft:paper"},{"item":"minecraft:paper"},{"item":"minecraft:paper"}],"result":{"item":"wallpapers:green_wallpaper_roll","count":14}}: Unknown item 'wallpapers:green_wallpaper_roll'
[09:35:43] [WARN] Error parsing recipe autumnity:wallpapers/red_wallpaper_roll[minecraft:crafting_shapeless]: {"type":"minecraft:crafting_shapeless","group":"wallpaper_rolls","ingredients":[{"item":"minecraft:paper"},{"tag":"extra_compat:wallpaper_adhesives"},{"item":"minecraft:paper"},{"item":"minecraft:paper"},{"item":"minecraft:red_dye"},{"item":"minecraft:paper"},{"item":"minecraft:paper"},{"item":"minecraft:paper"},{"item":"minecraft:paper"}],"result":{"item":"wallpapers:red_wallpaper_roll","count":14}}: Unknown item 'wallpapers:red_wallpaper_roll'
[09:35:43] [WARN] Error parsing recipe shutter:maple_shutter[minecraft:crafting_shaped]: {"type":"minecraft:crafting_shaped","category":"misc","key":{},"pattern":["   ","   "],"result":{"count":2,"item":"shutter:maple_shutter"},"show_notification":true}: Index 0 out of bounds for length 0
[09:35:43] [WARN] Error parsing recipe alexscaves:cooking/seething_stew[farmersdelight:cooking]: {"conditions":[{"type":"forge:mod_loaded","modid":"farmersdelight"}],"type":"farmersdelight:cooking","container":{"item":"minecraft:bowl"},"cookingtime":200,"experience":1.0,"ingredients":[{"item":"alexscaves:dinosaur_chop"},{"item":"alexscaves:flytrap"},{"item":"alexscaves:heavy_bone"}],"recipe_book_tab":"meals","result":{"item":"alexscaves:seething_stew"}}: Unknown item 'alexscaves:dinosaur_chop'
[09:35:43] [WARN] Error parsing recipe extra_compat:cloggrum_hammer[minecraft:crafting_shaped]: {"type":"minecraft:crafting_shaped","pattern":["###","#/#"," / "],"key":{"#":{"item":"undergarden:cloggrum_ingot"},"/":{"item":"minecraft:stick"}},"result":{"item":"extra_compat:cloggrum_hammer","count":1}}: Unknown item 'extra_compat:cloggrum_hammer'
[09:35:43] [WARN] Error parsing recipe extra_compat:forgotten_hammer_smithing[minecraft:smithing_transform]: {"type":"minecraft:smithing_transform","addition":{"item":"undergarden:forgotten_ingot"},"base":{"item":"extra_compat:cloggrum_hammer"},"result":{"item":"extra_compat:forgotten_hammer"},"template":{"item":"undergarden:forgotten_upgrade_smithing_template"}}: Unknown item 'extra_compat:cloggrum_hammer'
[09:35:43] [WARN] Error parsing recipe legendary_monsters:ender_hammer[minecraft:crafting_shaped]: {"type":"minecraft:crafting_shaped","pattern":["iEi","iii"," / "],"key":{"i":{"item":"minecraft:iron_ingot"},"E":{"item":"legendary_monsters:void_gem"},"/":{"item":"minecraft:stick"}},"result":{"item":"legendary_monsters:ender_hammer","count":1}}: Unknown item 'legendary_monsters:ender_hammer'
[09:35:43] [WARN] Error parsing recipe farmersdelight:cutting/habitat/purple_anthurium[farmersdelight:cutting]: {"type":"farmersdelight:cutting","ingredients":[{"item":"habitat:purple_anthurium"}],"result":[{"count":2,"item":"minecraft:purple_dye"}],"tool":{"tag":"forge:tools/knives"}}: Unknown item 'habitat:purple_anthurium'
[09:35:43] [WARN] Error parsing recipe supplementaries:twigs/clean_flowered_paper_lanterns[minecraft:crafting_shapeless]: {"type":"minecraft:crafting_shapeless","category":"misc","group":"sticks","ingredients":[{"tag":"extra_compat:flowered_paper_lanterns"},{"item":"supplementaries:soap"}],"result":{"item":"twigs:paper_lantern","count":1}}: Unknown item 'twigs:paper_lantern'
[09:35:43] [WARN] Error parsing recipe extra_compat:tortoise_egg_crate[minecraft:crafting_shaped]: {"type":"minecraft:crafting_shaped","key":{"#":{"item":"sullysmod:tortoise_egg"}},"pattern":["###","###","###"],"result":{"item":"extra_compat:tortoise_egg_crate"}}: Unknown item 'sullysmod:tortoise_egg'
[09:35:43] [WARN] Error parsing recipe extra_compat:forgotten_great_axe_smithing[minecraft:smithing_transform]: {"type":"minecraft:smithing_transform","addition":{"item":"undergarden:forgotten_ingot"},"base":{"item":"extra_compat:cloggrum_great_axe"},"result":{"item":"extra_compat:forgotten_great_axe"},"template":{"item":"undergarden:forgotten_upgrade_smithing_template"}}: Unknown item 'extra_compat:cloggrum_great_axe'
[09:35:43] [WARN] Error parsing recipe alexscaves:cooking/vesper_stew[farmersdelight:cooking]: {"conditions":[{"type":"forge:mod_loaded","modid":"farmersdelight"}],"type":"farmersdelight:cooking","container":{"item":"minecraft:bowl"},"cookingtime":200,"experience":1.0,"ingredients":[{"item":"alexscaves:vesper_wing"},{"item":"alexscaves:thornwood_branch"},{"item":"minecraft:brown_mushroom"}],"recipe_book_tab":"meals","result":{"item":"alexscaves:vesper_stew"}}: Unknown item 'alexscaves:vesper_wing'
[09:35:43] [WARN] Error parsing recipe extra_compat:froststeel_great_axe[minecraft:crafting_shaped]: {"type":"minecraft:crafting_shaped","key":{"#":{"item":"undergarden:froststeel_axe"},"X":{"item":"undergarden:froststeel_ingot"},"W":{"item":"sniffsweapons:binding_string"}},"pattern":["XXX","XW ","X# "],"result":{"item":"extra_compat:froststeel_great_axe"}}: Unknown item 'sniffsweapons:binding_string'
[09:35:43] [WARN] Error parsing recipe autumnity:wallpapers/pink_wallpaper_roll[minecraft:crafting_shapeless]: {"type":"minecraft:crafting_shapeless","group":"wallpaper_rolls","ingredients":[{"item":"minecraft:paper"},{"tag":"extra_compat:wallpaper_adhesives"},{"item":"minecraft:paper"},{"item":"minecraft:paper"},{"item":"minecraft:pink_dye"},{"item":"minecraft:paper"},{"item":"minecraft:paper"},{"item":"minecraft:paper"},{"item":"minecraft:paper"}],"result":{"item":"wallpapers:pink_wallpaper_roll","count":14}}: Unknown item 'wallpapers:pink_wallpaper_roll'
[09:35:43] [WARN] Error parsing recipe shutter:plum_shutter[minecraft:crafting_shaped]: {"type":"minecraft:crafting_shaped","category":"misc","key":{},"pattern":["   ","   "],"result":{"count":2,"item":"shutter:plum_shutter"},"show_notification":true}: Index 0 out of bounds for length 0
[09:35:43] [WARN] Error parsing recipe autumnity:wallpapers/orange_wallpaper_roll[minecraft:crafting_shapeless]: {"type":"minecraft:crafting_shapeless","group":"wallpaper_rolls","ingredients":[{"item":"minecraft:paper"},{"tag":"extra_compat:wallpaper_adhesives"},{"item":"minecraft:paper"},{"item":"minecraft:paper"},{"item":"minecraft:orange_dye"},{"item":"minecraft:paper"},{"item":"minecraft:paper"},{"item":"minecraft:paper"},{"item":"minecraft:paper"}],"result":{"item":"wallpapers:orange_wallpaper_roll","count":14}}: Unknown item 'wallpapers:orange_wallpaper_roll'
[09:35:43] [WARN] Error parsing recipe extra_compat:cloggrum_quarterstaff[minecraft:crafting_shaped]: {"type":"minecraft:crafting_shaped","pattern":["  /"," O ","/  "],"key":{"/":{"item":"minecraft:stick"},"O":{"item":"undergarden:cloggrum_ingot"}},"result":{"item":"extra_compat:cloggrum_quarterstaff","count":1}}: Unknown item 'extra_compat:cloggrum_quarterstaff'
[09:35:43] [WARN] Error parsing recipe extra_compat:utherium_great_axe[minecraft:crafting_shaped]: {"type":"minecraft:crafting_shaped","key":{"#":{"item":"undergarden:utherium_axe"},"X":{"item":"undergarden:utherium_crystal"},"W":{"item":"sniffsweapons:binding_string"}},"pattern":["XXX","XW ","X# "],"result":{"item":"extra_compat:utherium_great_axe"}}: Unknown item 'sniffsweapons:binding_string'
[09:35:43] [WARN] Error parsing recipe exlinecopperequipment:copper_hammer_recipe[minecraft:crafting_shaped]: {"type":"minecraft:crafting_shaped","pattern":["BBB","BSB"," S "],"key":{"B":{"item":"minecraft:copper_ingot"},"S":{"item":"minecraft:stick"}},"result":{"item":"warhammersmod:hammer_copper"}}: Unknown item 'warhammersmod:hammer_copper'
[09:35:43] [WARN] Error parsing recipe extra_compat:froststeel_gloves[minecraft:crafting_shaped]: {"type":"minecraft:crafting_shaped","category":"equipment","key":{"#":{"item":"undergarden:froststeel_ingot"}},"pattern":["# #"],"result":{"item":"extra_compat:froststeel_gloves"},"show_notification":true}: Unknown item 'extra_compat:froststeel_gloves'
[09:35:43] [WARN] Error parsing recipe farmersdelight:cutting/conjurer_illager/conjurer_hat[farmersdelight:cutting]: {"type":"farmersdelight:cutting","ingredients":[{"item":"conjurer_illager:conjurer_hat"}],"result":[{"count":2,"item":"minecraft:leather"},{"count":2,"item":"minecraft:black_dye"}],"tool":{"tag":"forge:shears"}}: Unknown item 'conjurer_illager:conjurer_hat'
[09:35:43] [WARN] Error parsing recipe autumnity:wallpapers/light_gray_wallpaper_roll[minecraft:crafting_shapeless]: {"type":"minecraft:crafting_shapeless","group":"wallpaper_rolls","ingredients":[{"item":"minecraft:paper"},{"tag":"extra_compat:wallpaper_adhesives"},{"item":"minecraft:paper"},{"item":"minecraft:paper"},{"item":"minecraft:light_gray_dye"},{"item":"minecraft:paper"},{"item":"minecraft:paper"},{"item":"minecraft:paper"},{"item":"minecraft:paper"}],"result":{"item":"wallpapers:light_gray_wallpaper_roll","count":14}}: Unknown item 'wallpapers:light_gray_wallpaper_roll'
[09:35:43] [WARN] Error parsing recipe autumnity:wallpapers/black_wallpaper_roll[minecraft:crafting_shapeless]: {"type":"minecraft:crafting_shapeless","group":"wallpaper_rolls","ingredients":[{"item":"minecraft:paper"},{"tag":"extra_compat:wallpaper_adhesives"},{"item":"minecraft:paper"},{"item":"minecraft:paper"},{"item":"minecraft:black_dye"},{"item":"minecraft:paper"},{"item":"minecraft:paper"},{"item":"minecraft:paper"},{"item":"minecraft:paper"}],"result":{"item":"wallpapers:black_wallpaper_roll","count":14}}: Unknown item 'wallpapers:black_wallpaper_roll'
[09:35:43] [WARN] Error parsing recipe alexscaves:cooking/primordial_soup[farmersdelight:cooking]: {"conditions":[{"type":"forge:mod_loaded","modid":"farmersdelight"}],"type":"farmersdelight:cooking","container":{"item":"minecraft:bowl"},"cookingtime":200,"experience":1.0,"ingredients":[{"item":"alexscaves:trilocaris_tail"},{"item":"alexscaves:trilocaris_tail"},{"item":"alexscaves:tree_star"}],"recipe_book_tab":"meals","result":{"item":"alexscaves:primordial_soup"}}: Unknown item 'alexscaves:trilocaris_tail'
[09:35:43] [WARN] Error parsing recipe farmersdelight:cutting/buzzier_bees/white_clover[farmersdelight:cutting]: {"type":"farmersdelight:cutting","ingredients":[{"item":"buzzier_bees:white_clover"}],"result":[{"count":2,"item":"minecraft:white_dye"}],"tool":{"tag":"forge:tools/knives"}}: Unknown item 'buzzier_bees:white_clover'
[09:35:43] [WARN] Error parsing recipe shutter:willow_shutter[minecraft:crafting_shaped]: {"type":"minecraft:crafting_shaped","category":"misc","key":{},"pattern":["   ","   "],"result":{"count":2,"item":"shutter:willow_shutter"},"show_notification":true}: Index 0 out of bounds for length 0
[09:35:43] [WARN] Error parsing recipe extra_compat:utherium_dagger[minecraft:crafting_shaped]: {"type":"minecraft:crafting_shaped","pattern":["#","/"],"key":{"#":{"item":"undergarden:utherium_crystal"},"/":{"item":"minecraft:stick"}},"result":{"item":"extra_compat:utherium_dagger","count":1}}: Unknown item 'extra_compat:utherium_dagger'
[09:35:43] [WARN] Error parsing recipe extra_compat:cooked_chevon_chop[minecraft:smelting]: {"type":"minecraft:smelting","cookingtime":200,"experience":0.35,"ingredient":{"item":"extra_compat:chevon_chop"},"result":"extra_compat:cooked_chevon_chop"}: Unknown item 'extra_compat:chevon_chop'
[09:35:43] [WARN] Error parsing recipe farmersdelight:cutting/wilderness/overgrown_birch_log[farmersdelight:cutting]: {"type":"farmersdelight:cutting","ingredients":[{"item":"wilderness:overgrown_birch_log"}],"result":[{"item":"minecraft:moss_block"},{"item":"minecraft:birch_log"}],"sound":"minecraft:item.axe.strip","tool":{"type":"farmersdelight:tool_action","action":"axe_strip"}}: Unknown item 'wilderness:overgrown_birch_log'
[09:35:43] [WARN] Error parsing recipe extra_compat:forgotten_great_sword_smithing[minecraft:smithing_transform]: {"type":"minecraft:smithing_transform","addition":{"item":"undergarden:forgotten_ingot"},"base":{"item":"extra_compat:cloggrum_great_sword"},"result":{"item":"extra_compat:forgotten_great_sword"},"template":{"item":"undergarden:forgotten_upgrade_smithing_template"}}: Unknown item 'extra_compat:cloggrum_great_sword'
[09:35:43] [WARN] Error parsing recipe create:sandpaper_polishing/biomes_o_plenty_rose_quartz_chunk[create:sandpaper_polishing]: {"type":"create:sandpaper_polishing","ingredients":[{"item":"biomesoplenty:rose_quartz_chunk"}],"results":[{"item":"create:polished_rose_quartz"}]}: Unknown item 'biomesoplenty:rose_quartz_chunk'
[09:35:43] [WARN] Error parsing recipe shutter:muddy_oak_shutter[minecraft:crafting_shaped]: {"type":"minecraft:crafting_shaped","category":"misc","key":{},"pattern":["   ","   "],"result":{"count":2,"item":"shutter:muddy_oak_shutter"},"show_notification":true}: Index 0 out of bounds for length 0
[09:35:43] [WARN] Error parsing recipe shutter:pine_shutter[minecraft:crafting_shaped]: {"type":"minecraft:crafting_shaped","category":"misc","key":{},"pattern":["   ","   "],"result":{"count":2,"item":"shutter:pine_shutter"},"show_notification":true}: Index 0 out of bounds for length 0
[09:35:43] [WARN] Error parsing recipe farmersdelight:cutting/aromatic/cinnamon_stem[farmersdelight:cutting]: {"type":"farmersdelight:cutting","ingredients":[{"item":"aromatic:cinnamon_log_thin"}],"result":[{"item":"aromatic:cinnamon_bark"},{"item":"aromatic:stripped_cinnamon_log_thin"}],"sound":"minecraft:item.axe.strip","tool":{"type":"farmersdelight:tool_action","action":"axe_strip"}}: Unknown item 'aromatic:cinnamon_log_thin'
[09:35:43] [WARN] Error parsing recipe extra_compat:utherium_gloves[minecraft:crafting_shaped]: {"type":"minecraft:crafting_shaped","category":"equipment","key":{"#":{"item":"undergarden:utherium_crystal"}},"pattern":["# #"],"result":{"item":"extra_compat:utherium_gloves"},"show_notification":true}: Unknown item 'extra_compat:utherium_gloves'
[09:35:43] [WARN] Error parsing recipe shieldexp:griefer_shield[minecraft:crafting_shaped]: {"type":"minecraft:crafting_shaped","pattern":["XXX","XIX","XXX"],"key":{"X":{"item":"savage_and_ravage:blast_proof_plating"},"I":{"item":"minecraft:stick"}},"result":{"item":"shieldexp:griefer_shield"}}: Unknown item 'savage_and_ravage:blast_proof_plating'
[09:35:43] [WARN] Error parsing recipe extra_compat:cloggrum_dagger[minecraft:crafting_shaped]: {"type":"minecraft:crafting_shaped","pattern":["#","/"],"key":{"#":{"item":"undergarden:cloggrum_ingot"},"/":{"item":"minecraft:stick"}},"result":{"item":"extra_compat:cloggrum_dagger","count":1}}: Unknown item 'extra_compat:cloggrum_dagger'
[09:35:43] [WARN] Error parsing recipe farmersdelight:cutting/goated/cooked_chevon[farmersdelight:cutting]: {"type":"farmersdelight:cutting","ingredients":[{"item":"goated:cooked_chevon"}],"result":[{"count":2,"item":"extra_compat:cooked_chevon_chop"}],"tool":{"tag":"forge:tools/knives"}}: Unknown item 'goated:cooked_chevon'
[09:35:43] [WARN] Error parsing recipe autumnity:wallpapers/blue_wallpaper_roll[minecraft:crafting_shapeless]: {"type":"minecraft:crafting_shapeless","group":"wallpaper_rolls","ingredients":[{"item":"minecraft:paper"},{"tag":"extra_compat:wallpaper_adhesives"},{"item":"minecraft:paper"},{"item":"minecraft:paper"},{"item":"minecraft:blue_dye"},{"item":"minecraft:paper"},{"item":"minecraft:paper"},{"item":"minecraft:paper"},{"item":"minecraft:paper"}],"result":{"item":"wallpapers:blue_wallpaper_roll","count":14}}: Unknown item 'wallpapers:blue_wallpaper_roll'
[09:35:43] [WARN] Error parsing recipe farmersdelight:cutting/buzzier_bees/buttercup[farmersdelight:cutting]: {"type":"farmersdelight:cutting","ingredients":[{"item":"buzzier_bees:buttercup"}],"result":[{"count":2,"item":"minecraft:yellow_dye"}],"tool":{"tag":"forge:tools/knives"}}: Unknown item 'buzzier_bees:buttercup'
[09:35:43] [WARN] Error parsing recipe farmersdelight:cutting/marigolds/marigold[farmersdelight:cutting]: {"type":"farmersdelight:cutting","ingredients":[{"item":"marigolds:marigold"}],"result":[{"count":2,"item":"minecraft:orange_dye"}],"tool":{"tag":"forge:tools/knives"}}: Unknown item 'marigolds:marigold'
[09:35:43] [WARN] Error parsing recipe shutter:azure_shutter[minecraft:crafting_shaped]: {"type":"minecraft:crafting_shaped","category":"misc","key":{},"pattern":["   ","   "],"result":{"count":2,"item":"shutter:azure_shutter"},"show_notification":true}: Index 0 out of bounds for length 0
[09:35:43] [WARN] Error parsing recipe shutter:gingerbread_shutter[minecraft:crafting_shaped]: {"type":"minecraft:crafting_shaped","category":"misc","key":{},"pattern":["  ","  "],"result":{"count":4,"item":"shutter:gingerbread_shutter"},"show_notification":true}: Index 0 out of bounds for length 0
[09:35:43] [WARN] Error parsing recipe rainbowreef:milk_bottle_clownfish_cupcake[minecraft:crafting_shapeless]: {"type":"minecraft:crafting_shapeless","ingredients":[{"item":"minecraft:sugar"},{"item":"minecraft:sugar"},{"item":"minecraft:wheat"},{"item":"farmersdelight:milk_bottle"},{"item":"minecraft:egg"},{"item":"rainbowreef:raw_clownfish"}],"result":{"item":"rainbowreef:clownfish_cupcake"}}: Unknown item 'rainbowreef:raw_clownfish'
[09:35:43] [WARN] Error parsing recipe farmersdelight:cutting/twigs/silt_bricks[farmersdelight:cutting]: {"type":"farmersdelight:cutting","ingredients":[{"item":"twigs:silt_bricks"}],"result":[{"count":4,"item":"twigs:silt_brick"}],"tool":{"type":"farmersdelight:tool_action","action":"pickaxe_dig"}}: Unknown item 'twigs:silt_bricks'
[09:35:43] [WARN] Error parsing recipe extra_compat:utherium_club[minecraft:crafting_shaped]: {"type":"minecraft:crafting_shaped","pattern":[" #","# ","/ "],"key":{"#":{"item":"undergarden:utherium_crystal"},"/":{"item":"minecraft:stick"}},"result":{"item":"extra_compat:utherium_club","count":1}}: Unknown item 'extra_compat:utherium_club'
[09:35:43] [WARN] Error parsing recipe extra_compat:froststeel_dagger[minecraft:crafting_shaped]: {"type":"minecraft:crafting_shaped","pattern":["#","/"],"key":{"#":{"item":"undergarden:froststeel_ingot"},"/":{"item":"minecraft:stick"}},"result":{"item":"extra_compat:froststeel_dagger","count":1}}: Unknown item 'extra_compat:froststeel_dagger'
[09:35:43] [WARN] Error parsing recipe extra_compat:cloggrum_great_axe[minecraft:crafting_shaped]: {"type":"minecraft:crafting_shaped","key":{"#":{"item":"undergarden:cloggrum_axe"},"X":{"item":"undergarden:cloggrum_ingot"},"W":{"item":"sniffsweapons:binding_string"}},"pattern":["XXX","XW ","X# "],"result":{"item":"extra_compat:cloggrum_great_axe"}}: Unknown item 'sniffsweapons:binding_string'
[09:35:43] [WARN] Error parsing recipe shutter:cavern_azalea_shutter[minecraft:crafting_shaped]: {"type":"minecraft:crafting_shaped","category":"misc","key":{},"pattern":["   ","   "],"result":{"count":2,"item":"shutter:cavern_azalea_shutter"},"show_notification":true}: Index 0 out of bounds for length 0
[09:35:43] [WARN] Error parsing recipe extra_compat:utherium_hammer[minecraft:crafting_shaped]: {"type":"minecraft:crafting_shaped","pattern":["###","#/#"," / "],"key":{"#":{"item":"undergarden:utherium_crystal"},"/":{"item":"minecraft:stick"}},"result":{"item":"extra_compat:utherium_hammer","count":1}}: Unknown item 'extra_compat:utherium_hammer'
[09:35:43] [WARN] Error parsing recipe autumnity:wallpapers/yellow_wallpaper_roll[minecraft:crafting_shapeless]: {"type":"minecraft:crafting_shapeless","group":"wallpaper_rolls","ingredients":[{"item":"minecraft:paper"},{"tag":"extra_compat:wallpaper_adhesives"},{"item":"minecraft:paper"},{"item":"minecraft:paper"},{"item":"minecraft:yellow_dye"},{"item":"minecraft:paper"},{"item":"minecraft:paper"},{"item":"minecraft:paper"},{"item":"minecraft:paper"}],"result":{"item":"wallpapers:yellow_wallpaper_roll","count":14}}: Unknown item 'wallpapers:yellow_wallpaper_roll'
[09:35:43] [WARN] Error parsing recipe rainbowreef:milk_bottle_buttered_butterflyfish[minecraft:crafting_shaped]: {"type":"minecraft:crafting_shaped","pattern":["S","U","X"],"key":{"S":{"item":"farmersdelight:milk_bottle"},"U":{"item":"rainbowreef:raw_butterflyfish"},"X":{"item":"minecraft:bread"}},"result":{"item":"rainbowreef:buttered_butterflyfish"}}: Unknown item 'rainbowreef:raw_butterflyfish'
[09:35:43] [WARN] Error parsing recipe farmersdelight:cutting/wilderness/overgrown_birch_wood[farmersdelight:cutting]: {"type":"farmersdelight:cutting","ingredients":[{"item":"wilderness:overgrown_birch_wood"}],"result":[{"item":"minecraft:moss_block"},{"item":"minecraft:birch_wood"}],"sound":"minecraft:item.axe.strip","tool":{"type":"farmersdelight:tool_action","action":"axe_strip"}}: Unknown item 'wilderness:overgrown_birch_wood'
[09:35:43] [WARN] Error parsing recipe extra_compat:froststeel_spear[minecraft:crafting_shaped]: {"type":"minecraft:crafting_shaped","pattern":["  ^"," / ","/  "],"key":{"^":{"item":"undergarden:froststeel_ingot"},"/":{"item":"minecraft:stick"}},"result":{"item":"extra_compat:froststeel_spear","count":1}}: Unknown item 'extra_compat:froststeel_spear'
[09:35:43] [WARN] Error parsing recipe extra_compat:cooked_chevon_chop_from_smoking[minecraft:smoking]: {"type":"minecraft:smoking","cookingtime":100,"experience":0.35,"ingredient":{"item":"extra_compat:chevon_chop"},"result":"extra_compat:cooked_chevon_chop"}: Unknown item 'extra_compat:chevon_chop'
[09:35:43] [WARN] Error parsing recipe extra_compat:froststeel_club[minecraft:crafting_shaped]: {"type":"minecraft:crafting_shaped","pattern":[" #","# ","/ "],"key":{"#":{"item":"undergarden:froststeel_ingot"},"/":{"item":"minecraft:stick"}},"result":{"item":"extra_compat:froststeel_club","count":1}}: Unknown item 'extra_compat:froststeel_club'
[09:35:43] [WARN] Error parsing recipe extra_compat:forgotten_quarterstaff_smithing[minecraft:smithing_transform]: {"type":"minecraft:smithing_transform","addition":{"item":"undergarden:forgotten_ingot"},"base":{"item":"extra_compat:cloggrum_quarterstaff"},"result":{"item":"extra_compat:forgotten_quarterstaff"},"template":{"item":"undergarden:forgotten_upgrade_smithing_template"}}: Unknown item 'extra_compat:cloggrum_quarterstaff'
[09:35:43] [WARN] Error parsing recipe autumnity:wallpapers/white_wallpaper_roll[minecraft:crafting_shapeless]: {"type":"minecraft:crafting_shapeless","group":"wallpaper_rolls","ingredients":[{"item":"minecraft:paper"},{"tag":"extra_compat:wallpaper_adhesives"},{"item":"minecraft:paper"},{"item":"minecraft:paper"},{"item":"minecraft:white_dye"},{"item":"minecraft:paper"},{"item":"minecraft:paper"},{"item":"minecraft:paper"},{"item":"minecraft:paper"}],"result":{"item":"wallpapers:white_wallpaper_roll","count":14}}: Unknown item 'wallpapers:white_wallpaper_roll'
[09:35:43] [WARN] Error parsing recipe farmersdelight:cutting/habitat/yellow_anthurium[farmersdelight:cutting]: {"type":"farmersdelight:cutting","ingredients":[{"item":"habitat:yellow_anthurium"}],"result":[{"count":2,"item":"minecraft:yellow_dye"}],"tool":{"tag":"forge:tools/knives"}}: Unknown item 'habitat:yellow_anthurium'
[09:35:43] [WARN] Error parsing recipe extra_compat:froststeel_great_sword[minecraft:crafting_shaped]: {"type":"minecraft:crafting_shaped","key":{"#":{"item":"undergarden:froststeel_sword"},"X":{"item":"undergarden:froststeel_ingot"},"W":{"item":"sniffsweapons:binding_string"}},"pattern":[" XX","XWX","#X "],"result":{"item":"extra_compat:froststeel_great_sword"}}: Unknown item 'sniffsweapons:binding_string'
[09:35:43] [WARN] Error parsing recipe farmersdelight:cutting/habitat/white_anthurium[farmersdelight:cutting]: {"type":"farmersdelight:cutting","ingredients":[{"item":"habitat:white_anthurium"}],"result":[{"count":2,"item":"minecraft:white_dye"}],"tool":{"tag":"forge:tools/knives"}}: Unknown item 'habitat:white_anthurium'
[09:35:43] [WARN] Error parsing recipe extra_compat:utherium_great_sword[minecraft:crafting_shaped]: {"type":"minecraft:crafting_shaped","key":{"#":{"item":"undergarden:utherium_sword"},"X":{"item":"undergarden:utherium_crystal"},"W":{"item":"sniffsweapons:binding_string"}},"pattern":[" XX","XWX","#X "],"result":{"item":"extra_compat:utherium_great_sword"}}: Unknown item 'sniffsweapons:binding_string'
[09:35:43] [WARN] Error parsing recipe dungeons_and_combat:light_upgrade_molten_bone_greatsword[minecraft:smithing_transform]: {"type":"minecraft:smithing_transform","template":{"item":"dungeons_and_combat:light_smithing_template"},"base":{"item":"dungeons_and_combat:molten_bone_greatsword"},"addition":{"item":"dungeons_and_combat:molten_bone"},"result":{"item":"dungeons_and_combat:deleted_mod_element"}}: Unknown item 'dungeons_and_combat:deleted_mod_element'
[09:35:43] [WARN] Error parsing recipe autumnity:wallpapers/cyan_wallpaper_roll[minecraft:crafting_shapeless]: {"type":"minecraft:crafting_shapeless","group":"wallpaper_rolls","ingredients":[{"item":"minecraft:paper"},{"tag":"extra_compat:wallpaper_adhesives"},{"item":"minecraft:paper"},{"item":"minecraft:paper"},{"item":"minecraft:cyan_dye"},{"item":"minecraft:paper"},{"item":"minecraft:paper"},{"item":"minecraft:paper"},{"item":"minecraft:paper"}],"result":{"item":"wallpapers:cyan_wallpaper_roll","count":14}}: Unknown item 'wallpapers:cyan_wallpaper_roll'
[09:35:43] [WARN] Error parsing recipe seasonals:cooking/pumpkin_adzuki_stew[farmersdelight:cooking]: {"conditions":[{"type":"forge:mod_loaded","modid":"farmersdelight"}],"type":"farmersdelight:cooking","container":{"item":"minecraft:bowl"},"cookingtime":200,"experience":1.0,"ingredients":[{"item":"seasonals:pumpkin_puree"},{"item":"neapolitan:adzuki_beans"}],"recipe_book_tab":"meals","result":{"item":"seasonals:pupmkin_adzuki_stew"}}: Unknown item 'seasonals:pumpkin_puree'
[09:35:43] [WARN] Error parsing recipe rainbowreef:milk_bottle_goby_gummy[minecraft:crafting_shapeless]: {"type":"minecraft:crafting_shapeless","ingredients":[{"item":"rainbowreef:raw_goby"},{"item":"farmersdelight:milk_bottle"},{"item":"minecraft:sugar"},{"item":"minecraft:slime_ball"}],"result":{"count":5,"item":"rainbowreef:goby_gummy"}}: Unknown item 'rainbowreef:raw_goby'
[09:35:43] [WARN] Error parsing recipe autumnity:wallpapers/lime_wallpaper_roll[minecraft:crafting_shapeless]: {"type":"minecraft:crafting_shapeless","group":"wallpaper_rolls","ingredients":[{"item":"minecraft:paper"},{"tag":"extra_compat:wallpaper_adhesives"},{"item":"minecraft:paper"},{"item":"minecraft:paper"},{"item":"minecraft:lime_dye"},{"item":"minecraft:paper"},{"item":"minecraft:paper"},{"item":"minecraft:paper"},{"item":"minecraft:paper"}],"result":{"item":"wallpapers:lime_wallpaper_roll","count":14}}: Unknown item 'wallpapers:lime_wallpaper_roll'
[09:35:43] [WARN] Error parsing recipe farmersdelight:cutting/wilderness/overgrown_spruce_wood[farmersdelight:cutting]: {"type":"farmersdelight:cutting","ingredients":[{"item":"wilderness:overgrown_spruce_wood"}],"result":[{"item":"minecraft:moss_block"},{"item":"minecraft:spruce_wood"}],"sound":"minecraft:item.axe.strip","tool":{"type":"farmersdelight:tool_action","action":"axe_strip"}}: Unknown item 'wilderness:overgrown_spruce_wood'
[09:35:43] [WARN] Error parsing recipe conditional:decorative_blocks/wood_cutter/pine_beam_woodcutter[meadow:conditional]: {"type":"meadow:conditional","conditions":[{"type":"forge:mod_loaded","modid":"decorative_blocks"}],"recipe":{"type":"meadow:woodcutting","inputItem":{"tag":"minecraft:pine_logs"},"outputItem":"decorative_blocks:pine_beam","outputAmount":2}}: Item not found: decorative_blocks:pine_beam
[09:35:43] [WARN] Error parsing recipe extra_compat:cloggrum_gloves[minecraft:crafting_shaped]: {"type":"minecraft:crafting_shaped","category":"equipment","key":{"#":{"item":"undergarden:cloggrum_ingot"}},"pattern":["# #"],"result":{"item":"extra_compat:cloggrum_gloves"},"show_notification":true}: Unknown item 'extra_compat:cloggrum_gloves'
[09:35:43] [WARN] Error parsing recipe autumnity:wallpapers/purple_wallpaper_roll[minecraft:crafting_shapeless]: {"type":"minecraft:crafting_shapeless","group":"wallpaper_rolls","ingredients":[{"item":"minecraft:paper"},{"tag":"extra_compat:wallpaper_adhesives"},{"item":"minecraft:paper"},{"item":"minecraft:paper"},{"item":"minecraft:purple_dye"},{"item":"minecraft:paper"},{"item":"minecraft:paper"},{"item":"minecraft:paper"},{"item":"minecraft:paper"}],"result":{"item":"wallpapers:purple_wallpaper_roll","count":14}}: Unknown item 'wallpapers:purple_wallpaper_roll'
[09:35:43] [WARN] Error parsing recipe extra_compat:froststeel_quarterstaff[minecraft:crafting_shaped]: {"type":"minecraft:crafting_shaped","pattern":["  /"," O ","/  "],"key":{"/":{"item":"minecraft:stick"},"O":{"item":"undergarden:froststeel_ingot"}},"result":{"item":"extra_compat:froststeel_quarterstaff","count":1}}: Unknown item 'extra_compat:froststeel_quarterstaff'
[09:35:43] [WARN] Error parsing recipe farmersdelight:cutting/goated/chevon[farmersdelight:cutting]: {"type":"farmersdelight:cutting","ingredients":[{"item":"goated:chevon"}],"result":[{"count":2,"item":"extra_compat:chevon_chop"}],"tool":{"tag":"forge:tools/knives"}}: Unknown item 'goated:chevon'
[09:35:43] [WARN] Error parsing recipe celestisynth:celestial_spellbook[minecraft:crafting_shaped]: {"type":"minecraft:crafting_shaped","category":"equipment","key":{"b":{"item":"irons_spellbooks:ruined_book"},"c":{"item":"celestisynth:celestial_core_heated"},"p":{"item":"minecraft:paper"},"x":{"item":"celestisynth:celestial_netherite_ingot"}},"pattern":["xcx","xbp","xcx"],"result":{"item":"celestisynth:celestial_spell_book"},"show_notification":true}: Unknown item 'irons_spellbooks:ruined_book'
[09:35:43] [WARN] Error parsing recipe farmersdelight:cutting/wilderness/overgrown_oak_log[farmersdelight:cutting]: {"type":"farmersdelight:cutting","ingredients":[{"item":"wilderness:overgrown_oak_log"}],"result":[{"item":"minecraft:moss_block"},{"item":"minecraft:oak_log"}],"sound":"minecraft:item.axe.strip","tool":{"type":"farmersdelight:tool_action","action":"axe_strip"}}: Unknown item 'wilderness:overgrown_oak_log'
[09:35:43] [WARN] Error parsing recipe farmersdelight:cutting/aromatic/cinnamon_wood[farmersdelight:cutting]: {"type":"farmersdelight:cutting","ingredients":[{"item":"aromatic:cinnamon_wood"}],"result":[{"item":"farmersdelight:tree_bark"},{"item":"aromatic:stripped_cinnamon_wood"}],"sound":"minecraft:item.axe.strip","tool":{"type":"farmersdelight:tool_action","action":"axe_strip"}}: Unknown item 'aromatic:cinnamon_wood'
[09:35:43] [WARN] Error parsing recipe minecraft:kjs/chest_3[kubejs:shaped]: {"type":"minecraft:crafting_shaped","result":{"item":"minecraft:chest","count":1},"pattern":["   ","   ","   "],"key":{}}: Index 0 out of bounds for length 0
[09:35:43] [WARN] Error parsing recipe minecraft:kjs/trapped_chest_5[kubejs:shaped]: {"type":"minecraft:crafting_shaped","result":{"item":"minecraft:trapped_chest","count":1},"pattern":["   ","   ","   "],"key":{}}: Index 0 out of bounds for length 0
[09:35:43] [WARN] Error parsing recipe minecraft:kjs/trapped_chest_4[kubejs:shaped]: {"type":"minecraft:crafting_shaped","result":{"item":"minecraft:trapped_chest","count":1},"pattern":["   ","   ","   "],"key":{}}: Index 0 out of bounds for length 0
[09:35:43] [WARN] Error parsing recipe minecraft:kjs/chest_4[kubejs:shaped]: {"type":"minecraft:crafting_shaped","result":{"item":"minecraft:chest","count":1},"pattern":["   ","   ","   "],"key":{}}: Index 0 out of bounds for length 0
[09:35:43] [WARN] Error parsing recipe minecraft:kjs/chest_13[kubejs:shaped]: {"type":"minecraft:crafting_shaped","result":{"item":"minecraft:chest","count":1},"pattern":["   ","   ","   "],"key":{}}: Index 0 out of bounds for length 0
[09:35:43] [WARN] Error parsing recipe minecraft:kjs/trapped_chest_6[kubejs:shaped]: {"type":"minecraft:crafting_shaped","result":{"item":"minecraft:trapped_chest","count":1},"pattern":["   ","   ","   "],"key":{}}: Index 0 out of bounds for length 0
[09:35:43] [WARN] Error parsing recipe minecraft:kjs/trapped_chest_7[kubejs:shaped]: {"type":"minecraft:crafting_shaped","result":{"item":"minecraft:trapped_chest","count":1},"pattern":["   ","   ","   "],"key":{}}: Index 0 out of bounds for length 0
[09:35:43] [WARN] Error parsing recipe minecraft:kjs/chest_15[kubejs:shaped]: {"type":"minecraft:crafting_shaped","result":{"item":"minecraft:chest","count":1},"pattern":["   ","   ","   "],"key":{}}: Index 0 out of bounds for length 0
[09:35:43] [WARN] Error parsing recipe minecraft:kjs/chest_14[kubejs:shaped]: {"type":"minecraft:crafting_shaped","result":{"item":"minecraft:chest","count":1},"pattern":["   ","   ","   "],"key":{}}: Index 0 out of bounds for length 0
[09:35:43] [WARN] Error parsing recipe minecraft:kjs/trapped_chest_8[kubejs:shaped]: {"type":"minecraft:crafting_shaped","result":{"item":"minecraft:trapped_chest","count":1},"pattern":["   ","   ","   "],"key":{}}: Index 0 out of bounds for length 0
[09:35:43] [WARN] Error parsing recipe minecraft:kjs/chest_16[kubejs:shaped]: {"type":"minecraft:crafting_shaped","result":{"item":"minecraft:chest","count":1},"pattern":["   ","   ","   "],"key":{}}: Index 0 out of bounds for length 0
[09:35:43] [WARN] Error parsing recipe minecraft:kjs/trapped_chest_9[kubejs:shaped]: {"type":"minecraft:crafting_shaped","result":{"item":"minecraft:trapped_chest","count":1},"pattern":["   ","   ","   "],"key":{}}: Index 0 out of bounds for length 0
[09:35:43] [WARN] Error parsing recipe minecraft:kjs/chest_17[kubejs:shaped]: {"type":"minecraft:crafting_shaped","result":{"item":"minecraft:chest","count":1},"pattern":["   ","   ","   "],"key":{}}: Index 0 out of bounds for length 0
[09:35:43] [WARN] Error parsing recipe minecraft:kjs/trapped_chest_12[kubejs:shaped]: {"type":"minecraft:crafting_shaped","result":{"item":"minecraft:trapped_chest","count":1},"pattern":["   ","   ","   "],"key":{}}: Index 0 out of bounds for length 0
[09:35:43] [WARN] Error parsing recipe minecraft:kjs/chest_19[kubejs:shaped]: {"type":"minecraft:crafting_shaped","result":{"item":"minecraft:chest","count":1},"pattern":["   ","   ","   "],"key":{}}: Index 0 out of bounds for length 0
[09:35:43] [WARN] Error parsing recipe minecraft:kjs/trapped_chest_13[kubejs:shaped]: {"type":"minecraft:crafting_shaped","result":{"item":"minecraft:trapped_chest","count":1},"pattern":["   ","   ","   "],"key":{}}: Index 0 out of bounds for length 0
[09:35:43] [WARN] Error parsing recipe minecraft:kjs/chest_21[kubejs:shaped]: {"type":"minecraft:crafting_shaped","result":{"item":"minecraft:chest","count":1},"pattern":["   ","   ","   "],"key":{}}: Index 0 out of bounds for length 0
[09:35:43] [WARN] Error parsing recipe minecraft:kjs/trapped_chest_14[kubejs:shaped]: {"type":"minecraft:crafting_shaped","result":{"item":"minecraft:trapped_chest","count":1},"pattern":["   ","   ","   "],"key":{}}: Index 0 out of bounds for length 0
[09:35:43] [WARN] Error parsing recipe minecraft:kjs/chest_22[kubejs:shaped]: {"type":"minecraft:crafting_shaped","result":{"item":"minecraft:chest","count":1},"pattern":["   ","   ","   "],"key":{}}: Index 0 out of bounds for length 0
[09:35:43] [WARN] Error parsing recipe minecraft:kjs/trapped_chest_15[kubejs:shaped]: {"type":"minecraft:crafting_shaped","result":{"item":"minecraft:trapped_chest","count":1},"pattern":["   ","   ","   "],"key":{}}: Index 0 out of bounds for length 0
[09:35:43] [WARN] Error parsing recipe minecraft:kjs/chest_23[kubejs:shaped]: {"type":"minecraft:crafting_shaped","result":{"item":"minecraft:chest","count":1},"pattern":["   ","   ","   "],"key":{}}: Index 0 out of bounds for length 0
[09:35:43] [WARN] Error parsing recipe minecraft:kjs/trapped_chest_16[kubejs:shaped]: {"type":"minecraft:crafting_shaped","result":{"item":"minecraft:trapped_chest","count":1},"pattern":["   ","   ","   "],"key":{}}: Index 0 out of bounds for length 0
[09:35:43] [WARN] Error parsing recipe minecraft:kjs/chest_24[kubejs:shaped]: {"type":"minecraft:crafting_shaped","result":{"item":"minecraft:chest","count":1},"pattern":["   ","   ","   "],"key":{}}: Index 0 out of bounds for length 0
[09:35:43] [WARN] Error parsing recipe minecraft:kjs/trapped_chest_17[kubejs:shaped]: {"type":"minecraft:crafting_shaped","result":{"item":"minecraft:trapped_chest","count":1},"pattern":["   ","   ","   "],"key":{}}: Index 0 out of bounds for length 0
[09:35:43] [WARN] Error parsing recipe minecraft:kjs/chest_25[kubejs:shaped]: {"type":"minecraft:crafting_shaped","result":{"item":"minecraft:chest","count":1},"pattern":["   ","   ","   "],"key":{}}: Index 0 out of bounds for length 0
[09:35:43] [WARN] Error parsing recipe minecraft:kjs/trapped_chest_18[kubejs:shaped]: {"type":"minecraft:crafting_shaped","result":{"item":"minecraft:trapped_chest","count":1},"pattern":["   ","   ","   "],"key":{}}: Index 0 out of bounds for length 0
[09:35:43] [WARN] Error parsing recipe minecraft:kjs/chest_26[kubejs:shaped]: {"type":"minecraft:crafting_shaped","result":{"item":"minecraft:chest","count":1},"pattern":["   ","   ","   "],"key":{}}: Index 0 out of bounds for length 0
[09:35:43] [WARN] Error parsing recipe minecraft:kjs/trapped_chest_19[kubejs:shaped]: {"type":"minecraft:crafting_shaped","result":{"item":"minecraft:trapped_chest","count":1},"pattern":["   ","   ","   "],"key":{}}: Index 0 out of bounds for length 0
[09:35:43] [WARN] Error parsing recipe minecraft:kjs/chest_27[kubejs:shaped]: {"type":"minecraft:crafting_shaped","result":{"item":"minecraft:chest","count":1},"pattern":["   ","   ","   "],"key":{}}: Index 0 out of bounds for length 0
[09:35:43] [WARN] Error parsing recipe minecraft:kjs/trapped_chest_20[kubejs:shaped]: {"type":"minecraft:crafting_shaped","result":{"item":"minecraft:trapped_chest","count":1},"pattern":["   ","   ","   "],"key":{}}: Index 0 out of bounds for length 0
[09:35:43] [WARN] Error parsing recipe minecraft:kjs/chest_28[kubejs:shaped]: {"type":"minecraft:crafting_shaped","result":{"item":"minecraft:chest","count":1},"pattern":["   ","   ","   "],"key":{}}: Index 0 out of bounds for length 0
[09:35:43] [WARN] Error parsing recipe minecraft:kjs/trapped_chest_22[kubejs:shaped]: {"type":"minecraft:crafting_shaped","result":{"item":"minecraft:trapped_chest","count":1},"pattern":["   ","   ","   "],"key":{}}: Index 0 out of bounds for length 0
[09:35:43] [WARN] Error parsing recipe minecraft:kjs/chest_29[kubejs:shaped]: {"type":"minecraft:crafting_shaped","result":{"item":"minecraft:chest","count":1},"pattern":["   ","   ","   "],"key":{}}: Index 0 out of bounds for length 0
[09:35:43] [WARN] Error parsing recipe minecraft:kjs/trapped_chest_29[kubejs:shaped]: {"type":"minecraft:crafting_shaped","result":{"item":"minecraft:trapped_chest","count":1},"pattern":["   ","   ","   "],"key":{}}: Index 0 out of bounds for length 0
[09:35:43] [WARN] Error parsing recipe minecraft:kjs/chest_30[kubejs:shaped]: {"type":"minecraft:crafting_shaped","result":{"item":"minecraft:chest","count":1},"pattern":["   ","   ","   "],"key":{}}: Index 0 out of bounds for length 0
[09:35:43] [WARN] Error parsing recipe minecraft:kjs/trapped_chest_30[kubejs:shaped]: {"type":"minecraft:crafting_shaped","result":{"item":"minecraft:trapped_chest","count":1},"pattern":["   ","   ","   "],"key":{}}: Index 0 out of bounds for length 0
[09:35:43] [WARN] Error parsing recipe minecraft:kjs/chest_31[kubejs:shaped]: {"type":"minecraft:crafting_shaped","result":{"item":"minecraft:chest","count":1},"pattern":["   ","   ","   "],"key":{}}: Index 0 out of bounds for length 0
[09:35:43] [WARN] Error parsing recipe minecraft:kjs/trapped_chest_31[kubejs:shaped]: {"type":"minecraft:crafting_shaped","result":{"item":"minecraft:trapped_chest","count":1},"pattern":["   ","   ","   "],"key":{}}: Index 0 out of bounds for length 0
[09:35:43] [WARN] Error parsing recipe minecraft:kjs/chest_32[kubejs:shaped]: {"type":"minecraft:crafting_shaped","result":{"item":"minecraft:chest","count":1},"pattern":["   ","   ","   "],"key":{}}: Index 0 out of bounds for length 0
[09:35:43] [WARN] Error parsing recipe minecraft:kjs/trapped_chest_32[kubejs:shaped]: {"type":"minecraft:crafting_shaped","result":{"item":"minecraft:trapped_chest","count":1},"pattern":["   ","   ","   "],"key":{}}: Index 0 out of bounds for length 0
[09:35:43] [WARN] Error parsing recipe minecraft:kjs/chest_33[kubejs:shaped]: {"type":"minecraft:crafting_shaped","result":{"item":"minecraft:chest","count":1},"pattern":["   ","   ","   "],"key":{}}: Index 0 out of bounds for length 0
[09:35:43] [WARN] Error parsing recipe minecraft:kjs/trapped_chest_33[kubejs:shaped]: {"type":"minecraft:crafting_shaped","result":{"item":"minecraft:trapped_chest","count":1},"pattern":["   ","   ","   "],"key":{}}: Index 0 out of bounds for length 0
[09:35:43] [WARN] Error parsing recipe minecraft:kjs/chest_34[kubejs:shaped]: {"type":"minecraft:crafting_shaped","result":{"item":"minecraft:chest","count":1},"pattern":["   ","   ","   "],"key":{}}: Index 0 out of bounds for length 0
[09:35:43] [WARN] Error parsing recipe minecraft:kjs/trapped_chest_34[kubejs:shaped]: {"type":"minecraft:crafting_shaped","result":{"item":"minecraft:trapped_chest","count":1},"pattern":["   ","   ","   "],"key":{}}: Index 0 out of bounds for length 0
[09:35:43] [INFO] Added 196 recipes, removed 98 recipes, modified 555 recipes, with 227 failed recipes in 65.23 ms
[09:35:43] [WARN] removed.js#24: LootJS: Invalid ingredient for filter: biomemakeover:cladded_boots
[09:35:43] [WARN] removed.js#25: LootJS: Invalid ingredient for filter: biomemakeover:cladded_leggings
[09:35:43] [WARN] removed.js#26: LootJS: Invalid ingredient for filter: biomemakeover:cladded_chestplate
[09:35:43] [WARN] removed.js#27: LootJS: Invalid ingredient for filter: biomemakeover:cladding_upgrade_smithing_template
[09:35:43] [WARN] removed.js#28: LootJS: Invalid ingredient for filter: biomemakeover:cladded_boots
[09:35:43] [WARN] removed.js#29: LootJS: Invalid ingredient for filter: biomemakeover:cladded_leggings
[09:35:43] [WARN] removed.js#30: LootJS: Invalid ingredient for filter: biomemakeover:cladded_chestplate
