* This is the StructMobWeight report file that is output every time the server starts.
* 
* Spawn Balance Utility (SBU) will use this file ONLY if it is renamed to StructMobWeight.csv.
* Lines starting with '*' are comments and ignored
* It allows you to add and remove mobs and adjust their spawnweights for Structures
* like shipwrecks, nether fortresses, water monuments, etc.
* 
1, legendary_monsters:abandoned_crypt, HEADING, header:ignore, 0, 0, 0
2, dungeons_arise:abandoned_temple, HEADING, header:ignore, 0, 0, 0
3, dungeons_arise:abandoned_temple, MONSTER, minecraft:stray, 1, 1, 1
4, incendium:abandoned_tower, HEADING, header:ignore, 0, 0, 0
5, cataclysm:acropolis, HEADING, header:ignore, 0, 0, 0
6, minecraft:ancient_city, HEADING, header:ignore, 0, 0, 0
7, repurposed_structures:ancient_city_end, HEADING, header:ignore, 0, 0, 0
8, repurposed_structures:ancient_city_end, MONSTER, minecraft:phantom, 3, 1, 1
9, repurposed_structures:ancient_city_end, MONSTER, minecraft:endermite, 2, 3, 7
10, repurposed_structures:ancient_city_nether, HEADING, header:ignore, 0, 0, 0
11, repurposed_structures:ancient_city_nether, MONSTER, minecraft:ghast, 10, 6, 10
12, repurposed_structures:ancient_city_nether, MONSTER, minecraft:wither_skeleton, 1, 1, 3
13, repurposed_structures:ancient_city_ocean, HEADING, header:ignore, 0, 0, 0
14, repurposed_structures:ancient_city_ocean, MONSTER, minecraft:drowned, 10, 2, 5
15, philipsruins:ancient_crypt, HEADING, header:ignore, 0, 0, 0
16, philipsruins:ancient_dungeon, HEADING, header:ignore, 0, 0, 0
17, philipsruins:ancient_dungeon, MONSTER, minecraft:zombie, 2, 4, 12
18, cataclysm:ancient_factory, HEADING, header:ignore, 0, 0, 0
19, theinkarena:ancient_ink_temple, HEADING, header:ignore, 0, 0, 0
20, philipsruins:ancient_ruins, HEADING, header:ignore, 0, 0, 0
21, philipsruins:ancient_ruins, MONSTER, minecraft:zombie, 12, 10, 20
22, philipsruins:ancient_ruins, MONSTER, minecraft:skeleton, 12, 10, 20
23, legendary_monsters:ancient_stronghold, HEADING, header:ignore, 0, 0, 0
24, ati_structures:ancient_temple, HEADING, header:ignore, 0, 0, 0
25, ati_structures:ancient_temple, MONSTER, minecraft:slime, 1, 1, 2
26, deeperdarker:ancient_temple, HEADING, header:ignore, 0, 0, 0
27, legendary_monsters:ancient_tower_remains, HEADING, header:ignore, 0, 0, 0
28, philipsruins:ancient_towers, HEADING, header:ignore, 0, 0, 0
29, philipsruins:ancient_towers, MONSTER, minecraft:zombie, 12, 5, 20
30, dungeons_and_combat:ancient_tree, HEADING, header:ignore, 0, 0, 0
31, ati_structures:ancient_vessel, HEADING, header:ignore, 0, 0, 0
32, realmrpg_quests:anglers, HEADING, header:ignore, 0, 0, 0
33, philipsruins:antiquus_crypta, HEADING, header:ignore, 0, 0, 0
34, philipsruins:antiquus_crypta, MONSTER, minecraft:skeleton, 15, 5, 15
35, philipsruins:antiquus_crypta, MONSTER, minecraft:zombie, 15, 7, 15
36, ati_structures:arachnid_dwelling, HEADING, header:ignore, 0, 0, 0
37, betterarcheology:archeologist_camp_grassy, HEADING, header:ignore, 0, 0, 0
38, betterarcheology:archeologist_camp_redsand, HEADING, header:ignore, 0, 0, 0
39, betterarcheology:archeologist_camp_sand, HEADING, header:ignore, 0, 0, 0
40, mes:astral_hideaway, HEADING, header:ignore, 0, 0, 0
41, mes:astral_meteorite, HEADING, header:ignore, 0, 0, 0
42, ati_structures:ati_stoneworks, HEADING, header:ignore, 0, 0, 0
43, dungeons_arise:aviary, HEADING, header:ignore, 0, 0, 0
44, dungeons_arise:aviary, MONSTER, minecraft:phantom, 60, 2, 3
45, hexerei:baba_yaga_hut, HEADING, header:ignore, 0, 0, 0
46, nova_structures:badlands_miner_outpost, HEADING, header:ignore, 0, 0, 0
47, explorify:badlands_pyramid, HEADING, header:ignore, 0, 0, 0
48, philipsruins:badlands_start_dungeon, HEADING, header:ignore, 0, 0, 0
49, philipsruins:badlands_structures, HEADING, header:ignore, 0, 0, 0
50, formationsoverworld:bamboo_hut, HEADING, header:ignore, 0, 0, 0
51, dungeons_arise:bandit_towers, HEADING, header:ignore, 0, 0, 0
52, dungeons_arise:bandit_village, HEADING, header:ignore, 0, 0, 0
53, formationsnether:basalt_hut, HEADING, header:ignore, 0, 0, 0
54, minecraft:bastion_remnant, HEADING, header:ignore, 0, 0, 0
55, repurposed_structures:bastion_underground, HEADING, header:ignore, 0, 0, 0
56, repurposed_structures:bastion_underground, MONSTER, minecraft:skeleton, 10, 1, 4
57, dungeons_arise:bathhouse, HEADING, header:ignore, 0, 0, 0
58, mvs:beach_bar, HEADING, header:ignore, 0, 0, 0
59, beachparty:beach_hut, HEADING, header:ignore, 0, 0, 0
60, meadow:bench, HEADING, header:ignore, 0, 0, 0
61, meadow:bench, CREATURE, minecraft:pig, 1, 1, 4
62, valhelsia_structures:big_tree, HEADING, header:ignore, 0, 0, 0
63, dungeons_enhanced:black_citadel, HEADING, header:ignore, 0, 0, 0
64, dungeons_enhanced:black_citadel, MONSTER, minecraft:wither_skeleton, 4, 2, 5
65, dungeons_enhanced:black_citadel, MONSTER, minecraft:skeleton, 1, 1, 3
66, explorify:black_spiral, HEADING, header:ignore, 0, 0, 0
67, formationsnether:blackstone_castle, HEADING, header:ignore, 0, 0, 0
68, formationsnether:blackstone_remnant, HEADING, header:ignore, 0, 0, 0
69, dungeons_and_combat:blazing_fortress, HEADING, header:ignore, 0, 0, 0
70, eeeabsmobs:bloody_altar, HEADING, header:ignore, 0, 0, 0
71, philipsruins:bone_dungeon, HEADING, header:ignore, 0, 0, 0
72, philipsruins:bone_dungeon, MONSTER, minecraft:skeleton, 6, 2, 8
73, philipsruins:bone_dungeon, MONSTER, minecraft:husk, 5, 5, 10
74, feur_extension_fossil:bones_tree, HEADING, header:ignore, 0, 0, 0
75, nova_structures:bunker, HEADING, header:ignore, 0, 0, 0
76, betterarcheology:buried_ruins_sand, HEADING, header:ignore, 0, 0, 0
77, minecraft:buried_treasure, HEADING, header:ignore, 0, 0, 0
78, cataclysm:burning_arena, HEADING, header:ignore, 0, 0, 0
79, explorify:campsite, HEADING, header:ignore, 0, 0, 0
80, formationsnether:campsite, HEADING, header:ignore, 0, 0, 0
81, formationsoverworld:campsite, HEADING, header:ignore, 0, 0, 0
82, mvs:cartographer_tower, HEADING, header:ignore, 0, 0, 0
83, mvs:carts/cart, HEADING, header:ignore, 0, 0, 0
84, mvs:carts/large_cart_1, HEADING, header:ignore, 0, 0, 0
85, mvs:carts/large_cart_2, HEADING, header:ignore, 0, 0, 0
86, mvs:carts/medium_bamboo_cart, HEADING, header:ignore, 0, 0, 0
87, ati_structures:castillo, HEADING, header:ignore, 0, 0, 0
88, dungeons_enhanced:castle, HEADING, header:ignore, 0, 0, 0
89, medievalend:castle, HEADING, header:ignore, 0, 0, 0
90, valhelsia_structures:castle, HEADING, header:ignore, 0, 0, 0
91, valhelsia_structures:castle_ruin, HEADING, header:ignore, 0, 0, 0
92, bygonenether:catacomb, HEADING, header:ignore, 0, 0, 0
93, bygonenether:catacomb, MONSTER, minecraft:magma_cube, 1, 1, 1
94, betterarcheology:catacombs, HEADING, header:ignore, 0, 0, 0
95, undergarden:catacombs, HEADING, header:ignore, 0, 0, 0
96, undergarden:catacombs, MONSTER, undergarden:forgotten, 1, 1, 1
97, ati_structures:catalonian_castle, HEADING, header:ignore, 0, 0, 0
98, mvs:cathedral, HEADING, header:ignore, 0, 0, 0
99, mvs:cathedral, MONSTER, minecraft:skeleton, 1, 1, 2
100, mvs:cathedral, MONSTER, minecraft:zombie, 2, 2, 5
101, dungeons_arise:ceryneian_hind, HEADING, header:ignore, 0, 0, 0
102, meadow:chalet, HEADING, header:ignore, 0, 0, 0
103, meadow:chapel, HEADING, header:ignore, 0, 0, 0
104, netherexp:chapel, HEADING, header:ignore, 0, 0, 0
105, formationsnether:checkerboard_temple, HEADING, header:ignore, 0, 0, 0
106, bygonenether:citadel, HEADING, header:ignore, 0, 0, 0
107, bygonenether:citadel, MONSTER, bygonenether:warped_enderman, 1, 1, 1
108, bygonenether:citadel, MONSTER, minecraft:enderman, 1, 1, 1
109, friendsandfoes:citadel, HEADING, header:ignore, 0, 0, 0
110, friendsandfoes:citadel, MONSTER, minecraft:blaze, 1, 1, 2
111, repurposed_structures:city_nether, HEADING, header:ignore, 0, 0, 0
112, repurposed_structures:city_nether, MONSTER, minecraft:wither_skeleton, 10, 2, 3
113, repurposed_structures:city_nether, MONSTER, minecraft:blaze, 120, 1, 4
114, repurposed_structures:city_overworld, HEADING, header:ignore, 0, 0, 0
115, legendary_monsters:cloudy_temple, HEADING, header:ignore, 0, 0, 0
116, born_in_chaos_v1:clown_caravan_plains, HEADING, header:ignore, 0, 0, 0
117, born_in_chaos_v1:clown_caravan_savanna, HEADING, header:ignore, 0, 0, 0
118, born_in_chaos_v1:clown_caravan_taiga, HEADING, header:ignore, 0, 0, 0
119, formationsoverworld:cobble_hole, HEADING, header:ignore, 0, 0, 0
120, dungeons_arise:coliseum, HEADING, header:ignore, 0, 0, 0
121, nova_structures:conduit_ruin, HEADING, header:ignore, 0, 0, 0
122, nova_structures:conduit_ruin, MONSTER, minecraft:guardian, 1, 1, 1
123, nova_structures:conduit_ruin, MONSTER, minecraft:drowned, 5, 1, 2
124, realmrpg_quests:cooks, HEADING, header:ignore, 0, 0, 0
125, formationsoverworld:copper_spire, HEADING, header:ignore, 0, 0, 0
126, dungeons_arise_seven_seas:corsair_corvette, HEADING, header:ignore, 0, 0, 0
127, nova_structures:creeping_crypt, HEADING, header:ignore, 0, 0, 0
128, mvs:crystal, HEADING, header:ignore, 0, 0, 0
129, cataclysm:cursed_pyramid, HEADING, header:ignore, 0, 0, 0
130, hexerei:dark_coven, HEADING, header:ignore, 0, 0, 0
131, explorify:dark_forest_settlement, HEADING, header:ignore, 0, 0, 0
132, ati_structures:dark_keep, HEADING, header:ignore, 0, 0, 0
133, ati_structures:dark_tower, HEADING, header:ignore, 0, 0, 0
134, born_in_chaos_v1:dark_tower_forest, HEADING, header:ignore, 0, 0, 0
135, born_in_chaos_v1:dark_tower_plain, HEADING, header:ignore, 0, 0, 0
136, born_in_chaos_v1:dark_tower_taiga, HEADING, header:ignore, 0, 0, 0
137, mvs:dead_tree/acacia, HEADING, header:ignore, 0, 0, 0
138, mvs:dead_tree/birch, HEADING, header:ignore, 0, 0, 0
139, mvs:dead_tree/cherry, HEADING, header:ignore, 0, 0, 0
140, mvs:dead_tree/dark_oak, HEADING, header:ignore, 0, 0, 0
141, mvs:dead_tree/jungle, HEADING, header:ignore, 0, 0, 0
142, mvs:dead_tree/mangrove, HEADING, header:ignore, 0, 0, 0
143, mvs:dead_tree/oak, HEADING, header:ignore, 0, 0, 0
144, mvs:dead_tree/spruce, HEADING, header:ignore, 0, 0, 0
145, dungeons_enhanced:deep_crypt, HEADING, header:ignore, 0, 0, 0
146, valhelsia_structures:deep_spawner_room, HEADING, header:ignore, 0, 0, 0
147, ati_structures:deepslate_keep, HEADING, header:ignore, 0, 0, 0
148, valhelsia_structures:desert_house, HEADING, header:ignore, 0, 0, 0
149, formationsoverworld:desert_houses, HEADING, header:ignore, 0, 0, 0
150, betterarcheology:desert_obelisk, HEADING, header:ignore, 0, 0, 0
151, ati_structures:desert_outpost, HEADING, header:ignore, 0, 0, 0
152, minecraft:desert_pyramid, HEADING, header:ignore, 0, 0, 0
153, nova_structures:desert_ruins, HEADING, header:ignore, 0, 0, 0
154, explorify:desert_shrine, HEADING, header:ignore, 0, 0, 0
155, philipsruins:desert_structures, HEADING, header:ignore, 0, 0, 0
156, philipsruins:desert_structures, MONSTER, minecraft:husk, 15, 5, 15
157, betterdeserttemples:desert_temple, HEADING, header:ignore, 0, 0, 0
158, betterdeserttemples:desert_temple, MONSTER, minecraft:husk, 100, 10, 32
159, betterdeserttemples:desert_temple, CREATURE, minecraft:cat, 100, 4, 4
160, betterdeserttemples:desert_temple, CREATURE, minecraft:rabbit, 100, 4, 4
161, dungeons_enhanced:desert_temple, HEADING, header:ignore, 0, 0, 0
162, dungeons_enhanced:desert_tomb, HEADING, header:ignore, 0, 0, 0
163, netherexp:devils_bluff, HEADING, header:ignore, 0, 0, 0
164, ati_structures:dojo, HEADING, header:ignore, 0, 0, 0
165, nova_structures:donjon, HEADING, header:ignore, 0, 0, 0
166, ender_dragon_loot:dragon_kin_altar, HEADING, header:ignore, 0, 0, 0
167, nullscape:dragon_skeleton, HEADING, header:ignore, 0, 0, 0
168, dungeons_enhanced:druid_circle, HEADING, header:ignore, 0, 0, 0
169, dungeons_enhanced:dungeon_variant, HEADING, header:ignore, 0, 0, 0
170, dungeons_and_combat:echoing_ruins, HEADING, header:ignore, 0, 0, 0
171, dungeons_enhanced:elders_temple, HEADING, header:ignore, 0, 0, 0
172, dungeons_enhanced:elders_temple, MONSTER, minecraft:guardian, 1, 2, 4
173, trek:end/medium/end_city, HEADING, header:ignore, 0, 0, 0
174, minecraft:end_city, HEADING, header:ignore, 0, 0, 0
175, minecraft:end_city, MONSTER, alexsmobs:mimicube, 40, 1, 3
176, philipsruins:end_gate_fortress, HEADING, header:ignore, 0, 0, 0
177, philipsruins:end_gate_fortress, MONSTER, minecraft:enderman, 15, 5, 15
178, endersdelight:end_house, HEADING, header:ignore, 0, 0, 0
179, philipsruins:end_ruins, HEADING, header:ignore, 0, 0, 0
180, explorify:end_shipwreck, HEADING, header:ignore, 0, 0, 0
181, mes:ender_spire, HEADING, header:ignore, 0, 0, 0
182, mes:enderbloom_grove, HEADING, header:ignore, 0, 0, 0
183, mes:enderkeep_courtyard, HEADING, header:ignore, 0, 0, 0
184, mes:enderpin_spikes, HEADING, header:ignore, 0, 0, 0
185, mes:enderskog, HEADING, header:ignore, 0, 0, 0
186, mes:enderwatch_tower, HEADING, header:ignore, 0, 0, 0
187, mes:endscraps, HEADING, header:ignore, 0, 0, 0
188, dungeons_and_combat:ernos_cave, HEADING, header:ignore, 0, 0, 0
189, beachparty:excavated_treasure, HEADING, header:ignore, 0, 0, 0
190, towns_and_towers:exclusives/pillager_outpost_classic, HEADING, header:ignore, 0, 0, 0
191, towns_and_towers:exclusives/pillager_outpost_classic, MONSTER, minecraft:pillager, 1, 1, 2
192, towns_and_towers:exclusives/pillager_outpost_iberian, HEADING, header:ignore, 0, 0, 0
193, towns_and_towers:exclusives/pillager_outpost_iberian, MONSTER, minecraft:pillager, 1, 1, 2
194, towns_and_towers:exclusives/pillager_outpost_mediterranean, HEADING, header:ignore, 0, 0, 0
195, towns_and_towers:exclusives/pillager_outpost_mediterranean, MONSTER, minecraft:pillager, 1, 1, 2
196, towns_and_towers:exclusives/pillager_outpost_oriental, HEADING, header:ignore, 0, 0, 0
197, towns_and_towers:exclusives/pillager_outpost_oriental, MONSTER, minecraft:pillager, 1, 1, 2
198, towns_and_towers:exclusives/pillager_outpost_rustic, HEADING, header:ignore, 0, 0, 0
199, towns_and_towers:exclusives/pillager_outpost_rustic, MONSTER, minecraft:pillager, 1, 1, 2
200, towns_and_towers:exclusives/pillager_outpost_swedish, HEADING, header:ignore, 0, 0, 0
201, towns_and_towers:exclusives/pillager_outpost_swedish, MONSTER, minecraft:pillager, 1, 1, 2
202, towns_and_towers:exclusives/pillager_outpost_tudor, HEADING, header:ignore, 0, 0, 0
203, towns_and_towers:exclusives/pillager_outpost_tudor, MONSTER, minecraft:pillager, 1, 1, 2
204, towns_and_towers:exclusives/village_classic, HEADING, header:ignore, 0, 0, 0
205, towns_and_towers:exclusives/village_iberian, HEADING, header:ignore, 0, 0, 0
206, towns_and_towers:exclusives/village_mediterranean, HEADING, header:ignore, 0, 0, 0
207, towns_and_towers:exclusives/village_nilotic, HEADING, header:ignore, 0, 0, 0
208, towns_and_towers:exclusives/village_piglin, HEADING, header:ignore, 0, 0, 0
209, towns_and_towers:exclusives/village_piglin, MONSTER, minecraft:piglin, 6, 6, 8
210, towns_and_towers:exclusives/village_piglin, MONSTER, minecraft:piglin_brute, 1, 2, 3
211, towns_and_towers:exclusives/village_rustic, HEADING, header:ignore, 0, 0, 0
212, towns_and_towers:exclusives/village_swedish, HEADING, header:ignore, 0, 0, 0
213, towns_and_towers:exclusives/village_tudor, HEADING, header:ignore, 0, 0, 0
214, towns_and_towers:exclusives/village_wandering_trader_camp, HEADING, header:ignore, 0, 0, 0
215, born_in_chaos_v1:farm, HEADING, header:ignore, 0, 0, 0
216, formationsoverworld:farmland_field, HEADING, header:ignore, 0, 0, 0
217, explorify:farmstead, HEADING, header:ignore, 0, 0, 0
218, philipsruins:field_stone_ruins, HEADING, header:ignore, 0, 0, 0
219, philipsruins:field_stone_ruins, MONSTER, minecraft:skeleton, 10, 2, 10
220, philipsruins:field_stone_ruins, MONSTER, minecraft:zombie, 12, 5, 12
221, philipsruins:field_stone_ruins_rocks, HEADING, header:ignore, 0, 0, 0
222, nova_structures:firewatch_tower_birch, HEADING, header:ignore, 0, 0, 0
223, nova_structures:firewatch_tower_cherry, HEADING, header:ignore, 0, 0, 0
224, nova_structures:firewatch_tower_dark_oak, HEADING, header:ignore, 0, 0, 0
225, nova_structures:firewatch_tower_forest, HEADING, header:ignore, 0, 0, 0
226, nova_structures:firewatch_tower_jungle, HEADING, header:ignore, 0, 0, 0
227, nova_structures:firewatch_tower_mangrove, HEADING, header:ignore, 0, 0, 0
228, nova_structures:firewatch_tower_savanna, HEADING, header:ignore, 0, 0, 0
229, nova_structures:firewatch_tower_swamp, HEADING, header:ignore, 0, 0, 0
230, nova_structures:firewatch_tower_taiga, HEADING, header:ignore, 0, 0, 0
231, born_in_chaos_v1:firewell, HEADING, header:ignore, 0, 0, 0
232, dungeons_arise:fishing_hut, HEADING, header:ignore, 0, 0, 0
233, dungeons_enhanced:fishing_ship, HEADING, header:ignore, 0, 0, 0
234, formationsnether:flaming_pillar, HEADING, header:ignore, 0, 0, 0
235, dungeons_enhanced:flying_dutchman, HEADING, header:ignore, 0, 0, 0
236, incendium:forbidden_castle, HEADING, header:ignore, 0, 0, 0
237, valhelsia_structures:forge, HEADING, header:ignore, 0, 0, 0
238, undergarden:forgotten_vestige, HEADING, header:ignore, 0, 0, 0
239, medieval_buildings:fort, HEADING, header:ignore, 0, 0, 0
240, ati_structures:fortified_temple, HEADING, header:ignore, 0, 0, 0
241, betterfortresses:fortress, HEADING, header:ignore, 0, 0, 0
242, betterfortresses:fortress, MONSTER, minecraft:blaze, 10, 2, 3
243, betterfortresses:fortress, MONSTER, minecraft:zombified_piglin, 5, 4, 4
244, betterfortresses:fortress, MONSTER, minecraft:wither_skeleton, 8, 5, 5
245, betterfortresses:fortress, MONSTER, minecraft:skeleton, 2, 5, 5
246, betterfortresses:fortress, MONSTER, minecraft:magma_cube, 3, 4, 4
247, betterfortresses:fortress, MONSTER, cataclysm:ignited_berserker, 5, 1, 1
248, minecraft:fortress, HEADING, header:ignore, 0, 0, 0
249, minecraft:fortress, MONSTER, minecraft:blaze, 10, 2, 3
250, minecraft:fortress, MONSTER, minecraft:zombified_piglin, 5, 4, 4
251, minecraft:fortress, MONSTER, minecraft:wither_skeleton, 8, 5, 5
252, minecraft:fortress, MONSTER, minecraft:skeleton, 2, 5, 5
253, minecraft:fortress, MONSTER, minecraft:magma_cube, 3, 4, 4
254, minecraft:fortress, MONSTER, cataclysm:ignited_berserker, 5, 1, 1
255, minecraft:fortress, MONSTER, celestisynth:star_monolith, 2, 1, 1
256, repurposed_structures:fortress_jungle, HEADING, header:ignore, 0, 0, 0
257, repurposed_structures:fortress_jungle, MONSTER, minecraft:wither_skeleton, 1, 1, 1
258, repurposed_structures:fortress_jungle, MONSTER, minecraft:skeleton, 10, 1, 3
259, repurposed_structures:fortress_jungle, MONSTER, minecraft:zombie, 10, 1, 4
260, repurposed_structures:fortress_jungle, MONSTER, minecraft:spider, 10, 1, 3
261, repurposed_structures:fortress_jungle, MONSTER, minecraft:creeper, 5, 1, 2
262, repurposed_structures:fortress_jungle, MONSTER, minecraft:enderman, 3, 1, 2
263, repurposed_structures:fortress_jungle, MONSTER, minecraft:witch, 2, 1, 2
264, feur_extension_fossil:fossil_arc, HEADING, header:ignore, 0, 0, 0
265, feur_extension_fossil:fossil_baby_fish, HEADING, header:ignore, 0, 0, 0
266, feur_extension_fossil:fossil_bone_fish, HEADING, header:ignore, 0, 0, 0
267, feur_extension_fossil:fossil_chest, HEADING, header:ignore, 0, 0, 0
268, betterarcheology:fossil_chicken, HEADING, header:ignore, 0, 0, 0
269, betterarcheology:fossil_chicken_birch, HEADING, header:ignore, 0, 0, 0
270, betterarcheology:fossil_creeper, HEADING, header:ignore, 0, 0, 0
271, feur_extension_fossil:fossil_dragon, HEADING, header:ignore, 0, 0, 0
272, feur_extension_fossil:fossil_fang, HEADING, header:ignore, 0, 0, 0
273, feur_extension_fossil:fossil_fish, HEADING, header:ignore, 0, 0, 0
274, feur_extension_fossil:fossil_guardian, HEADING, header:ignore, 0, 0, 0
275, feur_extension_fossil:fossil_hand, HEADING, header:ignore, 0, 0, 0
276, betterarcheology:fossil_jungle_0, HEADING, header:ignore, 0, 0, 0
277, betterarcheology:fossil_jungle_1, HEADING, header:ignore, 0, 0, 0
278, betterarcheology:fossil_sheep_0, HEADING, header:ignore, 0, 0, 0
279, feur_extension_fossil:fossil_snake, HEADING, header:ignore, 0, 0, 0
280, betterarcheology:fossil_wolf, HEADING, header:ignore, 0, 0, 0
281, dungeons_arise:foundry, HEADING, header:ignore, 0, 0, 0
282, formationsoverworld:fountain, HEADING, header:ignore, 0, 0, 0
283, legendary_monsters:frostbitten_temple, HEADING, header:ignore, 0, 0, 0
284, cataclysm:frosted_prison, HEADING, header:ignore, 0, 0, 0
285, mowziesmobs:frostmaw_spawn, HEADING, header:ignore, 0, 0, 0
286, mvs:gallows, HEADING, header:ignore, 0, 0, 0
287, bosses_of_mass_destruction:gauntlet_arena, HEADING, header:ignore, 0, 0, 0
288, taxtg:giant_birch_tree, HEADING, header:ignore, 0, 0, 0
289, taxtg:giant_cherryblossom_tree, HEADING, header:ignore, 0, 0, 0
290, taxtg:giant_jungle_tree, HEADING, header:ignore, 0, 0, 0
291, dungeons_arise:giant_mushroom, HEADING, header:ignore, 0, 0, 0
292, taxtg:giant_oak_tree, HEADING, header:ignore, 0, 0, 0
293, taxtg:giant_spruce_tree_001, HEADING, header:ignore, 0, 0, 0
294, ati_structures:gnome_hut, HEADING, header:ignore, 0, 0, 0
295, iceandfire:gorgon_temple, HEADING, header:ignore, 0, 0, 0
296, ati_structures:granite_fort, HEADING, header:ignore, 0, 0, 0
297, born_in_chaos_v1:grave_2003wise, HEADING, header:ignore, 0, 0, 0
298, born_in_chaos_v1:grave_2_dling, HEADING, header:ignore, 0, 0, 0
299, born_in_chaos_v1:grave_darktitan, HEADING, header:ignore, 0, 0, 0
300, born_in_chaos_v1:grave_derivas, HEADING, header:ignore, 0, 0, 0
301, born_in_chaos_v1:grave_euthymia, HEADING, header:ignore, 0, 0, 0
302, born_in_chaos_v1:grave_feral, HEADING, header:ignore, 0, 0, 0
303, born_in_chaos_v1:grave_fubuki_banzai, HEADING, header:ignore, 0, 0, 0
304, born_in_chaos_v1:grave_memesus, HEADING, header:ignore, 0, 0, 0
305, born_in_chaos_v1:grave_mike_and_rory, HEADING, header:ignore, 0, 0, 0
306, born_in_chaos_v1:grave_orion, HEADING, header:ignore, 0, 0, 0
307, born_in_chaos_v1:grave_petasi, HEADING, header:ignore, 0, 0, 0
308, born_in_chaos_v1:grave_somfunambulist, HEADING, header:ignore, 0, 0, 0
309, born_in_chaos_v1:gravecarrionexe, HEADING, header:ignore, 0, 0, 0
310, formationsoverworld:graveyard, HEADING, header:ignore, 0, 0, 0
311, iceandfire:graveyard, HEADING, header:ignore, 0, 0, 0
312, dungeons_arise:greenwood_pub, HEADING, header:ignore, 0, 0, 0
313, explorify:guide_post_cold, HEADING, header:ignore, 0, 0, 0
314, explorify:guide_post_warm, HEADING, header:ignore, 0, 0, 0
315, eeeabsmobs:guling, HEADING, header:ignore, 0, 0, 0
316, nova_structures:hamlet, HEADING, header:ignore, 0, 0, 0
317, ati_structures:haunted_ruin, HEADING, header:ignore, 0, 0, 0
318, dungeons_enhanced:hay_storage, HEADING, header:ignore, 0, 0, 0
319, realmrpg_quests:headless_skeletons, HEADING, header:ignore, 0, 0, 0
320, dungeons_arise:heavenly_challenger, HEADING, header:ignore, 0, 0, 0
321, dungeons_arise:heavenly_conqueror, HEADING, header:ignore, 0, 0, 0
322, dungeons_arise:heavenly_rider, HEADING, header:ignore, 0, 0, 0
323, ati_structures:herobrine_stronghold, HEADING, header:ignore, 0, 0, 0
324, formationsoverworld:hobbit_hole, HEADING, header:ignore, 0, 0, 0
325, mvs:horse_pen, HEADING, header:ignore, 0, 0, 0
326, medievalend:house, HEADING, header:ignore, 0, 0, 0
327, medieval_buildings:house_1, HEADING, header:ignore, 0, 0, 0
328, medieval_buildings:house_2, HEADING, header:ignore, 0, 0, 0
329, mvs:houses/azelea_house, HEADING, header:ignore, 0, 0, 0
330, mvs:houses/barn, HEADING, header:ignore, 0, 0, 0
331, mvs:houses/deepslate_house, HEADING, header:ignore, 0, 0, 0
332, mvs:houses/desert_house, HEADING, header:ignore, 0, 0, 0
333, mvs:houses/flower_hole, HEADING, header:ignore, 0, 0, 0
334, mvs:houses/house, HEADING, header:ignore, 0, 0, 0
335, mvs:houses/large_floating_island, HEADING, header:ignore, 0, 0, 0
336, mvs:houses/large_warped_tower, HEADING, header:ignore, 0, 0, 0
337, mvs:houses/medium_igloo_1, HEADING, header:ignore, 0, 0, 0
338, mvs:houses/medium_igloo_2, HEADING, header:ignore, 0, 0, 0
339, mvs:houses/small_igloo, HEADING, header:ignore, 0, 0, 0
340, mvs:houses/small_swamp_house, HEADING, header:ignore, 0, 0, 0
341, mvs:houses/tall_house, HEADING, header:ignore, 0, 0, 0
342, mvs:houses/warped_house, HEADING, header:ignore, 0, 0, 0
343, skyarena:ice_arena, HEADING, header:ignore, 0, 0, 0
344, formationsoverworld:ice_castle, HEADING, header:ignore, 0, 0, 0
345, aquamirae:ice_maze/arch, HEADING, header:ignore, 0, 0, 0
346, aquamirae:ice_maze/arch, MONSTER, aquamirae:maw, 50, 1, 2
347, aquamirae:ice_maze/arch, AMBIENT, aquamirae:golden_moth, 3, 1, 2
348, aquamirae:ice_maze/common, HEADING, header:ignore, 0, 0, 0
349, aquamirae:ice_maze/common, MONSTER, aquamirae:maw, 50, 1, 2
350, aquamirae:ice_maze/spiral, HEADING, header:ignore, 0, 0, 0
351, aquamirae:ice_maze/spiral, MONSTER, aquamirae:maw, 50, 2, 6
352, dungeons_enhanced:ice_pit, HEADING, header:ignore, 0, 0, 0
353, formationsoverworld:ice_spire, HEADING, header:ignore, 0, 0, 0
354, ati_structures:ice_tribe, HEADING, header:ignore, 0, 0, 0
355, ati_structures:ice_tribe, MONSTER, minecraft:pig, 1, 1, 2
356, friendsandfoes:iceologer_cabin, HEADING, header:ignore, 0, 0, 0
357, friendsandfoes:iceologer_cabin, MONSTER, friendsandfoes:iceologer, 1, 1, 1
358, formationsoverworld:igloo, HEADING, header:ignore, 0, 0, 0
359, minecraft:igloo, HEADING, header:ignore, 0, 0, 0
360, repurposed_structures:igloo_grassy, HEADING, header:ignore, 0, 0, 0
361, repurposed_structures:igloo_mangrove, HEADING, header:ignore, 0, 0, 0
362, repurposed_structures:igloo_mushroom, HEADING, header:ignore, 0, 0, 0
363, repurposed_structures:igloo_stone, HEADING, header:ignore, 0, 0, 0
364, nova_structures:illager_camp, HEADING, header:ignore, 0, 0, 0
365, dungeons_arise:illager_campsite, HEADING, header:ignore, 0, 0, 0
366, dungeons_arise:illager_corsair, HEADING, header:ignore, 0, 0, 0
367, dungeons_arise:illager_fort, HEADING, header:ignore, 0, 0, 0
368, dungeons_arise:illager_galley, HEADING, header:ignore, 0, 0, 0
369, nova_structures:illager_hideout, HEADING, header:ignore, 0, 0, 0
370, ati_structures:illager_homestead, HEADING, header:ignore, 0, 0, 0
371, nova_structures:illager_manor, HEADING, header:ignore, 0, 0, 0
372, ati_structures:illager_tower, HEADING, header:ignore, 0, 0, 0
373, dungeons_arise:illager_windmill, HEADING, header:ignore, 0, 0, 0
374, friendsandfoes:illusioner_shack, HEADING, header:ignore, 0, 0, 0
375, friendsandfoes:illusioner_shack, MONSTER, minecraft:illusioner, 1, 1, 1
376, friendsandfoes:illusioner_training_grounds, HEADING, header:ignore, 0, 0, 0
377, friendsandfoes:illusioner_training_grounds, MONSTER, minecraft:illusioner, 1, 1, 1
378, friendsandfoes:illusioner_training_grounds, MONSTER, minecraft:pillager, 2, 1, 2
379, incendium:infernal_altar, HEADING, header:ignore, 0, 0, 0
380, born_in_chaos_v1:infernal_pumpkin, HEADING, header:ignore, 0, 0, 0
381, dungeons_arise:infested_temple, HEADING, header:ignore, 0, 0, 0
382, theinkarena:ink_arena_structure, HEADING, header:ignore, 0, 0, 0
383, ati_structures:jungle_grotto, HEADING, header:ignore, 0, 0, 0
384, dungeons_enhanced:jungle_monument, HEADING, header:ignore, 0, 0, 0
385, minecraft:jungle_pyramid, HEADING, header:ignore, 0, 0, 0
386, nova_structures:jungle_ruins, HEADING, header:ignore, 0, 0, 0
387, ati_structures:jungle_settlement, HEADING, header:ignore, 0, 0, 0
388, betterjungletemples:jungle_temple, HEADING, header:ignore, 0, 0, 0
389, mvs:jungle_tower, HEADING, header:ignore, 0, 0, 0
390, dungeons_arise:jungle_tree_house, HEADING, header:ignore, 0, 0, 0
391, dungeons_arise:keep_kayra, HEADING, header:ignore, 0, 0, 0
392, dungeonnowloading:labyrinth, HEADING, header:ignore, 0, 0, 0
393, dungeonnowloading:labyrinth, MONSTER, minecraft:spider, 100, 4, 4
394, dungeonnowloading:labyrinth, MONSTER, minecraft:zombie, 95, 4, 4
395, dungeonnowloading:labyrinth, MONSTER, minecraft:zombie_villager, 5, 1, 1
396, dungeonnowloading:labyrinth, MONSTER, minecraft:skeleton, 100, 4, 4
397, dungeonnowloading:labyrinth, MONSTER, minecraft:creeper, 100, 4, 4
398, dungeonnowloading:labyrinth, MONSTER, minecraft:slime, 100, 4, 4
399, dungeonnowloading:labyrinth, MONSTER, minecraft:enderman, 10, 1, 4
400, dungeonnowloading:labyrinth, MONSTER, minecraft:witch, 5, 1, 1
401, dungeonnowloading:labyrinth, MONSTER, minecraft:drowned, 95, 4, 4
402, dungeonnowloading:labyrinth, AMBIENT, minecraft:bat, 10, 8, 8
403, dungeonnowloading:labyrinth, UNDERGROUND_WATER_CREATURE, minecraft:glow_squid, 10, 4, 6
404, mvs:lantern/medium_oak_lantern, HEADING, header:ignore, 0, 0, 0
405, mvs:lantern/small_acacia_lantern, HEADING, header:ignore, 0, 0, 0
406, mvs:lantern/small_bamboo_lantern, HEADING, header:ignore, 0, 0, 0
407, mvs:lantern/small_birch_lantern, HEADING, header:ignore, 0, 0, 0
408, mvs:lantern/small_campfire_lantern, HEADING, header:ignore, 0, 0, 0
409, mvs:lantern/small_cherry_lantern, HEADING, header:ignore, 0, 0, 0
410, mvs:lantern/small_dark_oak_lantern, HEADING, header:ignore, 0, 0, 0
411, mvs:lantern/small_jungle_lantern, HEADING, header:ignore, 0, 0, 0
412, mvs:lantern/small_mangrove_lantern, HEADING, header:ignore, 0, 0, 0
413, mvs:lantern/small_oak_lantern, HEADING, header:ignore, 0, 0, 0
414, mvs:lantern/small_spruce_lantern, HEADING, header:ignore, 0, 0, 0
415, dungeons_enhanced:large_dungeon, HEADING, header:ignore, 0, 0, 0
416, formationsnether:large_house, HEADING, header:ignore, 0, 0, 0
417, formationsnether:large_pedestal, HEADING, header:ignore, 0, 0, 0
418, formationsoverworld:large_temple, HEADING, header:ignore, 0, 0, 0
419, formationsnether:large_tree, HEADING, header:ignore, 0, 0, 0
420, legendary_monsters:lava_eater_spawn, HEADING, header:ignore, 0, 0, 0
421, philipsruins:level_one_ruins, HEADING, header:ignore, 0, 0, 0
422, philipsruins:level_one_ruins, MONSTER, minecraft:skeleton, 10, 2, 10
423, philipsruins:level_one_ruins, MONSTER, minecraft:zombie, 12, 5, 12
424, philipsruins:level_three_ruins, HEADING, header:ignore, 0, 0, 0
425, philipsruins:level_two_ruins, HEADING, header:ignore, 0, 0, 0
426, philipsruins:level_two_ruins_pool, HEADING, header:ignore, 0, 0, 0
427, bosses_of_mass_destruction:lich_tower, HEADING, header:ignore, 0, 0, 0
428, betterarcheology:light_temple, HEADING, header:ignore, 0, 0, 0
429, ati_structures:lighthouse, HEADING, header:ignore, 0, 0, 0
430, ati_structures:lighthouse, MONSTER, minecraft:pig, 1, 4, 5
431, dungeons_arise:lighthouse, HEADING, header:ignore, 0, 0, 0
432, mvs:log_pile/acacia_log_pile, HEADING, header:ignore, 0, 0, 0
433, mvs:log_pile/birch_log_pile, HEADING, header:ignore, 0, 0, 0
434, mvs:log_pile/dark_oak_log_pile, HEADING, header:ignore, 0, 0, 0
435, mvs:log_pile/jungle_log_pile, HEADING, header:ignore, 0, 0, 0
436, mvs:log_pile/oak_log_pile, HEADING, header:ignore, 0, 0, 0
437, mvs:log_pile/spruce_log_pile, HEADING, header:ignore, 0, 0, 0
438, formationsoverworld:log_shelter, HEADING, header:ignore, 0, 0, 0
439, formationsoverworld:log_spikes, HEADING, header:ignore, 0, 0, 0
440, meadow:logging_camp, HEADING, header:ignore, 0, 0, 0
441, meadow:logging_camp, CREATURE, minecraft:pig, 1, 1, 4
442, tlc:lost_castle, HEADING, header:ignore, 0, 0, 0
443, philipsruins:lost_soul_city, HEADING, header:ignore, 0, 0, 0
444, philipsruins:lost_soul_city, MONSTER, minecraft:wither_skeleton, 1, 1, 2
445, philipsruins:lost_soul_dungeon, HEADING, header:ignore, 0, 0, 0
446, philipsruins:lost_soul_dungeon, MONSTER, minecraft:wither_skeleton, 1, 1, 5
447, realmrpg_quests:lumberjacks, HEADING, header:ignore, 0, 0, 0
448, explorify:mangrove_hut, HEADING, header:ignore, 0, 0, 0
449, nova_structures:mangrove_witch_hut, HEADING, header:ignore, 0, 0, 0
450, nova_structures:mangrove_witch_hut, MONSTER, minecraft:witch, 1, 1, 1
451, nova_structures:mangrove_witch_hut, CREATURE, minecraft:cat, 1, 1, 1
452, ati_structures:manor, HEADING, header:ignore, 0, 0, 0
453, ati_structures:manor, MONSTER, minecraft:pillager, 1, 1, 1
454, minecraft:mansion, HEADING, header:ignore, 0, 0, 0
455, repurposed_structures:mansion_birch, HEADING, header:ignore, 0, 0, 0
456, repurposed_structures:mansion_desert, HEADING, header:ignore, 0, 0, 0
457, repurposed_structures:mansion_jungle, HEADING, header:ignore, 0, 0, 0
458, repurposed_structures:mansion_mangrove, HEADING, header:ignore, 0, 0, 0
459, repurposed_structures:mansion_oak, HEADING, header:ignore, 0, 0, 0
460, repurposed_structures:mansion_savanna, HEADING, header:ignore, 0, 0, 0
461, repurposed_structures:mansion_snowy, HEADING, header:ignore, 0, 0, 0
462, repurposed_structures:mansion_taiga, HEADING, header:ignore, 0, 0, 0
463, mes:manuscript_shrine, HEADING, header:ignore, 0, 0, 0
464, ati_structures:marble_chateau, HEADING, header:ignore, 0, 0, 0
465, explorify:mausoleum, HEADING, header:ignore, 0, 0, 0
466, iceandfire:mausoleum, HEADING, header:ignore, 0, 0, 0
467, dungeons_arise:mechanical_nest, HEADING, header:ignore, 0, 0, 0
468, netherexp:mega_fossil, HEADING, header:ignore, 0, 0, 0
469, netherexp:mega_fossil_campsite, HEADING, header:ignore, 0, 0, 0
470, netherexp:mega_fossil_campsite, MONSTER, minecraft:skeleton, 3, 1, 1
471, netherexp:mega_fossil_campsite, MONSTER, netherexp:vessel, 5, 1, 1
472, dungeons_arise:merchant_campsite, HEADING, header:ignore, 0, 0, 0
473, betterarcheology:mesa_ruins, HEADING, header:ignore, 0, 0, 0
474, formationsoverworld:mesoamerican_temple, HEADING, header:ignore, 0, 0, 0
475, formationsoverworld:meteor, HEADING, header:ignore, 0, 0, 0
476, ae2:meteorite, HEADING, header:ignore, 0, 0, 0
477, towns_and_towers:mimic_desert, HEADING, header:ignore, 0, 0, 0
478, realmrpg_quests:miners, HEADING, header:ignore, 0, 0, 0
479, dungeons_enhanced:miners_house, HEADING, header:ignore, 0, 0, 0
480, minecraft:mineshaft, HEADING, header:ignore, 0, 0, 0
481, minecraft:mineshaft, AMBIENT, alexsmobs:underminer, 50, 1, 1
482, bettermineshafts:mineshaft_acacia, HEADING, header:ignore, 0, 0, 0
483, bettermineshafts:mineshaft_acacia, AMBIENT, alexsmobs:underminer, 50, 1, 1
484, repurposed_structures:mineshaft_birch, HEADING, header:ignore, 0, 0, 0
485, repurposed_structures:mineshaft_birch, AMBIENT, alexsmobs:underminer, 50, 1, 1
486, repurposed_structures:mineshaft_crimson, HEADING, header:ignore, 0, 0, 0
487, repurposed_structures:mineshaft_crimson, AMBIENT, alexsmobs:underminer, 50, 1, 1
488, repurposed_structures:mineshaft_dark_forest, HEADING, header:ignore, 0, 0, 0
489, repurposed_structures:mineshaft_dark_forest, AMBIENT, alexsmobs:underminer, 50, 1, 1
490, bettermineshafts:mineshaft_desert, HEADING, header:ignore, 0, 0, 0
491, bettermineshafts:mineshaft_desert, AMBIENT, alexsmobs:underminer, 50, 1, 1
492, repurposed_structures:mineshaft_desert, HEADING, header:ignore, 0, 0, 0
493, repurposed_structures:mineshaft_desert, AMBIENT, alexsmobs:underminer, 50, 1, 1
494, bettermineshafts:mineshaft_dripstone, HEADING, header:ignore, 0, 0, 0
495, bettermineshafts:mineshaft_dripstone, AMBIENT, alexsmobs:underminer, 50, 1, 1
496, repurposed_structures:mineshaft_end, HEADING, header:ignore, 0, 0, 0
497, repurposed_structures:mineshaft_end, MONSTER, minecraft:endermite, 10, 2, 5
498, repurposed_structures:mineshaft_end, MONSTER, minecraft:enderman, 5, 1, 3
499, repurposed_structures:mineshaft_end, AMBIENT, alexsmobs:underminer, 50, 1, 1
500, bettermineshafts:mineshaft_ice, HEADING, header:ignore, 0, 0, 0
501, bettermineshafts:mineshaft_ice, AMBIENT, alexsmobs:underminer, 50, 1, 1
502, repurposed_structures:mineshaft_icy, HEADING, header:ignore, 0, 0, 0
503, repurposed_structures:mineshaft_icy, AMBIENT, alexsmobs:underminer, 50, 1, 1
504, bettermineshafts:mineshaft_jungle, HEADING, header:ignore, 0, 0, 0
505, bettermineshafts:mineshaft_jungle, AMBIENT, alexsmobs:underminer, 50, 1, 1
506, repurposed_structures:mineshaft_jungle, HEADING, header:ignore, 0, 0, 0
507, repurposed_structures:mineshaft_jungle, AMBIENT, alexsmobs:underminer, 50, 1, 1
508, bettermineshafts:mineshaft_lush, HEADING, header:ignore, 0, 0, 0
509, bettermineshafts:mineshaft_lush, AMBIENT, alexsmobs:underminer, 50, 1, 1
510, bettermineshafts:mineshaft_mesa, HEADING, header:ignore, 0, 0, 0
511, bettermineshafts:mineshaft_mesa, AMBIENT, alexsmobs:underminer, 50, 1, 1
512, minecraft:mineshaft_mesa, HEADING, header:ignore, 0, 0, 0
513, minecraft:mineshaft_mesa, AMBIENT, alexsmobs:underminer, 50, 1, 1
514, bettermineshafts:mineshaft_mushroom, HEADING, header:ignore, 0, 0, 0
515, bettermineshafts:mineshaft_mushroom, AMBIENT, alexsmobs:underminer, 50, 1, 1
516, repurposed_structures:mineshaft_nether, HEADING, header:ignore, 0, 0, 0
517, repurposed_structures:mineshaft_nether, AMBIENT, alexsmobs:underminer, 50, 1, 1
518, bettermineshafts:mineshaft_oak, HEADING, header:ignore, 0, 0, 0
519, bettermineshafts:mineshaft_oak, AMBIENT, alexsmobs:underminer, 50, 1, 1
520, repurposed_structures:mineshaft_ocean, HEADING, header:ignore, 0, 0, 0
521, repurposed_structures:mineshaft_ocean, AMBIENT, alexsmobs:underminer, 50, 1, 1
522, bettermineshafts:mineshaft_overgrown, HEADING, header:ignore, 0, 0, 0
523, bettermineshafts:mineshaft_overgrown, AMBIENT, alexsmobs:underminer, 50, 1, 1
524, bettermineshafts:mineshaft_red_desert, HEADING, header:ignore, 0, 0, 0
525, bettermineshafts:mineshaft_red_desert, AMBIENT, alexsmobs:underminer, 50, 1, 1
526, repurposed_structures:mineshaft_savanna, HEADING, header:ignore, 0, 0, 0
527, repurposed_structures:mineshaft_savanna, AMBIENT, alexsmobs:underminer, 50, 1, 1
528, bettermineshafts:mineshaft_spruce, HEADING, header:ignore, 0, 0, 0
529, bettermineshafts:mineshaft_spruce, AMBIENT, alexsmobs:underminer, 50, 1, 1
530, bettermineshafts:mineshaft_spruce_snowy, HEADING, header:ignore, 0, 0, 0
531, bettermineshafts:mineshaft_spruce_snowy, AMBIENT, alexsmobs:underminer, 50, 1, 1
532, repurposed_structures:mineshaft_stone, HEADING, header:ignore, 0, 0, 0
533, repurposed_structures:mineshaft_stone, AMBIENT, alexsmobs:underminer, 50, 1, 1
534, repurposed_structures:mineshaft_swamp, HEADING, header:ignore, 0, 0, 0
535, repurposed_structures:mineshaft_swamp, AMBIENT, alexsmobs:underminer, 50, 1, 1
536, repurposed_structures:mineshaft_taiga, HEADING, header:ignore, 0, 0, 0
537, repurposed_structures:mineshaft_taiga, AMBIENT, alexsmobs:underminer, 50, 1, 1
538, repurposed_structures:mineshaft_warped, HEADING, header:ignore, 0, 0, 0
539, repurposed_structures:mineshaft_warped, AMBIENT, alexsmobs:underminer, 50, 1, 1
540, dungeons_arise:mining_system, HEADING, header:ignore, 0, 0, 0
541, dungeons_arise:monastery, HEADING, header:ignore, 0, 0, 0
542, mowziesmobs:monastery, HEADING, header:ignore, 0, 0, 0
543, mowziesmobs:monastery, MONSTER, mowziesmobs:bluff, 100, 1, 2
544, ati_structures:monastery_tower, HEADING, header:ignore, 0, 0, 0
545, mes:monolith, HEADING, header:ignore, 0, 0, 0
546, realmrpg_quests:monster_hunters, HEADING, header:ignore, 0, 0, 0
547, dungeons_enhanced:monster_maze, HEADING, header:ignore, 0, 0, 0
548, meadow:monument, HEADING, header:ignore, 0, 0, 0
549, meadow:monument, CREATURE, minecraft:pig, 1, 1, 4
550, minecraft:monument, HEADING, header:ignore, 0, 0, 0
551, minecraft:monument, MONSTER, minecraft:guardian, 1, 2, 4
552, repurposed_structures:monument_desert, HEADING, header:ignore, 0, 0, 0
553, repurposed_structures:monument_desert, MONSTER, minecraft:husk, 20, 1, 4
554, repurposed_structures:monument_desert, MONSTER, minecraft:creeper, 15, 1, 2
555, repurposed_structures:monument_desert, MONSTER, minecraft:skeleton, 10, 1, 3
556, repurposed_structures:monument_icy, HEADING, header:ignore, 0, 0, 0
557, repurposed_structures:monument_icy, MONSTER, minecraft:stray, 40, 1, 3
558, repurposed_structures:monument_icy, MONSTER, minecraft:vex, 1, 1, 2
559, repurposed_structures:monument_jungle, HEADING, header:ignore, 0, 0, 0
560, repurposed_structures:monument_jungle, MONSTER, minecraft:husk, 20, 1, 4
561, repurposed_structures:monument_jungle, MONSTER, minecraft:creeper, 15, 1, 2
562, repurposed_structures:monument_jungle, MONSTER, minecraft:skeleton, 10, 1, 3
563, repurposed_structures:monument_nether, HEADING, header:ignore, 0, 0, 0
564, repurposed_structures:monument_nether, MONSTER, minecraft:magma_cube, 20, 1, 3
565, repurposed_structures:monument_nether, MONSTER, minecraft:wither_skeleton, 10, 1, 3
566, repurposed_structures:monument_nether, MONSTER, minecraft:ghast, 5, 1, 1
567, ati_structures:mosque, HEADING, header:ignore, 0, 0, 0
568, ati_structures:mosque, MONSTER, minecraft:pig, 1, 4, 5
569, legendary_monsters:mossy_temple, HEADING, header:ignore, 0, 0, 0
570, betterarcheology:mott, HEADING, header:ignore, 0, 0, 0
571, born_in_chaos_v1:mound_of_hounds, HEADING, header:ignore, 0, 0, 0
572, ati_structures:mud_tower, HEADING, header:ignore, 0, 0, 0
573, dungeons_arise:mushroom_house, HEADING, header:ignore, 0, 0, 0
574, dungeons_enhanced:mushroom_house, HEADING, header:ignore, 0, 0, 0
575, formationsoverworld:mushroom_hut, HEADING, header:ignore, 0, 0, 0
576, dungeons_arise:mushroom_mines, HEADING, header:ignore, 0, 0, 0
577, dungeons_arise:mushroom_village, HEADING, header:ignore, 0, 0, 0
578, mes:mythic_garden, HEADING, header:ignore, 0, 0, 0
579, mvs:nature/acacia_tree, HEADING, header:ignore, 0, 0, 0
580, mvs:nature/big_oak_tree, HEADING, header:ignore, 0, 0, 0
581, mvs:nature/birch_tree, HEADING, header:ignore, 0, 0, 0
582, mvs:nature/boulder, HEADING, header:ignore, 0, 0, 0
583, mvs:nature/cherry_tree, HEADING, header:ignore, 0, 0, 0
584, mvs:nature/dark_oak_tree, HEADING, header:ignore, 0, 0, 0
585, mvs:nature/floating_islands, HEADING, header:ignore, 0, 0, 0
586, mvs:nature/jungle_palm_tree, HEADING, header:ignore, 0, 0, 0
587, mvs:nature/jungle_tree, HEADING, header:ignore, 0, 0, 0
588, mvs:nature/large_mushroom, HEADING, header:ignore, 0, 0, 0
589, mvs:nature/mushroom_pond, HEADING, header:ignore, 0, 0, 0
590, mvs:nature/oak_tree, HEADING, header:ignore, 0, 0, 0
591, mvs:nature/paths, HEADING, header:ignore, 0, 0, 0
592, mvs:nature/small_oak_pond, HEADING, header:ignore, 0, 0, 0
593, mvs:nature/spruce_tree, HEADING, header:ignore, 0, 0, 0
594, mvs:nature/stone_rock, HEADING, header:ignore, 0, 0, 0
595, hexerei:nature_coven, HEADING, header:ignore, 0, 0, 0
596, trek:nether/common/nether_pillar, HEADING, header:ignore, 0, 0, 0
597, trek:nether/medium/overworld_leak_1, HEADING, header:ignore, 0, 0, 0
598, trek:nether/medium/overworld_leak_2, HEADING, header:ignore, 0, 0, 0
599, netherdepthsupgrade:nether_fortress_piece, HEADING, header:ignore, 0, 0, 0
600, netherdepthsupgrade:nether_fortress_piece, WATER_AMBIENT, netherdepthsupgrade:blazefish, 10, 3, 4
601, minecraft:nether_fossil, HEADING, header:ignore, 0, 0, 0
602, minecraft:nether_fossil, MONSTER, alexsmobs:soul_vulture, 30, 1, 1
603, nova_structures:nether_keep, HEADING, header:ignore, 0, 0, 0
604, nova_structures:nether_keep, MONSTER, minecraft:blaze, 10, 2, 3
605, nova_structures:nether_keep, MONSTER, minecraft:zombified_piglin, 5, 4, 4
606, nova_structures:nether_keep, MONSTER, minecraft:wither_skeleton, 8, 5, 5
607, nova_structures:nether_keep, MONSTER, minecraft:skeleton, 2, 5, 5
608, nova_structures:nether_keep, MONSTER, minecraft:magma_cube, 3, 4, 4
609, philipsruins:nether_lava_ruins, HEADING, header:ignore, 0, 0, 0
610, nova_structures:nether_port, HEADING, header:ignore, 0, 0, 0
611, nova_structures:nether_port, MONSTER, minecraft:blaze, 10, 1, 2
612, nova_structures:nether_port, MONSTER, minecraft:zombified_piglin, 5, 1, 2
613, nova_structures:nether_port, MONSTER, minecraft:wither_skeleton, 10, 1, 3
614, nova_structures:nether_port, MONSTER, minecraft:skeleton, 10, 1, 5
615, nova_structures:nether_port, MONSTER, minecraft:magma_cube, 3, 1, 2
616, incendium:nether_reactor, HEADING, header:ignore, 0, 0, 0
617, nova_structures:nether_skeleton_tower_basalt, HEADING, header:ignore, 0, 0, 0
618, nova_structures:nether_skeleton_tower_crimson, HEADING, header:ignore, 0, 0, 0
619, nova_structures:nether_skeleton_tower_soul, HEADING, header:ignore, 0, 0, 0
620, nova_structures:nether_skeleton_tower_warped, HEADING, header:ignore, 0, 0, 0
621, formationsnether:nether_wart_field, HEADING, header:ignore, 0, 0, 0
622, ati_structures:nomadic_camp, HEADING, header:ignore, 0, 0, 0
623, meadow:observation_post, HEADING, header:ignore, 0, 0, 0
624, meadow:observation_post, CREATURE, minecraft:pig, 1, 1, 4
625, born_in_chaos_v1:observation_tower_forest, HEADING, header:ignore, 0, 0, 0
626, born_in_chaos_v1:observation_tower_plains, HEADING, header:ignore, 0, 0, 0
627, formationsnether:obsidian_pillar, HEADING, header:ignore, 0, 0, 0
628, bosses_of_mass_destruction:obsidilith_arena, HEADING, header:ignore, 0, 0, 0
629, philipsruins:ocean_fortress, HEADING, header:ignore, 0, 0, 0
630, philipsruins:ocean_fortress, MONSTER, minecraft:guardian, 1, 2, 3
631, philipsruins:ocean_fortress, MONSTER, minecraft:drowned, 3, 5, 9
632, betteroceanmonuments:ocean_monument, HEADING, header:ignore, 0, 0, 0
633, betteroceanmonuments:ocean_monument, MONSTER, minecraft:guardian, 1, 2, 4
634, minecraft:ocean_ruin_cold, HEADING, header:ignore, 0, 0, 0
635, minecraft:ocean_ruin_warm, HEADING, header:ignore, 0, 0, 0
636, philipsruins:ocean_ruins, HEADING, header:ignore, 0, 0, 0
637, formationsoverworld:offering, HEADING, header:ignore, 0, 0, 0
638, ati_structures:old_fort, HEADING, header:ignore, 0, 0, 0
639, ati_structures:old_home, HEADING, header:ignore, 0, 0, 0
640, ati_structures:old_home, MONSTER, minecraft:pig, 1, 4, 5
641, ati_structures:old_residence, HEADING, header:ignore, 0, 0, 0
642, formationsnether:ore_shard, HEADING, header:ignore, 0, 0, 0
643, mvs:other_decoration/bee_dome, HEADING, header:ignore, 0, 0, 0
644, mvs:other_decoration/bench, HEADING, header:ignore, 0, 0, 0
645, mvs:other_decoration/campsite, HEADING, header:ignore, 0, 0, 0
646, mvs:other_decoration/crimson_enchanting_table, HEADING, header:ignore, 0, 0, 0
647, mvs:other_decoration/desert_pump, HEADING, header:ignore, 0, 0, 0
648, mvs:other_decoration/duck, HEADING, header:ignore, 0, 0, 0
649, mvs:other_decoration/end_scraps/end_scraps_1, HEADING, header:ignore, 0, 0, 0
650, mvs:other_decoration/end_scraps/end_scraps_2, HEADING, header:ignore, 0, 0, 0
651, mvs:other_decoration/end_scraps/end_scraps_3, HEADING, header:ignore, 0, 0, 0
652, mvs:other_decoration/end_scraps/end_scraps_4, HEADING, header:ignore, 0, 0, 0
653, mvs:other_decoration/fire_camp, HEADING, header:ignore, 0, 0, 0
654, mvs:other_decoration/fox_hut, HEADING, header:ignore, 0, 0, 0
655, mvs:other_decoration/haystack, HEADING, header:ignore, 0, 0, 0
656, mvs:other_decoration/horse_campsite, HEADING, header:ignore, 0, 0, 0
657, mvs:other_decoration/lamp_chest, HEADING, header:ignore, 0, 0, 0
658, mvs:other_decoration/lecturn_garden, HEADING, header:ignore, 0, 0, 0
659, mvs:other_decoration/mine_with_campsite, HEADING, header:ignore, 0, 0, 0
660, mvs:other_decoration/mushroom_statue, HEADING, header:ignore, 0, 0, 0
661, mvs:other_decoration/nether_devil, HEADING, header:ignore, 0, 0, 0
662, mvs:other_decoration/pile, HEADING, header:ignore, 0, 0, 0
663, mvs:other_decoration/snowy_dog_hut, HEADING, header:ignore, 0, 0, 0
664, mvs:other_decoration/snowy_fossil, HEADING, header:ignore, 0, 0, 0
665, mvs:other_decoration/stone_bee, HEADING, header:ignore, 0, 0, 0
666, mvs:other_decoration/villager_statue, HEADING, header:ignore, 0, 0, 0
667, mvs:other_decoration/wheat_grain_bin, HEADING, header:ignore, 0, 0, 0
668, mvs:other_decoration/windmill, HEADING, header:ignore, 0, 0, 0
669, mvs:other_decoration/wooden_wheat_farm, HEADING, header:ignore, 0, 0, 0
670, mvs:out_house, HEADING, header:ignore, 0, 0, 0
671, aquamirae:outpost, HEADING, header:ignore, 0, 0, 0
672, aquamirae:outpost, MONSTER, minecraft:pillager, 10, 1, 2
673, aquamirae:outpost, MONSTER, minecraft:vindicator, 5, 1, 1
674, repurposed_structures:outpost_badlands, HEADING, header:ignore, 0, 0, 0
675, repurposed_structures:outpost_badlands, MONSTER, minecraft:pillager, 10, 1, 1
676, repurposed_structures:outpost_birch, HEADING, header:ignore, 0, 0, 0
677, repurposed_structures:outpost_birch, MONSTER, minecraft:pillager, 10, 1, 1
678, repurposed_structures:outpost_crimson, HEADING, header:ignore, 0, 0, 0
679, repurposed_structures:outpost_crimson, MONSTER, minecraft:piglin, 10, 1, 1
680, repurposed_structures:outpost_desert, HEADING, header:ignore, 0, 0, 0
681, repurposed_structures:outpost_desert, MONSTER, minecraft:pillager, 10, 1, 1
682, repurposed_structures:outpost_end, HEADING, header:ignore, 0, 0, 0
683, repurposed_structures:outpost_end, MONSTER, minecraft:phantom, 10, 1, 1
684, repurposed_structures:outpost_giant_tree_taiga, HEADING, header:ignore, 0, 0, 0
685, repurposed_structures:outpost_giant_tree_taiga, MONSTER, minecraft:pillager, 10, 1, 1
686, repurposed_structures:outpost_icy, HEADING, header:ignore, 0, 0, 0
687, repurposed_structures:outpost_icy, MONSTER, minecraft:pillager, 10, 1, 1
688, repurposed_structures:outpost_jungle, HEADING, header:ignore, 0, 0, 0
689, repurposed_structures:outpost_jungle, MONSTER, minecraft:pillager, 10, 1, 1
690, repurposed_structures:outpost_mangrove, HEADING, header:ignore, 0, 0, 0
691, repurposed_structures:outpost_mangrove, MONSTER, minecraft:pillager, 10, 1, 1
692, repurposed_structures:outpost_nether_brick, HEADING, header:ignore, 0, 0, 0
693, repurposed_structures:outpost_nether_brick, MONSTER, minecraft:piglin, 10, 1, 1
694, repurposed_structures:outpost_oak, HEADING, header:ignore, 0, 0, 0
695, repurposed_structures:outpost_oak, MONSTER, minecraft:pillager, 10, 1, 1
696, repurposed_structures:outpost_snowy, HEADING, header:ignore, 0, 0, 0
697, repurposed_structures:outpost_snowy, MONSTER, minecraft:pillager, 10, 1, 1
698, repurposed_structures:outpost_taiga, HEADING, header:ignore, 0, 0, 0
699, repurposed_structures:outpost_taiga, MONSTER, minecraft:pillager, 10, 1, 1
700, repurposed_structures:outpost_warped, HEADING, header:ignore, 0, 0, 0
701, repurposed_structures:outpost_warped, MONSTER, minecraft:piglin, 10, 1, 1
702, ati_structures:overgrown_outpost, HEADING, header:ignore, 0, 0, 0
703, trek:overworld/common/cooking_pork, HEADING, header:ignore, 0, 0, 0
704, trek:overworld/common/elven_pillars, HEADING, header:ignore, 0, 0, 0
705, trek:overworld/common/elven_pillars, MONSTER, minecraft:pillager, 1, 1, 1
706, trek:overworld/common/frozen_remains, HEADING, header:ignore, 0, 0, 0
707, trek:overworld/common/mushroom_house, HEADING, header:ignore, 0, 0, 0
708, trek:overworld/common/ruins, HEADING, header:ignore, 0, 0, 0
709, trek:overworld/common/small_desert_ruins, HEADING, header:ignore, 0, 0, 0
710, trek:overworld/common/small_swamp_ruins, HEADING, header:ignore, 0, 0, 0
711, trek:overworld/common/smoldering_altar, HEADING, header:ignore, 0, 0, 0
712, trek:overworld/common/strange_stone, HEADING, header:ignore, 0, 0, 0
713, trek:overworld/common/termite_hill, HEADING, header:ignore, 0, 0, 0
714, trek:overworld/common/two_woods, HEADING, header:ignore, 0, 0, 0
715, trek:overworld/common/well, HEADING, header:ignore, 0, 0, 0
716, trek:overworld/common/well_pillager_small, HEADING, header:ignore, 0, 0, 0
717, trek:overworld/medium/all_abandoned, HEADING, header:ignore, 0, 0, 0
718, trek:overworld/medium/base_1, HEADING, header:ignore, 0, 0, 0
719, trek:overworld/medium/base_2, HEADING, header:ignore, 0, 0, 0
720, trek:overworld/medium/base_pillager, HEADING, header:ignore, 0, 0, 0
721, trek:overworld/medium/base_pillager, MONSTER, minecraft:pillager, 3, 1, 1
722, trek:overworld/medium/base_pillager, MONSTER, minecraft:vindicator, 1, 1, 1
723, trek:overworld/medium/beehive_house, HEADING, header:ignore, 0, 0, 0
724, trek:overworld/medium/birch_fort, HEADING, header:ignore, 0, 0, 0
725, trek:overworld/medium/birch_trade, HEADING, header:ignore, 0, 0, 0
726, trek:overworld/medium/bone_dragon, HEADING, header:ignore, 0, 0, 0
727, trek:overworld/medium/buried_village, HEADING, header:ignore, 0, 0, 0
728, trek:overworld/medium/camp_1, HEADING, header:ignore, 0, 0, 0
729, trek:overworld/medium/camp_2, HEADING, header:ignore, 0, 0, 0
730, trek:overworld/medium/camp_3, HEADING, header:ignore, 0, 0, 0
731, trek:overworld/medium/camp_4, HEADING, header:ignore, 0, 0, 0
732, trek:overworld/medium/church, HEADING, header:ignore, 0, 0, 0
733, trek:overworld/medium/claw_pillager, HEADING, header:ignore, 0, 0, 0
734, trek:overworld/medium/claw_spike, HEADING, header:ignore, 0, 0, 0
735, trek:overworld/medium/cold_hideout, HEADING, header:ignore, 0, 0, 0
736, trek:overworld/medium/cold_hideout, MONSTER, minecraft:stray, 1, 1, 1
737, trek:overworld/medium/cold_red_trade, HEADING, header:ignore, 0, 0, 0
738, trek:overworld/medium/dark_oak_trade, HEADING, header:ignore, 0, 0, 0
739, trek:overworld/medium/desert_outpost, HEADING, header:ignore, 0, 0, 0
740, trek:overworld/medium/desert_outpost, MONSTER, minecraft:pillager, 3, 1, 1
741, trek:overworld/medium/desert_outpost, MONSTER, minecraft:vindicator, 1, 1, 1
742, trek:overworld/medium/desert_ranch, HEADING, header:ignore, 0, 0, 0
743, trek:overworld/medium/destroyed_house, HEADING, header:ignore, 0, 0, 0
744, trek:overworld/medium/dirt_hut, HEADING, header:ignore, 0, 0, 0
745, trek:overworld/medium/enchanter, HEADING, header:ignore, 0, 0, 0
746, trek:overworld/medium/explorer_cabin, HEADING, header:ignore, 0, 0, 0
747, trek:overworld/medium/farm, HEADING, header:ignore, 0, 0, 0
748, trek:overworld/medium/farm_pillager, HEADING, header:ignore, 0, 0, 0
749, trek:overworld/medium/fort, HEADING, header:ignore, 0, 0, 0
750, trek:overworld/medium/fort, MONSTER, minecraft:pillager, 1, 1, 1
751, trek:overworld/medium/frozen_tree, HEADING, header:ignore, 0, 0, 0
752, trek:overworld/medium/graveyard, HEADING, header:ignore, 0, 0, 0
753, trek:overworld/medium/haunted_house, HEADING, header:ignore, 0, 0, 0
754, trek:overworld/medium/hobbit_hole, HEADING, header:ignore, 0, 0, 0
755, trek:overworld/medium/ice_fort, HEADING, header:ignore, 0, 0, 0
756, trek:overworld/medium/ice_fort, MONSTER, minecraft:stray, 1, 1, 1
757, trek:overworld/medium/igloo_village, HEADING, header:ignore, 0, 0, 0
758, trek:overworld/medium/jungle_outpost, HEADING, header:ignore, 0, 0, 0
759, trek:overworld/medium/jungle_outpost, MONSTER, minecraft:pillager, 3, 1, 1
760, trek:overworld/medium/jungle_outpost, MONSTER, minecraft:vindicator, 1, 1, 1
761, trek:overworld/medium/jungle_trade, HEADING, header:ignore, 0, 0, 0
762, trek:overworld/medium/jungle_treehouse, HEADING, header:ignore, 0, 0, 0
763, trek:overworld/medium/lush_ice, HEADING, header:ignore, 0, 0, 0
764, trek:overworld/medium/maison, HEADING, header:ignore, 0, 0, 0
765, trek:overworld/medium/mangrove_watchtower, HEADING, header:ignore, 0, 0, 0
766, trek:overworld/medium/mangrove_watchtower, MONSTER, minecraft:pillager, 1, 1, 1
767, trek:overworld/medium/oasis, HEADING, header:ignore, 0, 0, 0
768, trek:overworld/medium/offshore_platform_pillager, HEADING, header:ignore, 0, 0, 0
769, trek:overworld/medium/offshore_platform_pillager, MONSTER, minecraft:pillager, 3, 1, 1
770, trek:overworld/medium/offshore_platform_pillager, MONSTER, minecraft:vindicator, 1, 1, 1
771, trek:overworld/medium/orbital, HEADING, header:ignore, 0, 0, 0
772, trek:overworld/medium/pillager_old_camp, HEADING, header:ignore, 0, 0, 0
773, trek:overworld/medium/pillager_old_camp, MONSTER, minecraft:pillager, 3, 1, 1
774, trek:overworld/medium/pillager_weapons, HEADING, header:ignore, 0, 0, 0
775, trek:overworld/medium/plains_cottage, HEADING, header:ignore, 0, 0, 0
776, trek:overworld/medium/railroad, HEADING, header:ignore, 0, 0, 0
777, trek:overworld/medium/ritual, HEADING, header:ignore, 0, 0, 0
778, trek:overworld/medium/ruine_bateaux, HEADING, header:ignore, 0, 0, 0
779, trek:overworld/medium/ruine_cabane, HEADING, header:ignore, 0, 0, 0
780, trek:overworld/medium/ruine_tour, HEADING, header:ignore, 0, 0, 0
781, trek:overworld/medium/ship_pillager, HEADING, header:ignore, 0, 0, 0
782, trek:overworld/medium/ship_pillager, MONSTER, minecraft:pillager, 1, 1, 1
783, trek:overworld/medium/small_pyramide, HEADING, header:ignore, 0, 0, 0
784, trek:overworld/medium/small_red_trade, HEADING, header:ignore, 0, 0, 0
785, trek:overworld/medium/snow_cottage, HEADING, header:ignore, 0, 0, 0
786, trek:overworld/medium/snowman, HEADING, header:ignore, 0, 0, 0
787, trek:overworld/medium/sorcerers_house, HEADING, header:ignore, 0, 0, 0
788, trek:overworld/medium/sorcerers_house, AMBIENT, minecraft:bat, 1, 3, 3
789, trek:overworld/medium/spruce_camp, HEADING, header:ignore, 0, 0, 0
790, trek:overworld/medium/spruce_cottage, HEADING, header:ignore, 0, 0, 0
791, trek:overworld/medium/square_tower, HEADING, header:ignore, 0, 0, 0
792, trek:overworld/medium/star_spike, HEADING, header:ignore, 0, 0, 0
793, trek:overworld/medium/stelzen, HEADING, header:ignore, 0, 0, 0
794, trek:overworld/medium/stonehedge, HEADING, header:ignore, 0, 0, 0
795, trek:overworld/medium/strange_house, HEADING, header:ignore, 0, 0, 0
796, trek:overworld/medium/strange_house, AMBIENT, minecraft:bat, 1, 2, 2
797, trek:overworld/medium/street_vendor_pillager, HEADING, header:ignore, 0, 0, 0
798, trek:overworld/medium/street_vendor_pillager, MISC, minecraft:wandering_trader, 1, 1, 1
799, trek:overworld/medium/street_vendor_stall, HEADING, header:ignore, 0, 0, 0
800, trek:overworld/medium/street_vendor_stall, MISC, minecraft:wandering_trader, 1, 1, 1
801, trek:overworld/medium/three_finger_ice, HEADING, header:ignore, 0, 0, 0
802, trek:overworld/medium/tour, HEADING, header:ignore, 0, 0, 0
803, trek:overworld/medium/tour, MONSTER, minecraft:skeleton, 1, 1, 1
804, trek:overworld/medium/tour_desert, HEADING, header:ignore, 0, 0, 0
805, trek:overworld/medium/tour_desert, MONSTER, minecraft:husk, 1, 1, 1
806, trek:overworld/medium/tower, HEADING, header:ignore, 0, 0, 0
807, trek:overworld/medium/tower_of_ice, HEADING, header:ignore, 0, 0, 0
808, trek:overworld/medium/tower_of_ice, MONSTER, minecraft:stray, 1, 1, 1
809, trek:overworld/medium/underwater_sword, HEADING, header:ignore, 0, 0, 0
810, trek:overworld/medium/wandering_trader_dark_oak, HEADING, header:ignore, 0, 0, 0
811, trek:overworld/medium/wandering_trader_dark_oak, MISC, minecraft:wandering_trader, 1, 1, 1
812, trek:overworld/medium/wandering_trader_oak, HEADING, header:ignore, 0, 0, 0
813, trek:overworld/medium/wandering_trader_oak, MISC, minecraft:wandering_trader, 1, 1, 1
814, trek:overworld/medium/wandering_trader_spruce, HEADING, header:ignore, 0, 0, 0
815, trek:overworld/medium/wandering_trader_spruce, MISC, minecraft:wandering_trader, 1, 1, 1
816, trek:overworld/medium/water_reservoir_pillager, HEADING, header:ignore, 0, 0, 0
817, trek:overworld/medium/well_pillager_medium, HEADING, header:ignore, 0, 0, 0
818, trek:overworld/medium/wild_stone, HEADING, header:ignore, 0, 0, 0
819, trek:overworld/medium/witch_tower, HEADING, header:ignore, 0, 0, 0
820, trek:overworld/medium/witch_tower, MONSTER, minecraft:witch, 1, 1, 1
821, trek:overworld/rare/abandoned_castle_pillager, HEADING, header:ignore, 0, 0, 0
822, trek:overworld/rare/castle, HEADING, header:ignore, 0, 0, 0
823, trek:overworld/rare/castle, MONSTER, minecraft:pillager, 1, 1, 2
824, trek:overworld/rare/castle, MONSTER, minecraft:vindicator, 2, 1, 2
825, trek:overworld/rare/elven_tree, HEADING, header:ignore, 0, 0, 0
826, trek:overworld/rare/elven_tree, MONSTER, minecraft:slime, 1, 1, 1
827, trek:overworld/rare/elven_tree, MISC, minecraft:allay, 1, 1, 1
828, trek:overworld/rare/island_village_1, HEADING, header:ignore, 0, 0, 0
829, trek:overworld/rare/maya, HEADING, header:ignore, 0, 0, 0
830, trek:overworld/rare/mushroom_island, HEADING, header:ignore, 0, 0, 0
831, trek:overworld/rare/pillager_mansion, HEADING, header:ignore, 0, 0, 0
832, trek:overworld/rare/pillager_mansion, MONSTER, minecraft:pillager, 1, 1, 2
833, trek:overworld/rare/pillager_mansion, MONSTER, minecraft:vindicator, 2, 1, 2
834, trek:overworld/rare/pillager_mansion, MONSTER, minecraft:illusioner, 1, 1, 1
835, trek:overworld/rare/portal_sword, HEADING, header:ignore, 0, 0, 0
836, trek:overworld/rare/portal_sword, MONSTER, minecraft:zombified_piglin, 1, 1, 1
837, trek:overworld/rare/pyramide_of_anubis, HEADING, header:ignore, 0, 0, 0
838, trek:overworld/rare/sleepy_island, HEADING, header:ignore, 0, 0, 0
839, trek:overworld/rare/sunken_city, HEADING, header:ignore, 0, 0, 0
840, trek:overworld/rare/tower_island, HEADING, header:ignore, 0, 0, 0
841, trek:overworld/rare/villager_castle, HEADING, header:ignore, 0, 0, 0
842, trek:overworld/rare/villager_fortress, HEADING, header:ignore, 0, 0, 0
843, trek:overworld/rare/villager_island, HEADING, header:ignore, 0, 0, 0
844, trek:overworld/rare/wooden_manor, HEADING, header:ignore, 0, 0, 0
845, trek:overworld/very_common/plains, HEADING, header:ignore, 0, 0, 0
846, trek:overworld/very_common/rocks, HEADING, header:ignore, 0, 0, 0
847, trek:overworld/very_rare/coves, HEADING, header:ignore, 0, 0, 0
848, trek:overworld/very_rare/farm_island, HEADING, header:ignore, 0, 0, 0
849, trek:overworld/very_rare/floating_farm_large, HEADING, header:ignore, 0, 0, 0
850, hexerei:owl_post_office, HEADING, header:ignore, 0, 0, 0
851, formationsnether:parkour_challenge, HEADING, header:ignore, 0, 0, 0
852, mes:phantom_citadel, HEADING, header:ignore, 0, 0, 0
853, nova_structures:piglin_camp, HEADING, header:ignore, 0, 0, 0
854, realmrpg_quests:piglin_gamblers, HEADING, header:ignore, 0, 0, 0
855, bygonenether:piglin_manor, HEADING, header:ignore, 0, 0, 0
856, bygonenether:piglin_manor, MONSTER, minecraft:piglin, 2, 1, 1
857, bygonenether:piglin_manor, MONSTER, bygonenether:piglin_hunter, 1, 1, 1
858, nova_structures:piglin_outstation, HEADING, header:ignore, 0, 0, 0
859, nova_structures:piglin_outstation, MONSTER, minecraft:piglin, 1, 1, 1
860, hopo:piglin_ruin, HEADING, header:ignore, 0, 0, 0
861, incendium:piglin_village, HEADING, header:ignore, 0, 0, 0
862, dungeons_enhanced:pillager_camp, HEADING, header:ignore, 0, 0, 0
863, dungeons_enhanced:pillager_camp, MONSTER, minecraft:pillager, 4, 2, 3
864, dungeons_enhanced:pillager_camp, MONSTER, minecraft:vindicator, 2, 1, 2
865, minecraft:pillager_outpost, HEADING, header:ignore, 0, 0, 0
866, minecraft:pillager_outpost, MONSTER, minecraft:pillager, 3, 1, 1
867, minecraft:pillager_outpost, MONSTER, minecraft:vindicator, 1, 1, 1
868, towns_and_towers:pillager_outpost_badlands, HEADING, header:ignore, 0, 0, 0
869, towns_and_towers:pillager_outpost_badlands, MONSTER, minecraft:pillager, 1, 1, 2
870, towns_and_towers:pillager_outpost_beach, HEADING, header:ignore, 0, 0, 0
871, towns_and_towers:pillager_outpost_beach, MONSTER, minecraft:pillager, 1, 1, 2
872, towns_and_towers:pillager_outpost_birch_forest, HEADING, header:ignore, 0, 0, 0
873, towns_and_towers:pillager_outpost_birch_forest, MONSTER, minecraft:pillager, 1, 1, 2
874, minecraft:pillager_outpost_dark_forest, HEADING, header:ignore, 0, 0, 0
875, minecraft:pillager_outpost_dark_forest, MONSTER, minecraft:pillager, 3, 1, 1
876, minecraft:pillager_outpost_dark_forest, MONSTER, minecraft:vindicator, 1, 1, 1
877, towns_and_towers:pillager_outpost_desert, HEADING, header:ignore, 0, 0, 0
878, towns_and_towers:pillager_outpost_desert, MONSTER, minecraft:pillager, 1, 1, 2
879, towns_and_towers:pillager_outpost_flower_forest, HEADING, header:ignore, 0, 0, 0
880, towns_and_towers:pillager_outpost_flower_forest, MONSTER, minecraft:pillager, 1, 1, 2
881, minecraft:pillager_outpost_forest, HEADING, header:ignore, 0, 0, 0
882, minecraft:pillager_outpost_forest, MONSTER, minecraft:pillager, 3, 1, 1
883, minecraft:pillager_outpost_forest, MONSTER, minecraft:vindicator, 1, 1, 1
884, towns_and_towers:pillager_outpost_forest, HEADING, header:ignore, 0, 0, 0
885, towns_and_towers:pillager_outpost_forest, MONSTER, minecraft:pillager, 1, 1, 2
886, towns_and_towers:pillager_outpost_grove, HEADING, header:ignore, 0, 0, 0
887, towns_and_towers:pillager_outpost_grove, MONSTER, minecraft:pillager, 1, 1, 2
888, towns_and_towers:pillager_outpost_jungle, HEADING, header:ignore, 0, 0, 0
889, towns_and_towers:pillager_outpost_jungle, MONSTER, minecraft:pillager, 1, 1, 2
890, minecraft:pillager_outpost_mangrove, HEADING, header:ignore, 0, 0, 0
891, minecraft:pillager_outpost_mangrove, MONSTER, minecraft:pillager, 3, 1, 1
892, minecraft:pillager_outpost_mangrove, MONSTER, minecraft:vindicator, 1, 1, 1
893, towns_and_towers:pillager_outpost_meadow, HEADING, header:ignore, 0, 0, 0
894, towns_and_towers:pillager_outpost_meadow, MONSTER, minecraft:pillager, 1, 1, 2
895, towns_and_towers:pillager_outpost_mushroom_fields, HEADING, header:ignore, 0, 0, 0
896, towns_and_towers:pillager_outpost_ocean, HEADING, header:ignore, 0, 0, 0
897, towns_and_towers:pillager_outpost_ocean, MONSTER, minecraft:pillager, 1, 1, 2
898, towns_and_towers:pillager_outpost_old_growth_taiga, HEADING, header:ignore, 0, 0, 0
899, towns_and_towers:pillager_outpost_old_growth_taiga, MONSTER, minecraft:pillager, 1, 1, 2
900, towns_and_towers:pillager_outpost_savanna, HEADING, header:ignore, 0, 0, 0
901, towns_and_towers:pillager_outpost_savanna, MONSTER, minecraft:pillager, 1, 1, 2
902, towns_and_towers:pillager_outpost_savanna_plateau, HEADING, header:ignore, 0, 0, 0
903, towns_and_towers:pillager_outpost_savanna_plateau, MONSTER, minecraft:pillager, 1, 1, 2
904, towns_and_towers:pillager_outpost_snowy_beach, HEADING, header:ignore, 0, 0, 0
905, towns_and_towers:pillager_outpost_snowy_beach, MONSTER, minecraft:pillager, 1, 1, 2
906, towns_and_towers:pillager_outpost_snowy_plains, HEADING, header:ignore, 0, 0, 0
907, towns_and_towers:pillager_outpost_snowy_plains, MONSTER, minecraft:pillager, 1, 1, 2
908, towns_and_towers:pillager_outpost_snowy_slopes, HEADING, header:ignore, 0, 0, 0
909, towns_and_towers:pillager_outpost_snowy_slopes, MONSTER, minecraft:pillager, 1, 1, 2
910, towns_and_towers:pillager_outpost_snowy_taiga, HEADING, header:ignore, 0, 0, 0
911, towns_and_towers:pillager_outpost_snowy_taiga, MONSTER, minecraft:pillager, 1, 1, 2
912, towns_and_towers:pillager_outpost_sparse_jungle, HEADING, header:ignore, 0, 0, 0
913, towns_and_towers:pillager_outpost_sparse_jungle, MONSTER, minecraft:pillager, 1, 1, 2
914, towns_and_towers:pillager_outpost_sunflower_plains, HEADING, header:ignore, 0, 0, 0
915, towns_and_towers:pillager_outpost_sunflower_plains, MONSTER, minecraft:pillager, 1, 1, 2
916, minecraft:pillager_outpost_swamp, HEADING, header:ignore, 0, 0, 0
917, minecraft:pillager_outpost_swamp, MONSTER, minecraft:pillager, 3, 1, 1
918, minecraft:pillager_outpost_swamp, MONSTER, minecraft:vindicator, 1, 1, 1
919, minecraft:pillager_outpost_swamp, MONSTER, minecraft:vindicator, 1, 1, 1
920, towns_and_towers:pillager_outpost_swamp, HEADING, header:ignore, 0, 0, 0
921, towns_and_towers:pillager_outpost_swamp, MONSTER, minecraft:pillager, 1, 1, 2
922, towns_and_towers:pillager_outpost_taiga, HEADING, header:ignore, 0, 0, 0
923, towns_and_towers:pillager_outpost_taiga, MONSTER, minecraft:pillager, 1, 1, 2
924, towns_and_towers:pillager_outpost_wooded_badlands, HEADING, header:ignore, 0, 0, 0
925, towns_and_towers:pillager_outpost_wooded_badlands, MONSTER, minecraft:pillager, 1, 1, 2
926, galosphere:pink_salt_shrine, HEADING, header:ignore, 0, 0, 0
927, incendium:pipeline, HEADING, header:ignore, 0, 0, 0
928, dungeons_arise_seven_seas:pirate_junk, HEADING, header:ignore, 0, 0, 0
929, dungeons_enhanced:pirate_ship, HEADING, header:ignore, 0, 0, 0
930, dungeons_enhanced:pirate_ship, MONSTER, minecraft:pillager, 4, 3, 4
931, dungeons_enhanced:pirate_ship, MONSTER, minecraft:vindicator, 3, 1, 2
932, mes:placid_prairie, HEADING, header:ignore, 0, 0, 0
933, dungeons_arise:plague_asylum, HEADING, header:ignore, 0, 0, 0
934, valhelsia_structures:player_house, HEADING, header:ignore, 0, 0, 0
935, hopo:portal, HEADING, header:ignore, 0, 0, 0
936, hopo:portal_deepslate, HEADING, header:ignore, 0, 0, 0
937, hopo:portal_dripstone, HEADING, header:ignore, 0, 0, 0
938, hopo:portal_lush, HEADING, header:ignore, 0, 0, 0
939, ati_structures:pufferfish_cave, HEADING, header:ignore, 0, 0, 0
940, philipsruins:pumpkin_ruins, HEADING, header:ignore, 0, 0, 0
941, philipsruins:pumpkin_ruins, MONSTER, minecraft:skeleton, 10, 2, 10
942, philipsruins:pumpkin_ruins, MONSTER, minecraft:zombie, 12, 5, 12
943, medievalend:pyramid, HEADING, header:ignore, 0, 0, 0
944, repurposed_structures:pyramid_badlands, HEADING, header:ignore, 0, 0, 0
945, repurposed_structures:pyramid_dark_forest, HEADING, header:ignore, 0, 0, 0
946, repurposed_structures:pyramid_end, HEADING, header:ignore, 0, 0, 0
947, repurposed_structures:pyramid_flower_forest, HEADING, header:ignore, 0, 0, 0
948, repurposed_structures:pyramid_giant_tree_taiga, HEADING, header:ignore, 0, 0, 0
949, repurposed_structures:pyramid_icy, HEADING, header:ignore, 0, 0, 0
950, repurposed_structures:pyramid_jungle, HEADING, header:ignore, 0, 0, 0
951, repurposed_structures:pyramid_mushroom, HEADING, header:ignore, 0, 0, 0
952, repurposed_structures:pyramid_nether, HEADING, header:ignore, 0, 0, 0
953, repurposed_structures:pyramid_ocean, HEADING, header:ignore, 0, 0, 0
954, repurposed_structures:pyramid_snowy, HEADING, header:ignore, 0, 0, 0
955, ati_structures:quarry, HEADING, header:ignore, 0, 0, 0
956, incendium:quartz_kitchen, HEADING, header:ignore, 0, 0, 0
957, formationsnether:quartz_spikes, HEADING, header:ignore, 0, 0, 0
958, formationsoverworld:raft, HEADING, header:ignore, 0, 0, 0
959, mvs:railway, HEADING, header:ignore, 0, 0, 0
960, philipsruins:rare_ruin, HEADING, header:ignore, 0, 0, 0
961, dungeons_and_combat:remanent_camp, HEADING, header:ignore, 0, 0, 0
962, dungeons_and_combat:remanent_watch_tower, HEADING, header:ignore, 0, 0, 0
963, formationsnether:respawn_anchor_altar, HEADING, header:ignore, 0, 0, 0
964, feur_extension_fossil:rex_camp, HEADING, header:ignore, 0, 0, 0
965, formationsnether:rib_cage, HEADING, header:ignore, 0, 0, 0
966, ribbits:ribbit_village, HEADING, header:ignore, 0, 0, 0
967, beachparty:ritual_circle, HEADING, header:ignore, 0, 0, 0
968, ati_structures:rotten_log, HEADING, header:ignore, 0, 0, 0
969, ati_structures:rotting_temple, HEADING, header:ignore, 0, 0, 0
970, ati_structures:rotting_temple, MONSTER, minecraft:zombie, 1, 1, 3
971, ati_structures:rotting_temple_underground, HEADING, header:ignore, 0, 0, 0
972, ati_structures:rotting_temple_underground, MONSTER, minecraft:zombie, 1, 1, 3
973, nova_structures:ruin_town, HEADING, header:ignore, 0, 0, 0
974, dungeons_enhanced:ruined_building, HEADING, header:ignore, 0, 0, 0
975, ati_structures:ruined_castle, HEADING, header:ignore, 0, 0, 0
976, cataclysm:ruined_citadel, HEADING, header:ignore, 0, 0, 0
977, cataclysm:ruined_citadel, MONSTER, cataclysm:endermaptera, 3, 1, 1
978, incendium:ruined_lab, HEADING, header:ignore, 0, 0, 0
979, mes:ruined_pillar, HEADING, header:ignore, 0, 0, 0
980, minecraft:ruined_portal, HEADING, header:ignore, 0, 0, 0
981, minecraft:ruined_portal_desert, HEADING, header:ignore, 0, 0, 0
982, repurposed_structures:ruined_portal_end, HEADING, header:ignore, 0, 0, 0
983, minecraft:ruined_portal_jungle, HEADING, header:ignore, 0, 0, 0
984, minecraft:ruined_portal_mountain, HEADING, header:ignore, 0, 0, 0
985, minecraft:ruined_portal_nether, HEADING, header:ignore, 0, 0, 0
986, minecraft:ruined_portal_ocean, HEADING, header:ignore, 0, 0, 0
987, minecraft:ruined_portal_swamp, HEADING, header:ignore, 0, 0, 0
988, legendary_monsters:ruined_pyramid, HEADING, header:ignore, 0, 0, 0
989, legendary_monsters:ruined_pyramid, MONSTER, legendary_monsters:bomber, 1, 1, 1
990, explorify:ruins, HEADING, header:ignore, 0, 0, 0
991, mvs:ruins/castle_ruins, HEADING, header:ignore, 0, 0, 0
992, mvs:ruins/log_ruin, HEADING, header:ignore, 0, 0, 0
993, mvs:ruins/ruined_beacon, HEADING, header:ignore, 0, 0, 0
994, mvs:ruins/small_ruin, HEADING, header:ignore, 0, 0, 0
995, mvs:ruins/statue_ruins, HEADING, header:ignore, 0, 0, 0
996, mvs:ruins/stone_pillars, HEADING, header:ignore, 0, 0, 0
997, mvs:ruins/tree_monument, HEADING, header:ignore, 0, 0, 0
998, repurposed_structures:ruins_land_cold, HEADING, header:ignore, 0, 0, 0
999, repurposed_structures:ruins_land_hot, HEADING, header:ignore, 0, 0, 0
1000, repurposed_structures:ruins_land_icy, HEADING, header:ignore, 0, 0, 0
1001, repurposed_structures:ruins_land_warm, HEADING, header:ignore, 0, 0, 0
1002, repurposed_structures:ruins_nether, HEADING, header:ignore, 0, 0, 0
1003, betterarcheology:ruins_sand, HEADING, header:ignore, 0, 0, 0
1004, incendium:sanctum, HEADING, header:ignore, 0, 0, 0
1005, netherexp:sanctum, HEADING, header:ignore, 0, 0, 0
1006, netherexp:sanctum, MONSTER, minecraft:skeleton, 10, 1, 3
1007, netherexp:sanctum, MONSTER, netherexp:vessel, 5, 1, 2
1008, netherexp:sanctum, MONSTER, netherexp:banshee, 5, 1, 1
1009, netherexp:sanctum, MONSTER, netherexp:apparition, 7, 1, 1
1010, dungeons_arise:scorched_mines, HEADING, header:ignore, 0, 0, 0
1011, ati_structures:sculk_deposit, HEADING, header:ignore, 0, 0, 0
1012, philipsruins:sculk_dungeon, HEADING, header:ignore, 0, 0, 0
1013, philipsruins:sealedruinedghaststatue1, HEADING, header:ignore, 0, 0, 0
1014, mvs:shed, HEADING, header:ignore, 0, 0, 0
1015, aquamirae:shelter, HEADING, header:ignore, 0, 0, 0
1016, aquamirae:ship, HEADING, header:ignore, 0, 0, 0
1017, aquamirae:ship, MONSTER, minecraft:pillager, 10, 1, 2
1018, aquamirae:ship, MONSTER, minecraft:vindicator, 5, 1, 1
1019, medieval_buildings:ship, HEADING, header:ignore, 0, 0, 0
1020, medievalend:ship, HEADING, header:ignore, 0, 0, 0
1021, minecraft:shipwreck, HEADING, header:ignore, 0, 0, 0
1022, minecraft:shipwreck, MONSTER, alexsmobs:skelewag, 15, 1, 2
1023, minecraft:shipwreck_beached, HEADING, header:ignore, 0, 0, 0
1024, repurposed_structures:shipwreck_crimson, HEADING, header:ignore, 0, 0, 0
1025, repurposed_structures:shipwreck_crimson, MONSTER, minecraft:wither_skeleton, 10, 1, 1
1026, repurposed_structures:shipwreck_end, HEADING, header:ignore, 0, 0, 0
1027, repurposed_structures:shipwreck_nether_bricks, HEADING, header:ignore, 0, 0, 0
1028, repurposed_structures:shipwreck_nether_bricks, MONSTER, minecraft:wither_skeleton, 10, 1, 1
1029, repurposed_structures:shipwreck_warped, HEADING, header:ignore, 0, 0, 0
1030, repurposed_structures:shipwreck_warped, MONSTER, minecraft:wither_skeleton, 10, 1, 1
1031, dungeons_arise:shiraz_palace, HEADING, header:ignore, 0, 0, 0
1032, medievalend:shrine, HEADING, header:ignore, 0, 0, 0
1033, legendary_monsters:shulker_tower, HEADING, header:ignore, 0, 0, 0
1034, ati_structures:silverfish_nest, HEADING, header:ignore, 0, 0, 0
1035, ati_structures:sinking_temple, HEADING, header:ignore, 0, 0, 0
1036, ati_structures:sinking_temple, MONSTER, minecraft:drowned, 1, 1, 2
1037, nova_structures:skeleton_camp_crimson, HEADING, header:ignore, 0, 0, 0
1038, nova_structures:skeleton_camp_soul, HEADING, header:ignore, 0, 0, 0
1039, nova_structures:skeleton_camp_warped, HEADING, header:ignore, 0, 0, 0
1040, nova_structures:skeleton_camp_waste, HEADING, header:ignore, 0, 0, 0
1041, betterdungeons:skeleton_dungeon, HEADING, header:ignore, 0, 0, 0
1042, betterdungeons:skeleton_dungeon, MONSTER, minecraft:skeleton, 100, 4, 15
1043, legendary_monsters:skeletosaurus_nest, HEADING, header:ignore, 0, 0, 0
1044, feur_extension_fossil:skull_camp, HEADING, header:ignore, 0, 0, 0
1045, skyarena:sky_arena, HEADING, header:ignore, 0, 0, 0
1046, skyvillages:skyvillage, HEADING, header:ignore, 0, 0, 0
1047, dungeons_arise:small_blimp, HEADING, header:ignore, 0, 0, 0
1048, feur_extension_fossil:small_coal_rex_camp, HEADING, header:ignore, 0, 0, 0
1049, betterdungeons:small_dungeon, HEADING, header:ignore, 0, 0, 0
1050, formationsnether:small_fire_arena, HEADING, header:ignore, 0, 0, 0
1051, formationsoverworld:small_house, HEADING, header:ignore, 0, 0, 0
1052, ati_structures:small_keep, HEADING, header:ignore, 0, 0, 0
1053, formationsnether:small_lava_arena, HEADING, header:ignore, 0, 0, 0
1054, formationsnether:small_lava_shrine, HEADING, header:ignore, 0, 0, 0
1055, betterdungeons:small_nether_dungeon, HEADING, header:ignore, 0, 0, 0
1056, formationsnether:small_pedestal, HEADING, header:ignore, 0, 0, 0
1057, mvs:small_pillager_tower, HEADING, header:ignore, 0, 0, 0
1058, dungeons_arise:small_prairie_house, HEADING, header:ignore, 0, 0, 0
1059, feur_extension_fossil:small_rex_camp, HEADING, header:ignore, 0, 0, 0
1060, mvs:small_ship, HEADING, header:ignore, 0, 0, 0
1061, formationsoverworld:small_statue, HEADING, header:ignore, 0, 0, 0
1062, formationsoverworld:small_temple, HEADING, header:ignore, 0, 0, 0
1063, dungeons_arise_seven_seas:small_yacht, HEADING, header:ignore, 0, 0, 0
1064, snowy_tents:snowy_tent, HEADING, header:ignore, 0, 0, 0
1065, cataclysm:soul_black_smith, HEADING, header:ignore, 0, 0, 0
1066, legendary_monsters:soul_fortress_remains, HEADING, header:ignore, 0, 0, 0
1067, valhelsia_structures:spawner_dungeon, HEADING, header:ignore, 0, 0, 0
1068, valhelsia_structures:spawner_room, HEADING, header:ignore, 0, 0, 0
1069, formationsnether:sphere_cage, HEADING, header:ignore, 0, 0, 0
1070, betterdungeons:spider_dungeon, HEADING, header:ignore, 0, 0, 0
1071, betterdungeons:spider_dungeon, MONSTER, minecraft:spider, 100, 4, 15
1072, betterdungeons:spider_dungeon, MONSTER, minecraft:cave_spider, 50, 4, 8
1073, ati_structures:spider_nest, HEADING, header:ignore, 0, 0, 0
1074, ati_structures:spider_nest, MONSTER, minecraft:spider, 1, 1, 3
1075, ati_structures:spider_nest, MONSTER, minecraft:cave_spider, 1, 1, 2
1076, dungeons_enhanced:stables, HEADING, header:ignore, 0, 0, 0
1077, mvs:stall/blue_stall, HEADING, header:ignore, 0, 0, 0
1078, mvs:stall/orange_stall, HEADING, header:ignore, 0, 0, 0
1079, mvs:stall/pink_stall, HEADING, header:ignore, 0, 0, 0
1080, mvs:stall/red_stall, HEADING, header:ignore, 0, 0, 0
1081, mes:starlight_voyager, HEADING, header:ignore, 0, 0, 0
1082, philipsruins:start_nether_dungeon, HEADING, header:ignore, 0, 0, 0
1083, philipsruins:start_nether_ruin, HEADING, header:ignore, 0, 0, 0
1084, ati_structures:steam_house, HEADING, header:ignore, 0, 0, 0
1085, mvs:stone_fountain, HEADING, header:ignore, 0, 0, 0
1086, formationsoverworld:stone_ore_spikes, HEADING, header:ignore, 0, 0, 0
1087, formationsoverworld:stone_tower, HEADING, header:ignore, 0, 0, 0
1088, betterarcheology:stonehenge_grassy, HEADING, header:ignore, 0, 0, 0
1089, ati_structures:storage_house, HEADING, header:ignore, 0, 0, 0
1090, ati_structures:storage_shack, HEADING, header:ignore, 0, 0, 0
1091, nova_structures:stray_fort, HEADING, header:ignore, 0, 0, 0
1092, nova_structures:stray_fort, MONSTER, minecraft:stray, 1, 1, 32
1093, ati_structures:stray_ruins, HEADING, header:ignore, 0, 0, 0
1094, betterstrongholds:stronghold, HEADING, header:ignore, 0, 0, 0
1095, minecraft:stronghold, HEADING, header:ignore, 0, 0, 0
1096, minecraft:stronghold_big, HEADING, header:ignore, 0, 0, 0
1097, repurposed_structures:stronghold_end, HEADING, header:ignore, 0, 0, 0
1098, repurposed_structures:stronghold_end, MONSTER, minecraft:endermite, 100, 2, 4
1099, repurposed_structures:stronghold_nether, HEADING, header:ignore, 0, 0, 0
1100, repurposed_structures:stronghold_nether, MONSTER, minecraft:blaze, 10, 2, 3
1101, repurposed_structures:stronghold_nether, MONSTER, minecraft:zombified_piglin, 3, 4, 4
1102, repurposed_structures:stronghold_nether, MONSTER, minecraft:wither_skeleton, 10, 5, 5
1103, repurposed_structures:stronghold_nether, MONSTER, minecraft:skeleton, 2, 5, 5
1104, repurposed_structures:stronghold_nether, MONSTER, minecraft:magma_cube, 3, 4, 4
1105, cataclysm:sunken_city, HEADING, header:ignore, 0, 0, 0
1106, dungeons_enhanced:sunken_shrine, HEADING, header:ignore, 0, 0, 0
1107, mvs:sunzi_gate, HEADING, header:ignore, 0, 0, 0
1108, explorify:supply_cache/birch, HEADING, header:ignore, 0, 0, 0
1109, explorify:supply_cache/dark, HEADING, header:ignore, 0, 0, 0
1110, explorify:supply_cache/desert, HEADING, header:ignore, 0, 0, 0
1111, explorify:supply_cache/forest, HEADING, header:ignore, 0, 0, 0
1112, explorify:supply_cache/jungle, HEADING, header:ignore, 0, 0, 0
1113, explorify:supply_cache/mangrove, HEADING, header:ignore, 0, 0, 0
1114, explorify:supply_cache/taiga, HEADING, header:ignore, 0, 0, 0
1115, minecraft:swamp_hut, HEADING, header:ignore, 0, 0, 0
1116, minecraft:swamp_hut, MONSTER, minecraft:witch, 1, 1, 1
1117, dungeons_enhanced:tall_witch_hut, HEADING, header:ignore, 0, 0, 0
1118, ati_structures:tavern, HEADING, header:ignore, 0, 0, 0
1119, dungeons_and_combat:tavern, HEADING, header:ignore, 0, 0, 0
1120, explorify:tavern, HEADING, header:ignore, 0, 0, 0
1121, nova_structures:tavern_acacia, HEADING, header:ignore, 0, 0, 0
1122, nova_structures:tavern_birch, HEADING, header:ignore, 0, 0, 0
1123, nova_structures:tavern_cherry, HEADING, header:ignore, 0, 0, 0
1124, nova_structures:tavern_dark_oak, HEADING, header:ignore, 0, 0, 0
1125, nova_structures:tavern_desert, HEADING, header:ignore, 0, 0, 0
1126, nova_structures:tavern_jungle, HEADING, header:ignore, 0, 0, 0
1127, nova_structures:tavern_mangrove, HEADING, header:ignore, 0, 0, 0
1128, nova_structures:tavern_oak, HEADING, header:ignore, 0, 0, 0
1129, nova_structures:tavern_snowy, HEADING, header:ignore, 0, 0, 0
1130, nova_structures:tavern_spruce, HEADING, header:ignore, 0, 0, 0
1131, nova_structures:tavern_swamp, HEADING, header:ignore, 0, 0, 0
1132, betterarcheology:temple_jungle, HEADING, header:ignore, 0, 0, 0
1133, repurposed_structures:temple_nether_basalt, HEADING, header:ignore, 0, 0, 0
1134, repurposed_structures:temple_nether_crimson, HEADING, header:ignore, 0, 0, 0
1135, repurposed_structures:temple_nether_soul, HEADING, header:ignore, 0, 0, 0
1136, repurposed_structures:temple_nether_warped, HEADING, header:ignore, 0, 0, 0
1137, repurposed_structures:temple_nether_wasteland, HEADING, header:ignore, 0, 0, 0
1138, repurposed_structures:temple_ocean, HEADING, header:ignore, 0, 0, 0
1139, repurposed_structures:temple_taiga, HEADING, header:ignore, 0, 0, 0
1140, dungeons_and_combat:the_blacksmith_house, HEADING, header:ignore, 0, 0, 0
1141, dungeons_and_combat:the_catacumbs_lugubrious, HEADING, header:ignore, 0, 0, 0
1142, dungeons_and_combat:the_cathedral, HEADING, header:ignore, 0, 0, 0
1143, dungeons_and_combat:the_church, HEADING, header:ignore, 0, 0, 0
1144, dungeons_and_combat:the_field_of_the_fallen, HEADING, header:ignore, 0, 0, 0
1145, dungeons_and_combat:the_forgotten_sands, HEADING, header:ignore, 0, 0, 0
1146, dungeons_and_combat:the_pantheon_of_sunleia, HEADING, header:ignore, 0, 0, 0
1147, dungeons_and_combat:the_ruins_of_kamath, HEADING, header:ignore, 0, 0, 0
1148, dungeons_and_combat:the_tower_of_eldrich, HEADING, header:ignore, 0, 0, 0
1149, dungeons_arise:thornborn_towers, HEADING, header:ignore, 0, 0, 0
1150, formationsoverworld:tiny_house, HEADING, header:ignore, 0, 0, 0
1151, medieval_buildings:tower, HEADING, header:ignore, 0, 0, 0
1152, dungeons_enhanced:tower_of_the_undead, HEADING, header:ignore, 0, 0, 0
1153, formationsoverworld:tower_remnant, HEADING, header:ignore, 0, 0, 0
1154, valhelsia_structures:tower_ruin, HEADING, header:ignore, 0, 0, 0
1155, minecraft:trail_ruins, HEADING, header:ignore, 0, 0, 0
1156, dungeons_enhanced:tree_house, HEADING, header:ignore, 0, 0, 0
1157, trials:trials_chambers, HEADING, header:ignore, 0, 0, 0
1158, betterarcheology:tumulus_grassy, HEADING, header:ignore, 0, 0, 0
1159, dungeons_arise:typhon, HEADING, header:ignore, 0, 0, 0
1160, mowziesmobs:umvuthana_grove, HEADING, header:ignore, 0, 0, 0
1161, nova_structures:undead_crypt, HEADING, header:ignore, 0, 0, 0
1162, dungeons_arise:undead_pirate_ship, HEADING, header:ignore, 0, 0, 0
1163, nova_structures:underground_house, HEADING, header:ignore, 0, 0, 0
1164, ati_structures:underground_monument, HEADING, header:ignore, 0, 0, 0
1165, philipsruins:underground_structures, HEADING, header:ignore, 0, 0, 0
1166, philipsruins:underground_structures, MONSTER, minecraft:wither_skeleton, 1, 1, 5
1167, betterarcheology:underwater_0, HEADING, header:ignore, 0, 0, 0
1168, betterarcheology:underwater_1, HEADING, header:ignore, 0, 0, 0
1169, betterarcheology:underwater_2, HEADING, header:ignore, 0, 0, 0
1170, betterarcheology:underwater_3, HEADING, header:ignore, 0, 0, 0
1171, ati_structures:underwater_dungeon, HEADING, header:ignore, 0, 0, 0
1172, ati_structures:underwater_dungeon, MONSTER, minecraft:drowned, 2, 1, 2
1173, ati_structures:underwater_dungeon, MONSTER, minecraft:guardian, 1, 1, 2
1174, alekiships:unfinished_rowboat_birch, HEADING, header:ignore, 0, 0, 0
1175, alekiships:unfinished_rowboat_cherry, HEADING, header:ignore, 0, 0, 0
1176, alekiships:unfinished_rowboat_dark_oak, HEADING, header:ignore, 0, 0, 0
1177, alekiships:unfinished_rowboat_oak, HEADING, header:ignore, 0, 0, 0
1178, alekiships:unfinished_rowboat_spruce, HEADING, header:ignore, 0, 0, 0
1179, alekiships:unfinished_sloop_birch, HEADING, header:ignore, 0, 0, 0
1180, alekiships:unfinished_sloop_cherry, HEADING, header:ignore, 0, 0, 0
1181, alekiships:unfinished_sloop_dark_oak, HEADING, header:ignore, 0, 0, 0
1182, alekiships:unfinished_sloop_oak, HEADING, header:ignore, 0, 0, 0
1183, alekiships:unfinished_sloop_spruce, HEADING, header:ignore, 0, 0, 0
1184, dungeons_arise_seven_seas:unicorn_galleon, HEADING, header:ignore, 0, 0, 0
1185, dungeons_arise_seven_seas:victory_frigate, HEADING, header:ignore, 0, 0, 0
1186, trek:village/desert, HEADING, header:ignore, 0, 0, 0
1187, trek:village/mushroom, HEADING, header:ignore, 0, 0, 0
1188, trek:village/plains, HEADING, header:ignore, 0, 0, 0
1189, trek:village/savanna, HEADING, header:ignore, 0, 0, 0
1190, trek:village/snowy, HEADING, header:ignore, 0, 0, 0
1191, trek:village/swamp, HEADING, header:ignore, 0, 0, 0
1192, trek:village/taiga, HEADING, header:ignore, 0, 0, 0
1193, repurposed_structures:village_badlands, HEADING, header:ignore, 0, 0, 0
1194, towns_and_towers:village_badlands, HEADING, header:ignore, 0, 0, 0
1195, repurposed_structures:village_bamboo, HEADING, header:ignore, 0, 0, 0
1196, towns_and_towers:village_beach, HEADING, header:ignore, 0, 0, 0
1197, repurposed_structures:village_birch, HEADING, header:ignore, 0, 0, 0
1198, towns_and_towers:village_birch_forest, HEADING, header:ignore, 0, 0, 0
1199, repurposed_structures:village_cherry, HEADING, header:ignore, 0, 0, 0
1200, repurposed_structures:village_crimson, HEADING, header:ignore, 0, 0, 0
1201, repurposed_structures:village_dark_forest, HEADING, header:ignore, 0, 0, 0
1202, minecraft:village_desert, HEADING, header:ignore, 0, 0, 0
1203, towns_and_towers:village_flower_forest, HEADING, header:ignore, 0, 0, 0
1204, towns_and_towers:village_forest, HEADING, header:ignore, 0, 0, 0
1205, repurposed_structures:village_giant_taiga, HEADING, header:ignore, 0, 0, 0
1206, towns_and_towers:village_grove, HEADING, header:ignore, 0, 0, 0
1207, nova_structures:village_jungle, HEADING, header:ignore, 0, 0, 0
1208, repurposed_structures:village_jungle, HEADING, header:ignore, 0, 0, 0
1209, towns_and_towers:village_jungle, HEADING, header:ignore, 0, 0, 0
1210, towns_and_towers:village_meadow, HEADING, header:ignore, 0, 0, 0
1211, repurposed_structures:village_mountains, HEADING, header:ignore, 0, 0, 0
1212, repurposed_structures:village_mushroom, HEADING, header:ignore, 0, 0, 0
1213, towns_and_towers:village_mushroom_fields, HEADING, header:ignore, 0, 0, 0
1214, repurposed_structures:village_oak, HEADING, header:ignore, 0, 0, 0
1215, repurposed_structures:village_ocean, HEADING, header:ignore, 0, 0, 0
1216, towns_and_towers:village_ocean, HEADING, header:ignore, 0, 0, 0
1217, towns_and_towers:village_old_growth_taiga, HEADING, header:ignore, 0, 0, 0
1218, minecraft:village_plains, HEADING, header:ignore, 0, 0, 0
1219, minecraft:village_savanna, HEADING, header:ignore, 0, 0, 0
1220, towns_and_towers:village_savanna_plateau, HEADING, header:ignore, 0, 0, 0
1221, minecraft:village_snowy, HEADING, header:ignore, 0, 0, 0
1222, towns_and_towers:village_snowy_slopes, HEADING, header:ignore, 0, 0, 0
1223, towns_and_towers:village_snowy_taiga, HEADING, header:ignore, 0, 0, 0
1224, towns_and_towers:village_sparse_jungle, HEADING, header:ignore, 0, 0, 0
1225, towns_and_towers:village_sunflower_plains, HEADING, header:ignore, 0, 0, 0
1226, nova_structures:village_swamp, HEADING, header:ignore, 0, 0, 0
1227, repurposed_structures:village_swamp, HEADING, header:ignore, 0, 0, 0
1228, towns_and_towers:village_swamp, HEADING, header:ignore, 0, 0, 0
1229, minecraft:village_taiga, HEADING, header:ignore, 0, 0, 0
1230, repurposed_structures:village_warped, HEADING, header:ignore, 0, 0, 0
1231, towns_and_towers:village_wooded_badlands, HEADING, header:ignore, 0, 0, 0
1232, betterarcheology:villager_grave, HEADING, header:ignore, 0, 0, 0
1233, ati_structures:villager_inn, HEADING, header:ignore, 0, 0, 0
1234, bosses_of_mass_destruction:void_blossom, HEADING, header:ignore, 0, 0, 0
1235, formationsoverworld:wagon, HEADING, header:ignore, 0, 0, 0
1236, ati_structures:warden_monument, HEADING, header:ignore, 0, 0, 0
1237, legendary_monsters:warped_fungussus_nest, HEADING, header:ignore, 0, 0, 0
1238, dungeons_enhanced:watch_tower, HEADING, header:ignore, 0, 0, 0
1239, explorify:watchtower/plains, HEADING, header:ignore, 0, 0, 0
1240, explorify:watchtower/savanna, HEADING, header:ignore, 0, 0, 0
1241, explorify:watchtower/taiga, HEADING, header:ignore, 0, 0, 0
1242, supplementaries:way_sign, HEADING, header:ignore, 0, 0, 0
1243, formationsoverworld:well, HEADING, header:ignore, 0, 0, 0
1244, mvs:well/rare_well, HEADING, header:ignore, 0, 0, 0
1245, mvs:well/small_copper_well, HEADING, header:ignore, 0, 0, 0
1246, mvs:well/small_tower_well, HEADING, header:ignore, 0, 0, 0
1247, mvs:well/small_well, HEADING, header:ignore, 0, 0, 0
1248, mvs:well/well, HEADING, header:ignore, 0, 0, 0
1249, mvs:well/wells/acacia_well, HEADING, header:ignore, 0, 0, 0
1250, mvs:well/wells/birch_well, HEADING, header:ignore, 0, 0, 0
1251, mvs:well/wells/dark_oak_well, HEADING, header:ignore, 0, 0, 0
1252, mvs:well/wells/desert_well, HEADING, header:ignore, 0, 0, 0
1253, mvs:well/wells/end_well, HEADING, header:ignore, 0, 0, 0
1254, mvs:well/wells/jungle_well, HEADING, header:ignore, 0, 0, 0
1255, mvs:well/wells/mushroom_well, HEADING, header:ignore, 0, 0, 0
1256, mvs:well/wells/nether_well, HEADING, header:ignore, 0, 0, 0
1257, mvs:well/wells/oak_well, HEADING, header:ignore, 0, 0, 0
1258, mvs:well/wells/rocky_well, HEADING, header:ignore, 0, 0, 0
1259, mvs:well/wells/snowy_well, HEADING, header:ignore, 0, 0, 0
1260, mvs:well/wells/spruce_well, HEADING, header:ignore, 0, 0, 0
1261, nova_structures:well_birch, HEADING, header:ignore, 0, 0, 0
1262, nova_structures:well_dark_oak, HEADING, header:ignore, 0, 0, 0
1263, nova_structures:well_jungle, HEADING, header:ignore, 0, 0, 0
1264, nova_structures:well_oak, HEADING, header:ignore, 0, 0, 0
1265, nova_structures:well_savana, HEADING, header:ignore, 0, 0, 0
1266, nova_structures:well_spruce, HEADING, header:ignore, 0, 0, 0
1267, nova_structures:wild_ruin, HEADING, header:ignore, 0, 0, 0
1268, dungeons_arise:wishing_well, HEADING, header:ignore, 0, 0, 0
1269, betterwitchhuts:witch_circle, HEADING, header:ignore, 0, 0, 0
1270, betterwitchhuts:witch_circle, MONSTER, minecraft:witch, 1, 1, 1
1271, betterwitchhuts:witch_circle, CREATURE, minecraft:cat, 1, 1, 1
1272, dungeons_and_combat:witch_hermit_house, HEADING, header:ignore, 0, 0, 0
1273, betterwitchhuts:witch_hut, HEADING, header:ignore, 0, 0, 0
1274, betterwitchhuts:witch_hut, MONSTER, minecraft:witch, 1, 1, 1
1275, betterwitchhuts:witch_hut, CREATURE, minecraft:cat, 1, 1, 1
1276, hexerei:witch_hut, HEADING, header:ignore, 0, 0, 0
1277, valhelsia_structures:witch_hut, HEADING, header:ignore, 0, 0, 0
1278, valhelsia_structures:witch_hut, MONSTER, minecraft:witch, 1, 1, 1
1279, valhelsia_structures:witch_hut, CREATURE, minecraft:cat, 1, 1, 1
1280, repurposed_structures:witch_hut_birch, HEADING, header:ignore, 0, 0, 0
1281, repurposed_structures:witch_hut_birch, MONSTER, minecraft:witch, 1, 1, 1
1282, repurposed_structures:witch_hut_birch, CREATURE, minecraft:cat, 1, 1, 1
1283, repurposed_structures:witch_hut_dark_forest, HEADING, header:ignore, 0, 0, 0
1284, repurposed_structures:witch_hut_dark_forest, MONSTER, minecraft:witch, 1, 1, 1
1285, repurposed_structures:witch_hut_dark_forest, CREATURE, minecraft:cat, 1, 1, 1
1286, repurposed_structures:witch_hut_giant_tree_taiga, HEADING, header:ignore, 0, 0, 0
1287, repurposed_structures:witch_hut_giant_tree_taiga, MONSTER, minecraft:witch, 1, 1, 1
1288, repurposed_structures:witch_hut_giant_tree_taiga, CREATURE, minecraft:cat, 1, 1, 1
1289, repurposed_structures:witch_hut_mangrove, HEADING, header:ignore, 0, 0, 0
1290, repurposed_structures:witch_hut_mangrove, MONSTER, minecraft:witch, 1, 1, 1
1291, repurposed_structures:witch_hut_mangrove, CREATURE, minecraft:cat, 1, 1, 1
1292, repurposed_structures:witch_hut_oak, HEADING, header:ignore, 0, 0, 0
1293, repurposed_structures:witch_hut_oak, MONSTER, minecraft:witch, 1, 1, 1
1294, repurposed_structures:witch_hut_oak, CREATURE, minecraft:cat, 1, 1, 1
1295, repurposed_structures:witch_hut_taiga, HEADING, header:ignore, 0, 0, 0
1296, repurposed_structures:witch_hut_taiga, MONSTER, minecraft:witch, 1, 1, 1
1297, repurposed_structures:witch_hut_taiga, CREATURE, minecraft:cat, 1, 1, 1
1298, dungeons_enhanced:witch_tower, HEADING, header:ignore, 0, 0, 0
1299, formationsoverworld:witch_tower, HEADING, header:ignore, 0, 0, 0
1300, nova_structures:witch_villa, HEADING, header:ignore, 0, 0, 0
1301, ati_structures:wither_cavern, HEADING, header:ignore, 0, 0, 0
1302, ati_structures:wither_keep, HEADING, header:ignore, 0, 0, 0
1303, ati_structures:woodland_keep, HEADING, header:ignore, 0, 0, 0
1304, towns_and_towers:wreckage_ocean, HEADING, header:ignore, 0, 0, 0
1305, mowziesmobs:wrought_chamber, HEADING, header:ignore, 0, 0, 0
1306, betterdungeons:zombie_dungeon, HEADING, header:ignore, 0, 0, 0
1307, betterdungeons:zombie_dungeon, MONSTER, minecraft:zombie, 100, 4, 15
